2026-01-06 10:05:25 DEBUG c.e.trainerintake.security.JwtFilter - Filter 'jwtFilter' configured for use
2026-01-06 10:06:07 INFO  c.e.trainerintake.security.JwtFilter - ?? Incoming request path: /auth/login
2026-01-06 10:06:07 DEBUG c.e.trainerintake.security.JwtFilter - ?? Skipping JWT filter for path: /auth/login
2026-01-06 10:06:09 INFO  c.e.trainerintake.security.JwtFilter - ?? Incoming request path: /auth/me
2026-01-06 10:06:09 DEBUG c.e.trainerintake.security.JwtFilter - ? Found Authorization header, token extracted
2026-01-06 10:06:09 INFO  c.e.trainerintake.security.JwtFilter - ? Username extracted from JWT: test@gmail.com
2026-01-06 10:06:09 DEBUG c.e.trainerintake.security.JwtFilter - ? Loading UserDetails for: test@gmail.com
2026-01-06 10:06:09 INFO  c.e.trainerintake.security.JwtFilter - ? Loaded UserDetails: test@gmail.com | Authorities: [ROLE_USER]
2026-01-06 10:06:09 INFO  c.e.trainerintake.security.JwtFilter - ? Token validation result for test@gmail.com: true
2026-01-06 10:06:09 INFO  c.e.trainerintake.security.JwtFilter - ? Authentication set in SecurityContext for user: test@gmail.com
2026-01-06 10:06:09 INFO  c.e.trainerintake.security.JwtFilter - ?? Incoming request path: /auth/me
2026-01-06 10:06:09 DEBUG c.e.trainerintake.security.JwtFilter - ? Found Authorization header, token extracted
2026-01-06 10:06:09 INFO  c.e.trainerintake.security.JwtFilter - ? Username extracted from JWT: test@gmail.com
2026-01-06 10:06:09 DEBUG c.e.trainerintake.security.JwtFilter - ? Loading UserDetails for: test@gmail.com
2026-01-06 10:06:09 INFO  c.e.trainerintake.security.JwtFilter - ? Loaded UserDetails: test@gmail.com | Authorities: [ROLE_USER]
2026-01-06 10:06:09 INFO  c.e.trainerintake.security.JwtFilter - ? Token validation result for test@gmail.com: true
2026-01-06 10:06:09 INFO  c.e.trainerintake.security.JwtFilter - ? Authentication set in SecurityContext for user: test@gmail.com
2026-01-06 10:06:13 INFO  c.e.trainerintake.security.JwtFilter - ?? Incoming request path: /survey/questions
2026-01-06 10:06:13 DEBUG c.e.trainerintake.security.JwtFilter - ? Found Authorization header, token extracted
2026-01-06 10:06:13 INFO  c.e.trainerintake.security.JwtFilter - ? Username extracted from JWT: test@gmail.com
2026-01-06 10:06:13 DEBUG c.e.trainerintake.security.JwtFilter - ? Loading UserDetails for: test@gmail.com
2026-01-06 10:06:13 INFO  c.e.trainerintake.security.JwtFilter - ? Loaded UserDetails: test@gmail.com | Authorities: [ROLE_USER]
2026-01-06 10:06:13 INFO  c.e.trainerintake.security.JwtFilter - ? Token validation result for test@gmail.com: true
2026-01-06 10:06:13 INFO  c.e.trainerintake.security.JwtFilter - ? Authentication set in SecurityContext for user: test@gmail.com
2026-01-06 10:06:14 INFO  c.e.trainerintake.security.JwtFilter - ?? Incoming request path: /survey/questions
2026-01-06 10:06:14 DEBUG c.e.trainerintake.security.JwtFilter - ? Found Authorization header, token extracted
2026-01-06 10:06:14 INFO  c.e.trainerintake.security.JwtFilter - ? Username extracted from JWT: test@gmail.com
2026-01-06 10:06:14 DEBUG c.e.trainerintake.security.JwtFilter - ? Loading UserDetails for: test@gmail.com
2026-01-06 10:06:14 INFO  c.e.trainerintake.security.JwtFilter - ? Loaded UserDetails: test@gmail.com | Authorities: [ROLE_USER]
2026-01-06 10:06:14 INFO  c.e.trainerintake.security.JwtFilter - ? Token validation result for test@gmail.com: true
2026-01-06 10:06:14 INFO  c.e.trainerintake.security.JwtFilter - ? Authentication set in SecurityContext for user: test@gmail.com
2026-01-06 10:06:25 INFO  c.e.trainerintake.security.JwtFilter - ?? Incoming request path: /programs/me
2026-01-06 10:06:25 DEBUG c.e.trainerintake.security.JwtFilter - ? Found Authorization header, token extracted
2026-01-06 10:06:25 INFO  c.e.trainerintake.security.JwtFilter - ? Username extracted from JWT: test@gmail.com
2026-01-06 10:06:25 DEBUG c.e.trainerintake.security.JwtFilter - ? Loading UserDetails for: test@gmail.com
2026-01-06 10:06:25 INFO  c.e.trainerintake.security.JwtFilter - ? Loaded UserDetails: test@gmail.com | Authorities: [ROLE_USER]
2026-01-06 10:06:25 INFO  c.e.trainerintake.security.JwtFilter - ? Token validation result for test@gmail.com: true
2026-01-06 10:06:25 INFO  c.e.trainerintake.security.JwtFilter - ? Authentication set in SecurityContext for user: test@gmail.com
2026-01-06 10:06:25 INFO  c.e.trainerintake.security.JwtFilter - ?? Incoming request path: /programs/me
2026-01-06 10:06:25 DEBUG c.e.trainerintake.security.JwtFilter - ? Found Authorization header, token extracted
2026-01-06 10:06:25 INFO  c.e.trainerintake.security.JwtFilter - ? Username extracted from JWT: test@gmail.com
2026-01-06 10:06:25 DEBUG c.e.trainerintake.security.JwtFilter - ? Loading UserDetails for: test@gmail.com
2026-01-06 10:06:25 INFO  c.e.trainerintake.security.JwtFilter - ? Loaded UserDetails: test@gmail.com | Authorities: [ROLE_USER]
2026-01-06 10:06:25 INFO  c.e.trainerintake.security.JwtFilter - ? Token validation result for test@gmail.com: true
2026-01-06 10:06:25 INFO  c.e.trainerintake.security.JwtFilter - ? Authentication set in SecurityContext for user: test@gmail.com
