2026-01-01 17:45:11 DEBUG c.e.trainerintake.security.JwtFilter - Filter 'jwtFilter' configured for use
2026-01-01 17:45:18 INFO  c.e.trainerintake.security.JwtFilter - ?? Incoming request path: /auth/login
2026-01-01 17:45:18 DEBUG c.e.trainerintake.security.JwtFilter - ?? Skipping JWT filter for path: /auth/login
2026-01-01 17:45:28 INFO  c.e.trainerintake.security.JwtFilter - ?? Incoming request path: /programs/me
2026-01-01 17:45:28 DEBUG c.e.trainerintake.security.JwtFilter - ? Found Authorization header, token extracted
2026-01-01 17:45:28 INFO  c.e.trainerintake.security.JwtFilter - ? Username extracted from JWT: test@gmail.com
2026-01-01 17:45:28 DEBUG c.e.trainerintake.security.JwtFilter - ? Loading UserDetails for: test@gmail.com
2026-01-01 17:45:28 INFO  c.e.trainerintake.security.JwtFilter - ? Loaded UserDetails: test@gmail.com | Authorities: [USER]
2026-01-01 17:45:28 INFO  c.e.trainerintake.security.JwtFilter - ? Token validation result for test@gmail.com: true
2026-01-01 17:45:28 INFO  c.e.trainerintake.security.JwtFilter - ? Authentication set in SecurityContext for user: test@gmail.com
2026-01-01 17:45:29 INFO  c.e.trainerintake.security.JwtFilter - ?? Incoming request path: /programs/me
2026-01-01 17:45:29 DEBUG c.e.trainerintake.security.JwtFilter - ? Found Authorization header, token extracted
2026-01-01 17:45:29 INFO  c.e.trainerintake.security.JwtFilter - ? Username extracted from JWT: test@gmail.com
2026-01-01 17:45:29 DEBUG c.e.trainerintake.security.JwtFilter - ? Loading UserDetails for: test@gmail.com
2026-01-01 17:45:29 INFO  c.e.trainerintake.security.JwtFilter - ? Loaded UserDetails: test@gmail.com | Authorities: [USER]
2026-01-01 17:45:29 INFO  c.e.trainerintake.security.JwtFilter - ? Token validation result for test@gmail.com: true
2026-01-01 17:45:29 INFO  c.e.trainerintake.security.JwtFilter - ? Authentication set in SecurityContext for user: test@gmail.com
2026-01-01 17:49:25 DEBUG c.e.trainerintake.security.JwtFilter - Filter 'jwtFilter' configured for use
2026-01-01 17:49:28 INFO  c.e.trainerintake.security.JwtFilter - ?? Incoming request path: /auth/login
2026-01-01 17:49:28 DEBUG c.e.trainerintake.security.JwtFilter - ?? Skipping JWT filter for path: /auth/login
2026-01-01 17:49:35 INFO  c.e.trainerintake.security.JwtFilter - ?? Incoming request path: /programs/me
2026-01-01 17:49:35 DEBUG c.e.trainerintake.security.JwtFilter - ? Found Authorization header, token extracted
2026-01-01 17:49:35 INFO  c.e.trainerintake.security.JwtFilter - ? Username extracted from JWT: test@gmail.com
2026-01-01 17:49:35 DEBUG c.e.trainerintake.security.JwtFilter - ? Loading UserDetails for: test@gmail.com
2026-01-01 17:49:35 INFO  c.e.trainerintake.security.JwtFilter - ? Loaded UserDetails: test@gmail.com | Authorities: [USER]
2026-01-01 17:49:35 INFO  c.e.trainerintake.security.JwtFilter - ? Token validation result for test@gmail.com: true
2026-01-01 17:49:35 INFO  c.e.trainerintake.security.JwtFilter - ? Authentication set in SecurityContext for user: test@gmail.com
2026-01-01 17:49:35 INFO  c.e.trainerintake.security.JwtFilter - ?? Incoming request path: /programs/me
2026-01-01 17:49:35 DEBUG c.e.trainerintake.security.JwtFilter - ? Found Authorization header, token extracted
2026-01-01 17:49:35 INFO  c.e.trainerintake.security.JwtFilter - ? Username extracted from JWT: test@gmail.com
2026-01-01 17:49:35 DEBUG c.e.trainerintake.security.JwtFilter - ? Loading UserDetails for: test@gmail.com
2026-01-01 17:49:35 INFO  c.e.trainerintake.security.JwtFilter - ? Loaded UserDetails: test@gmail.com | Authorities: [USER]
2026-01-01 17:49:35 INFO  c.e.trainerintake.security.JwtFilter - ? Token validation result for test@gmail.com: true
2026-01-01 17:49:35 INFO  c.e.trainerintake.security.JwtFilter - ? Authentication set in SecurityContext for user: test@gmail.com
2026-01-01 17:52:42 DEBUG c.e.trainerintake.security.JwtFilter - Filter 'jwtFilter' configured for use
2026-01-01 17:53:11 INFO  c.e.trainerintake.security.JwtFilter - ?? Incoming request path: /survey/questions
2026-01-01 17:53:11 DEBUG c.e.trainerintake.security.JwtFilter - ? Found Authorization header, token extracted
2026-01-01 17:53:11 INFO  c.e.trainerintake.security.JwtFilter - ? Username extracted from JWT: test@gmail.com
2026-01-01 17:53:11 DEBUG c.e.trainerintake.security.JwtFilter - ? Loading UserDetails for: test@gmail.com
2026-01-01 17:53:12 INFO  c.e.trainerintake.security.JwtFilter - ? Loaded UserDetails: test@gmail.com | Authorities: [USER]
2026-01-01 17:53:12 INFO  c.e.trainerintake.security.JwtFilter - ? Token validation result for test@gmail.com: true
2026-01-01 17:53:12 INFO  c.e.trainerintake.security.JwtFilter - ? Authentication set in SecurityContext for user: test@gmail.com
2026-01-01 17:53:12 INFO  c.e.trainerintake.security.JwtFilter - ?? Incoming request path: /survey/questions
2026-01-01 17:53:12 DEBUG c.e.trainerintake.security.JwtFilter - ? Found Authorization header, token extracted
2026-01-01 17:53:12 INFO  c.e.trainerintake.security.JwtFilter - ? Username extracted from JWT: test@gmail.com
2026-01-01 17:53:12 DEBUG c.e.trainerintake.security.JwtFilter - ? Loading UserDetails for: test@gmail.com
2026-01-01 17:53:12 INFO  c.e.trainerintake.security.JwtFilter - ? Loaded UserDetails: test@gmail.com | Authorities: [USER]
2026-01-01 17:53:12 INFO  c.e.trainerintake.security.JwtFilter - ? Token validation result for test@gmail.com: true
2026-01-01 17:53:12 INFO  c.e.trainerintake.security.JwtFilter - ? Authentication set in SecurityContext for user: test@gmail.com
2026-01-01 17:53:13 INFO  c.e.trainerintake.security.JwtFilter - ?? Incoming request path: /programs/me
2026-01-01 17:53:13 DEBUG c.e.trainerintake.security.JwtFilter - ? Found Authorization header, token extracted
2026-01-01 17:53:13 INFO  c.e.trainerintake.security.JwtFilter - ? Username extracted from JWT: test@gmail.com
2026-01-01 17:53:13 DEBUG c.e.trainerintake.security.JwtFilter - ? Loading UserDetails for: test@gmail.com
2026-01-01 17:53:14 INFO  c.e.trainerintake.security.JwtFilter - ? Loaded UserDetails: test@gmail.com | Authorities: [USER]
2026-01-01 17:53:14 INFO  c.e.trainerintake.security.JwtFilter - ? Token validation result for test@gmail.com: true
2026-01-01 17:53:14 INFO  c.e.trainerintake.security.JwtFilter - ? Authentication set in SecurityContext for user: test@gmail.com
2026-01-01 17:53:14 INFO  c.e.trainerintake.security.JwtFilter - ?? Incoming request path: /programs/me
2026-01-01 17:53:14 DEBUG c.e.trainerintake.security.JwtFilter - ? Found Authorization header, token extracted
2026-01-01 17:53:14 INFO  c.e.trainerintake.security.JwtFilter - ? Username extracted from JWT: test@gmail.com
2026-01-01 17:53:14 DEBUG c.e.trainerintake.security.JwtFilter - ? Loading UserDetails for: test@gmail.com
2026-01-01 17:53:14 INFO  c.e.trainerintake.security.JwtFilter - ? Loaded UserDetails: test@gmail.com | Authorities: [USER]
2026-01-01 17:53:14 INFO  c.e.trainerintake.security.JwtFilter - ? Token validation result for test@gmail.com: true
2026-01-01 17:53:14 INFO  c.e.trainerintake.security.JwtFilter - ? Authentication set in SecurityContext for user: test@gmail.com
2026-01-01 18:01:56 DEBUG c.e.trainerintake.security.JwtFilter - Filter 'jwtFilter' configured for use
2026-01-01 18:02:12 INFO  c.e.trainerintake.security.JwtFilter - ?? Incoming request path: /auth/login
2026-01-01 18:02:12 DEBUG c.e.trainerintake.security.JwtFilter - ?? Skipping JWT filter for path: /auth/login
2026-01-01 18:02:18 INFO  c.e.trainerintake.security.JwtFilter - ?? Incoming request path: /programs/me
2026-01-01 18:02:18 DEBUG c.e.trainerintake.security.JwtFilter - ? Found Authorization header, token extracted
2026-01-01 18:02:18 INFO  c.e.trainerintake.security.JwtFilter - ? Username extracted from JWT: test@gmail.com
2026-01-01 18:02:18 DEBUG c.e.trainerintake.security.JwtFilter - ? Loading UserDetails for: test@gmail.com
2026-01-01 18:02:18 INFO  c.e.trainerintake.security.JwtFilter - ? Loaded UserDetails: test@gmail.com | Authorities: [ROLE_USER]
2026-01-01 18:02:18 INFO  c.e.trainerintake.security.JwtFilter - ? Token validation result for test@gmail.com: true
2026-01-01 18:02:18 INFO  c.e.trainerintake.security.JwtFilter - ? Authentication set in SecurityContext for user: test@gmail.com
2026-01-01 18:02:19 INFO  c.e.trainerintake.security.JwtFilter - ?? Incoming request path: /programs/me
2026-01-01 18:02:19 DEBUG c.e.trainerintake.security.JwtFilter - ? Found Authorization header, token extracted
2026-01-01 18:02:19 INFO  c.e.trainerintake.security.JwtFilter - ? Username extracted from JWT: test@gmail.com
2026-01-01 18:02:19 DEBUG c.e.trainerintake.security.JwtFilter - ? Loading UserDetails for: test@gmail.com
2026-01-01 18:02:19 INFO  c.e.trainerintake.security.JwtFilter - ? Loaded UserDetails: test@gmail.com | Authorities: [ROLE_USER]
2026-01-01 18:02:19 INFO  c.e.trainerintake.security.JwtFilter - ? Token validation result for test@gmail.com: true
2026-01-01 18:02:19 INFO  c.e.trainerintake.security.JwtFilter - ? Authentication set in SecurityContext for user: test@gmail.com
2026-01-01 18:06:44 DEBUG c.e.trainerintake.security.JwtFilter - Filter 'jwtFilter' configured for use
2026-01-01 18:06:53 INFO  c.e.trainerintake.security.JwtFilter - ?? Incoming request path: /programs/me
2026-01-01 18:06:53 DEBUG c.e.trainerintake.security.JwtFilter - ? Found Authorization header, token extracted
2026-01-01 18:06:53 INFO  c.e.trainerintake.security.JwtFilter - ? Username extracted from JWT: test@gmail.com
2026-01-01 18:06:53 DEBUG c.e.trainerintake.security.JwtFilter - ? Loading UserDetails for: test@gmail.com
2026-01-01 18:06:53 INFO  c.e.trainerintake.security.JwtFilter - ? Loaded UserDetails: test@gmail.com | Authorities: [ROLE_USER]
2026-01-01 18:06:53 INFO  c.e.trainerintake.security.JwtFilter - ? Token validation result for test@gmail.com: true
2026-01-01 18:06:53 INFO  c.e.trainerintake.security.JwtFilter - ? Authentication set in SecurityContext for user: test@gmail.com
2026-01-01 18:06:53 INFO  c.e.trainerintake.security.JwtFilter - ?? Incoming request path: /programs/me
2026-01-01 18:06:53 DEBUG c.e.trainerintake.security.JwtFilter - ? Found Authorization header, token extracted
2026-01-01 18:06:53 INFO  c.e.trainerintake.security.JwtFilter - ? Username extracted from JWT: test@gmail.com
2026-01-01 18:06:53 DEBUG c.e.trainerintake.security.JwtFilter - ? Loading UserDetails for: test@gmail.com
2026-01-01 18:06:53 INFO  c.e.trainerintake.security.JwtFilter - ? Loaded UserDetails: test@gmail.com | Authorities: [ROLE_USER]
2026-01-01 18:06:54 INFO  c.e.trainerintake.security.JwtFilter - ? Token validation result for test@gmail.com: true
2026-01-01 18:06:54 INFO  c.e.trainerintake.security.JwtFilter - ? Authentication set in SecurityContext for user: test@gmail.com
2026-01-01 18:12:57 DEBUG c.e.trainerintake.security.JwtFilter - Filter 'jwtFilter' configured for use
2026-01-01 18:13:01 INFO  c.e.trainerintake.security.JwtFilter - ?? Incoming request path: /programs/me
2026-01-01 18:13:01 DEBUG c.e.trainerintake.security.JwtFilter - ? Found Authorization header, token extracted
2026-01-01 18:13:01 INFO  c.e.trainerintake.security.JwtFilter - ? Username extracted from JWT: test@gmail.com
2026-01-01 18:13:01 DEBUG c.e.trainerintake.security.JwtFilter - ? Loading UserDetails for: test@gmail.com
2026-01-01 18:13:01 INFO  c.e.trainerintake.security.JwtFilter - ? Loaded UserDetails: test@gmail.com | Authorities: [ROLE_USER]
2026-01-01 18:13:01 INFO  c.e.trainerintake.security.JwtFilter - ? Token validation result for test@gmail.com: true
2026-01-01 18:13:01 INFO  c.e.trainerintake.security.JwtFilter - ? Authentication set in SecurityContext for user: test@gmail.com
2026-01-01 18:13:01 INFO  c.e.trainerintake.security.JwtFilter - ?? Incoming request path: /programs/me
2026-01-01 18:13:01 DEBUG c.e.trainerintake.security.JwtFilter - ? Found Authorization header, token extracted
2026-01-01 18:13:01 INFO  c.e.trainerintake.security.JwtFilter - ? Username extracted from JWT: test@gmail.com
2026-01-01 18:13:01 DEBUG c.e.trainerintake.security.JwtFilter - ? Loading UserDetails for: test@gmail.com
2026-01-01 18:13:01 INFO  c.e.trainerintake.security.JwtFilter - ? Loaded UserDetails: test@gmail.com | Authorities: [ROLE_USER]
2026-01-01 18:13:01 INFO  c.e.trainerintake.security.JwtFilter - ? Token validation result for test@gmail.com: true
2026-01-01 18:13:01 INFO  c.e.trainerintake.security.JwtFilter - ? Authentication set in SecurityContext for user: test@gmail.com
2026-01-01 18:13:49 INFO  c.e.trainerintake.security.JwtFilter - ?? Incoming request path: /auth/register
2026-01-01 18:13:49 DEBUG c.e.trainerintake.security.JwtFilter - ?? Skipping JWT filter for path: /auth/register
2026-01-01 18:13:58 INFO  c.e.trainerintake.security.JwtFilter - ?? Incoming request path: /auth/login
2026-01-01 18:13:58 DEBUG c.e.trainerintake.security.JwtFilter - ?? Skipping JWT filter for path: /auth/login
2026-01-01 18:14:02 INFO  c.e.trainerintake.security.JwtFilter - ?? Incoming request path: /survey/questions
2026-01-01 18:14:02 DEBUG c.e.trainerintake.security.JwtFilter - ? Found Authorization header, token extracted
2026-01-01 18:14:02 INFO  c.e.trainerintake.security.JwtFilter - ? Username extracted from JWT: mdeysh@gmail.com
2026-01-01 18:14:02 DEBUG c.e.trainerintake.security.JwtFilter - ? Loading UserDetails for: mdeysh@gmail.com
2026-01-01 18:14:02 INFO  c.e.trainerintake.security.JwtFilter - ? Loaded UserDetails: mdeysh@gmail.com | Authorities: [ROLE_USER]
2026-01-01 18:14:02 INFO  c.e.trainerintake.security.JwtFilter - ? Token validation result for mdeysh@gmail.com: true
2026-01-01 18:14:02 INFO  c.e.trainerintake.security.JwtFilter - ? Authentication set in SecurityContext for user: mdeysh@gmail.com
2026-01-01 18:14:02 INFO  c.e.trainerintake.security.JwtFilter - ?? Incoming request path: /survey/questions
2026-01-01 18:14:02 DEBUG c.e.trainerintake.security.JwtFilter - ? Found Authorization header, token extracted
2026-01-01 18:14:02 INFO  c.e.trainerintake.security.JwtFilter - ? Username extracted from JWT: mdeysh@gmail.com
2026-01-01 18:14:02 DEBUG c.e.trainerintake.security.JwtFilter - ? Loading UserDetails for: mdeysh@gmail.com
2026-01-01 18:14:02 INFO  c.e.trainerintake.security.JwtFilter - ? Loaded UserDetails: mdeysh@gmail.com | Authorities: [ROLE_USER]
2026-01-01 18:14:02 INFO  c.e.trainerintake.security.JwtFilter - ? Token validation result for mdeysh@gmail.com: true
2026-01-01 18:14:02 INFO  c.e.trainerintake.security.JwtFilter - ? Authentication set in SecurityContext for user: mdeysh@gmail.com
2026-01-01 18:14:27 INFO  c.e.trainerintake.security.JwtFilter - ?? Incoming request path: /survey/submit
2026-01-01 18:14:27 DEBUG c.e.trainerintake.security.JwtFilter - ? Found Authorization header, token extracted
2026-01-01 18:14:27 INFO  c.e.trainerintake.security.JwtFilter - ? Username extracted from JWT: mdeysh@gmail.com
2026-01-01 18:14:27 DEBUG c.e.trainerintake.security.JwtFilter - ? Loading UserDetails for: mdeysh@gmail.com
2026-01-01 18:14:28 INFO  c.e.trainerintake.security.JwtFilter - ? Loaded UserDetails: mdeysh@gmail.com | Authorities: [ROLE_USER]
2026-01-01 18:14:28 INFO  c.e.trainerintake.security.JwtFilter - ? Token validation result for mdeysh@gmail.com: true
2026-01-01 18:14:28 INFO  c.e.trainerintake.security.JwtFilter - ? Authentication set in SecurityContext for user: mdeysh@gmail.com
2026-01-01 18:14:47 INFO  c.e.trainerintake.security.JwtFilter - ?? Incoming request path: /programs/me
2026-01-01 18:14:47 DEBUG c.e.trainerintake.security.JwtFilter - ? Found Authorization header, token extracted
2026-01-01 18:14:47 INFO  c.e.trainerintake.security.JwtFilter - ? Username extracted from JWT: mdeysh@gmail.com
2026-01-01 18:14:47 DEBUG c.e.trainerintake.security.JwtFilter - ? Loading UserDetails for: mdeysh@gmail.com
2026-01-01 18:14:47 INFO  c.e.trainerintake.security.JwtFilter - ? Loaded UserDetails: mdeysh@gmail.com | Authorities: [ROLE_USER]
2026-01-01 18:14:47 INFO  c.e.trainerintake.security.JwtFilter - ? Token validation result for mdeysh@gmail.com: true
2026-01-01 18:14:47 INFO  c.e.trainerintake.security.JwtFilter - ? Authentication set in SecurityContext for user: mdeysh@gmail.com
2026-01-01 18:14:47 INFO  c.e.trainerintake.security.JwtFilter - ?? Incoming request path: /programs/me
2026-01-01 18:14:47 DEBUG c.e.trainerintake.security.JwtFilter - ? Found Authorization header, token extracted
2026-01-01 18:14:47 INFO  c.e.trainerintake.security.JwtFilter - ? Username extracted from JWT: mdeysh@gmail.com
2026-01-01 18:14:47 DEBUG c.e.trainerintake.security.JwtFilter - ? Loading UserDetails for: mdeysh@gmail.com
2026-01-01 18:14:47 INFO  c.e.trainerintake.security.JwtFilter - ? Loaded UserDetails: mdeysh@gmail.com | Authorities: [ROLE_USER]
2026-01-01 18:14:47 INFO  c.e.trainerintake.security.JwtFilter - ? Token validation result for mdeysh@gmail.com: true
2026-01-01 18:14:47 INFO  c.e.trainerintake.security.JwtFilter - ? Authentication set in SecurityContext for user: mdeysh@gmail.com
2026-01-01 18:14:50 INFO  c.e.trainerintake.security.JwtFilter - ?? Incoming request path: /survey/questions
2026-01-01 18:14:50 DEBUG c.e.trainerintake.security.JwtFilter - ? Found Authorization header, token extracted
2026-01-01 18:14:50 INFO  c.e.trainerintake.security.JwtFilter - ? Username extracted from JWT: mdeysh@gmail.com
2026-01-01 18:14:50 DEBUG c.e.trainerintake.security.JwtFilter - ? Loading UserDetails for: mdeysh@gmail.com
2026-01-01 18:14:50 INFO  c.e.trainerintake.security.JwtFilter - ? Loaded UserDetails: mdeysh@gmail.com | Authorities: [ROLE_USER]
2026-01-01 18:14:50 INFO  c.e.trainerintake.security.JwtFilter - ? Token validation result for mdeysh@gmail.com: true
2026-01-01 18:14:50 INFO  c.e.trainerintake.security.JwtFilter - ? Authentication set in SecurityContext for user: mdeysh@gmail.com
2026-01-01 18:14:50 INFO  c.e.trainerintake.security.JwtFilter - ?? Incoming request path: /survey/questions
2026-01-01 18:14:50 DEBUG c.e.trainerintake.security.JwtFilter - ? Found Authorization header, token extracted
2026-01-01 18:14:50 INFO  c.e.trainerintake.security.JwtFilter - ? Username extracted from JWT: mdeysh@gmail.com
2026-01-01 18:14:50 DEBUG c.e.trainerintake.security.JwtFilter - ? Loading UserDetails for: mdeysh@gmail.com
2026-01-01 18:14:50 INFO  c.e.trainerintake.security.JwtFilter - ? Loaded UserDetails: mdeysh@gmail.com | Authorities: [ROLE_USER]
2026-01-01 18:14:50 INFO  c.e.trainerintake.security.JwtFilter - ? Token validation result for mdeysh@gmail.com: true
2026-01-01 18:14:50 INFO  c.e.trainerintake.security.JwtFilter - ? Authentication set in SecurityContext for user: mdeysh@gmail.com
2026-01-01 18:15:13 INFO  c.e.trainerintake.security.JwtFilter - ?? Incoming request path: /survey/submit
2026-01-01 18:15:13 DEBUG c.e.trainerintake.security.JwtFilter - ? Found Authorization header, token extracted
2026-01-01 18:15:13 INFO  c.e.trainerintake.security.JwtFilter - ? Username extracted from JWT: mdeysh@gmail.com
2026-01-01 18:15:13 DEBUG c.e.trainerintake.security.JwtFilter - ? Loading UserDetails for: mdeysh@gmail.com
2026-01-01 18:15:13 INFO  c.e.trainerintake.security.JwtFilter - ? Loaded UserDetails: mdeysh@gmail.com | Authorities: [ROLE_USER]
2026-01-01 18:15:13 INFO  c.e.trainerintake.security.JwtFilter - ? Token validation result for mdeysh@gmail.com: true
2026-01-01 18:15:13 INFO  c.e.trainerintake.security.JwtFilter - ? Authentication set in SecurityContext for user: mdeysh@gmail.com
2026-01-01 18:15:25 INFO  c.e.trainerintake.security.JwtFilter - ?? Incoming request path: /programs/me
2026-01-01 18:15:25 DEBUG c.e.trainerintake.security.JwtFilter - ? Found Authorization header, token extracted
2026-01-01 18:15:25 INFO  c.e.trainerintake.security.JwtFilter - ? Username extracted from JWT: mdeysh@gmail.com
2026-01-01 18:15:25 DEBUG c.e.trainerintake.security.JwtFilter - ? Loading UserDetails for: mdeysh@gmail.com
2026-01-01 18:15:25 INFO  c.e.trainerintake.security.JwtFilter - ? Loaded UserDetails: mdeysh@gmail.com | Authorities: [ROLE_USER]
2026-01-01 18:15:25 INFO  c.e.trainerintake.security.JwtFilter - ? Token validation result for mdeysh@gmail.com: true
2026-01-01 18:15:25 INFO  c.e.trainerintake.security.JwtFilter - ? Authentication set in SecurityContext for user: mdeysh@gmail.com
2026-01-01 18:15:25 INFO  c.e.trainerintake.security.JwtFilter - ?? Incoming request path: /programs/me
2026-01-01 18:15:25 DEBUG c.e.trainerintake.security.JwtFilter - ? Found Authorization header, token extracted
2026-01-01 18:15:25 INFO  c.e.trainerintake.security.JwtFilter - ? Username extracted from JWT: mdeysh@gmail.com
2026-01-01 18:15:25 DEBUG c.e.trainerintake.security.JwtFilter - ? Loading UserDetails for: mdeysh@gmail.com
2026-01-01 18:15:25 INFO  c.e.trainerintake.security.JwtFilter - ? Loaded UserDetails: mdeysh@gmail.com | Authorities: [ROLE_USER]
2026-01-01 18:15:25 INFO  c.e.trainerintake.security.JwtFilter - ? Token validation result for mdeysh@gmail.com: true
2026-01-01 18:15:25 INFO  c.e.trainerintake.security.JwtFilter - ? Authentication set in SecurityContext for user: mdeysh@gmail.com
2026-01-01 18:30:50 DEBUG c.e.trainerintake.security.JwtFilter - Filter 'jwtFilter' configured for use
2026-01-01 18:31:05 INFO  c.e.trainerintake.security.JwtFilter - ?? Incoming request path: /auth/register
2026-01-01 18:31:05 DEBUG c.e.trainerintake.security.JwtFilter - ?? Skipping JWT filter for path: /auth/register
2026-01-01 18:31:08 INFO  c.e.trainerintake.security.JwtFilter - ?? Incoming request path: /survey/questions
2026-01-01 18:31:08 DEBUG c.e.trainerintake.security.JwtFilter - ? Found Authorization header, token extracted
2026-01-01 18:31:08 INFO  c.e.trainerintake.security.JwtFilter - ? Username extracted from JWT: mdeysh@gmail.com
2026-01-01 18:31:08 DEBUG c.e.trainerintake.security.JwtFilter - ? Loading UserDetails for: mdeysh@gmail.com
2026-01-01 18:31:08 INFO  c.e.trainerintake.security.JwtFilter - ? Loaded UserDetails: mdeysh@gmail.com | Authorities: [ROLE_USER]
2026-01-01 18:31:08 INFO  c.e.trainerintake.security.JwtFilter - ? Token validation result for mdeysh@gmail.com: true
2026-01-01 18:31:08 INFO  c.e.trainerintake.security.JwtFilter - ? Authentication set in SecurityContext for user: mdeysh@gmail.com
2026-01-01 18:31:08 INFO  c.e.trainerintake.security.JwtFilter - ?? Incoming request path: /survey/questions
2026-01-01 18:31:08 DEBUG c.e.trainerintake.security.JwtFilter - ? Found Authorization header, token extracted
2026-01-01 18:31:08 INFO  c.e.trainerintake.security.JwtFilter - ? Username extracted from JWT: mdeysh@gmail.com
2026-01-01 18:31:08 DEBUG c.e.trainerintake.security.JwtFilter - ? Loading UserDetails for: mdeysh@gmail.com
2026-01-01 18:31:08 INFO  c.e.trainerintake.security.JwtFilter - ? Loaded UserDetails: mdeysh@gmail.com | Authorities: [ROLE_USER]
2026-01-01 18:31:08 INFO  c.e.trainerintake.security.JwtFilter - ? Token validation result for mdeysh@gmail.com: true
2026-01-01 18:31:08 INFO  c.e.trainerintake.security.JwtFilter - ? Authentication set in SecurityContext for user: mdeysh@gmail.com
2026-01-01 18:31:24 INFO  c.e.trainerintake.security.JwtFilter - ?? Incoming request path: /survey/submit
2026-01-01 18:31:24 DEBUG c.e.trainerintake.security.JwtFilter - ? Found Authorization header, token extracted
2026-01-01 18:31:24 INFO  c.e.trainerintake.security.JwtFilter - ? Username extracted from JWT: mdeysh@gmail.com
2026-01-01 18:31:24 DEBUG c.e.trainerintake.security.JwtFilter - ? Loading UserDetails for: mdeysh@gmail.com
2026-01-01 18:31:24 INFO  c.e.trainerintake.security.JwtFilter - ? Loaded UserDetails: mdeysh@gmail.com | Authorities: [ROLE_USER]
2026-01-01 18:31:24 INFO  c.e.trainerintake.security.JwtFilter - ? Token validation result for mdeysh@gmail.com: true
2026-01-01 18:31:24 INFO  c.e.trainerintake.security.JwtFilter - ? Authentication set in SecurityContext for user: mdeysh@gmail.com
2026-01-01 18:31:36 INFO  c.e.trainerintake.security.JwtFilter - ?? Incoming request path: /programs/me
2026-01-01 18:31:36 DEBUG c.e.trainerintake.security.JwtFilter - ? Found Authorization header, token extracted
2026-01-01 18:31:36 INFO  c.e.trainerintake.security.JwtFilter - ? Username extracted from JWT: mdeysh@gmail.com
2026-01-01 18:31:36 DEBUG c.e.trainerintake.security.JwtFilter - ? Loading UserDetails for: mdeysh@gmail.com
2026-01-01 18:31:36 INFO  c.e.trainerintake.security.JwtFilter - ? Loaded UserDetails: mdeysh@gmail.com | Authorities: [ROLE_USER]
2026-01-01 18:31:36 INFO  c.e.trainerintake.security.JwtFilter - ? Token validation result for mdeysh@gmail.com: true
2026-01-01 18:31:36 INFO  c.e.trainerintake.security.JwtFilter - ? Authentication set in SecurityContext for user: mdeysh@gmail.com
2026-01-01 18:31:36 INFO  c.e.trainerintake.security.JwtFilter - ?? Incoming request path: /programs/me
2026-01-01 18:31:36 DEBUG c.e.trainerintake.security.JwtFilter - ? Found Authorization header, token extracted
2026-01-01 18:31:36 INFO  c.e.trainerintake.security.JwtFilter - ? Username extracted from JWT: mdeysh@gmail.com
2026-01-01 18:31:36 DEBUG c.e.trainerintake.security.JwtFilter - ? Loading UserDetails for: mdeysh@gmail.com
2026-01-01 18:31:36 INFO  c.e.trainerintake.security.JwtFilter - ? Loaded UserDetails: mdeysh@gmail.com | Authorities: [ROLE_USER]
2026-01-01 18:31:36 INFO  c.e.trainerintake.security.JwtFilter - ? Token validation result for mdeysh@gmail.com: true
2026-01-01 18:31:36 INFO  c.e.trainerintake.security.JwtFilter - ? Authentication set in SecurityContext for user: mdeysh@gmail.com
2026-01-01 18:31:37 INFO  c.e.trainerintake.security.JwtFilter - ?? Incoming request path: /survey/questions
2026-01-01 18:31:37 DEBUG c.e.trainerintake.security.JwtFilter - ? Found Authorization header, token extracted
2026-01-01 18:31:37 INFO  c.e.trainerintake.security.JwtFilter - ? Username extracted from JWT: mdeysh@gmail.com
2026-01-01 18:31:37 DEBUG c.e.trainerintake.security.JwtFilter - ? Loading UserDetails for: mdeysh@gmail.com
2026-01-01 18:31:37 INFO  c.e.trainerintake.security.JwtFilter - ? Loaded UserDetails: mdeysh@gmail.com | Authorities: [ROLE_USER]
2026-01-01 18:31:38 INFO  c.e.trainerintake.security.JwtFilter - ? Token validation result for mdeysh@gmail.com: true
2026-01-01 18:31:38 INFO  c.e.trainerintake.security.JwtFilter - ? Authentication set in SecurityContext for user: mdeysh@gmail.com
2026-01-01 18:31:38 INFO  c.e.trainerintake.security.JwtFilter - ?? Incoming request path: /survey/questions
2026-01-01 18:31:38 DEBUG c.e.trainerintake.security.JwtFilter - ? Found Authorization header, token extracted
2026-01-01 18:31:38 INFO  c.e.trainerintake.security.JwtFilter - ? Username extracted from JWT: mdeysh@gmail.com
2026-01-01 18:31:38 DEBUG c.e.trainerintake.security.JwtFilter - ? Loading UserDetails for: mdeysh@gmail.com
2026-01-01 18:31:38 INFO  c.e.trainerintake.security.JwtFilter - ? Loaded UserDetails: mdeysh@gmail.com | Authorities: [ROLE_USER]
2026-01-01 18:31:38 INFO  c.e.trainerintake.security.JwtFilter - ? Token validation result for mdeysh@gmail.com: true
2026-01-01 18:31:38 INFO  c.e.trainerintake.security.JwtFilter - ? Authentication set in SecurityContext for user: mdeysh@gmail.com
2026-01-01 18:31:39 INFO  c.e.trainerintake.security.JwtFilter - ?? Incoming request path: /programs/me
2026-01-01 18:31:39 DEBUG c.e.trainerintake.security.JwtFilter - ? Found Authorization header, token extracted
2026-01-01 18:31:39 INFO  c.e.trainerintake.security.JwtFilter - ? Username extracted from JWT: mdeysh@gmail.com
2026-01-01 18:31:39 DEBUG c.e.trainerintake.security.JwtFilter - ? Loading UserDetails for: mdeysh@gmail.com
2026-01-01 18:31:39 INFO  c.e.trainerintake.security.JwtFilter - ? Loaded UserDetails: mdeysh@gmail.com | Authorities: [ROLE_USER]
2026-01-01 18:31:39 INFO  c.e.trainerintake.security.JwtFilter - ? Token validation result for mdeysh@gmail.com: true
2026-01-01 18:31:39 INFO  c.e.trainerintake.security.JwtFilter - ? Authentication set in SecurityContext for user: mdeysh@gmail.com
2026-01-01 18:31:39 INFO  c.e.trainerintake.security.JwtFilter - ?? Incoming request path: /programs/me
2026-01-01 18:31:39 DEBUG c.e.trainerintake.security.JwtFilter - ? Found Authorization header, token extracted
2026-01-01 18:31:39 INFO  c.e.trainerintake.security.JwtFilter - ? Username extracted from JWT: mdeysh@gmail.com
2026-01-01 18:31:39 DEBUG c.e.trainerintake.security.JwtFilter - ? Loading UserDetails for: mdeysh@gmail.com
2026-01-01 18:31:39 INFO  c.e.trainerintake.security.JwtFilter - ? Loaded UserDetails: mdeysh@gmail.com | Authorities: [ROLE_USER]
2026-01-01 18:31:39 INFO  c.e.trainerintake.security.JwtFilter - ? Token validation result for mdeysh@gmail.com: true
2026-01-01 18:31:39 INFO  c.e.trainerintake.security.JwtFilter - ? Authentication set in SecurityContext for user: mdeysh@gmail.com
2026-01-01 18:32:08 INFO  c.e.trainerintake.security.JwtFilter - ?? Incoming request path: /auth/login
2026-01-01 18:32:08 DEBUG c.e.trainerintake.security.JwtFilter - ?? Skipping JWT filter for path: /auth/login
2026-01-01 18:32:10 INFO  c.e.trainerintake.security.JwtFilter - ?? Incoming request path: /programs/me
2026-01-01 18:32:10 DEBUG c.e.trainerintake.security.JwtFilter - ? Found Authorization header, token extracted
2026-01-01 18:32:10 INFO  c.e.trainerintake.security.JwtFilter - ? Username extracted from JWT: new@gmail.com
2026-01-01 18:32:10 DEBUG c.e.trainerintake.security.JwtFilter - ? Loading UserDetails for: new@gmail.com
2026-01-01 18:32:10 INFO  c.e.trainerintake.security.JwtFilter - ? Loaded UserDetails: new@gmail.com | Authorities: [ROLE_USER]
2026-01-01 18:32:10 INFO  c.e.trainerintake.security.JwtFilter - ? Token validation result for new@gmail.com: true
2026-01-01 18:32:10 INFO  c.e.trainerintake.security.JwtFilter - ? Authentication set in SecurityContext for user: new@gmail.com
2026-01-01 18:32:10 INFO  c.e.trainerintake.security.JwtFilter - ?? Incoming request path: /programs/me
2026-01-01 18:32:10 DEBUG c.e.trainerintake.security.JwtFilter - ? Found Authorization header, token extracted
2026-01-01 18:32:10 INFO  c.e.trainerintake.security.JwtFilter - ? Username extracted from JWT: new@gmail.com
2026-01-01 18:32:10 DEBUG c.e.trainerintake.security.JwtFilter - ? Loading UserDetails for: new@gmail.com
2026-01-01 18:32:10 INFO  c.e.trainerintake.security.JwtFilter - ? Loaded UserDetails: new@gmail.com | Authorities: [ROLE_USER]
2026-01-01 18:32:10 INFO  c.e.trainerintake.security.JwtFilter - ? Token validation result for new@gmail.com: true
2026-01-01 18:32:10 INFO  c.e.trainerintake.security.JwtFilter - ? Authentication set in SecurityContext for user: new@gmail.com
2026-01-01 18:32:11 INFO  c.e.trainerintake.security.JwtFilter - ?? Incoming request path: /survey/questions
2026-01-01 18:32:11 DEBUG c.e.trainerintake.security.JwtFilter - ? Found Authorization header, token extracted
2026-01-01 18:32:11 INFO  c.e.trainerintake.security.JwtFilter - ? Username extracted from JWT: new@gmail.com
2026-01-01 18:32:11 DEBUG c.e.trainerintake.security.JwtFilter - ? Loading UserDetails for: new@gmail.com
2026-01-01 18:32:11 INFO  c.e.trainerintake.security.JwtFilter - ? Loaded UserDetails: new@gmail.com | Authorities: [ROLE_USER]
2026-01-01 18:32:11 INFO  c.e.trainerintake.security.JwtFilter - ? Token validation result for new@gmail.com: true
2026-01-01 18:32:11 INFO  c.e.trainerintake.security.JwtFilter - ? Authentication set in SecurityContext for user: new@gmail.com
2026-01-01 18:32:11 INFO  c.e.trainerintake.security.JwtFilter - ?? Incoming request path: /survey/questions
2026-01-01 18:32:11 DEBUG c.e.trainerintake.security.JwtFilter - ? Found Authorization header, token extracted
2026-01-01 18:32:11 INFO  c.e.trainerintake.security.JwtFilter - ? Username extracted from JWT: new@gmail.com
2026-01-01 18:32:11 DEBUG c.e.trainerintake.security.JwtFilter - ? Loading UserDetails for: new@gmail.com
2026-01-01 18:32:11 INFO  c.e.trainerintake.security.JwtFilter - ? Loaded UserDetails: new@gmail.com | Authorities: [ROLE_USER]
2026-01-01 18:32:11 INFO  c.e.trainerintake.security.JwtFilter - ? Token validation result for new@gmail.com: true
2026-01-01 18:32:11 INFO  c.e.trainerintake.security.JwtFilter - ? Authentication set in SecurityContext for user: new@gmail.com
2026-01-01 18:32:26 INFO  c.e.trainerintake.security.JwtFilter - ?? Incoming request path: /survey/submit
2026-01-01 18:32:26 DEBUG c.e.trainerintake.security.JwtFilter - ? Found Authorization header, token extracted
2026-01-01 18:32:26 INFO  c.e.trainerintake.security.JwtFilter - ? Username extracted from JWT: new@gmail.com
2026-01-01 18:32:26 DEBUG c.e.trainerintake.security.JwtFilter - ? Loading UserDetails for: new@gmail.com
2026-01-01 18:32:26 INFO  c.e.trainerintake.security.JwtFilter - ? Loaded UserDetails: new@gmail.com | Authorities: [ROLE_USER]
2026-01-01 18:32:26 INFO  c.e.trainerintake.security.JwtFilter - ? Token validation result for new@gmail.com: true
2026-01-01 18:32:26 INFO  c.e.trainerintake.security.JwtFilter - ? Authentication set in SecurityContext for user: new@gmail.com
2026-01-01 18:32:38 INFO  c.e.trainerintake.security.JwtFilter - ?? Incoming request path: /programs/me
2026-01-01 18:32:38 DEBUG c.e.trainerintake.security.JwtFilter - ? Found Authorization header, token extracted
2026-01-01 18:32:38 INFO  c.e.trainerintake.security.JwtFilter - ? Username extracted from JWT: new@gmail.com
2026-01-01 18:32:38 DEBUG c.e.trainerintake.security.JwtFilter - ? Loading UserDetails for: new@gmail.com
2026-01-01 18:32:38 INFO  c.e.trainerintake.security.JwtFilter - ? Loaded UserDetails: new@gmail.com | Authorities: [ROLE_USER]
2026-01-01 18:32:38 INFO  c.e.trainerintake.security.JwtFilter - ? Token validation result for new@gmail.com: true
2026-01-01 18:32:38 INFO  c.e.trainerintake.security.JwtFilter - ? Authentication set in SecurityContext for user: new@gmail.com
2026-01-01 18:32:38 INFO  c.e.trainerintake.security.JwtFilter - ?? Incoming request path: /programs/me
2026-01-01 18:32:38 DEBUG c.e.trainerintake.security.JwtFilter - ? Found Authorization header, token extracted
2026-01-01 18:32:38 INFO  c.e.trainerintake.security.JwtFilter - ? Username extracted from JWT: new@gmail.com
2026-01-01 18:32:38 DEBUG c.e.trainerintake.security.JwtFilter - ? Loading UserDetails for: new@gmail.com
2026-01-01 18:32:38 INFO  c.e.trainerintake.security.JwtFilter - ? Loaded UserDetails: new@gmail.com | Authorities: [ROLE_USER]
2026-01-01 18:32:38 INFO  c.e.trainerintake.security.JwtFilter - ? Token validation result for new@gmail.com: true
2026-01-01 18:32:38 INFO  c.e.trainerintake.security.JwtFilter - ? Authentication set in SecurityContext for user: new@gmail.com
2026-01-01 18:35:23 DEBUG c.e.trainerintake.security.JwtFilter - Filter 'jwtFilter' configured for use
2026-01-01 18:35:33 INFO  c.e.trainerintake.security.JwtFilter - ?? Incoming request path: /survey/questions
2026-01-01 18:35:33 DEBUG c.e.trainerintake.security.JwtFilter - ? Found Authorization header, token extracted
2026-01-01 18:35:33 INFO  c.e.trainerintake.security.JwtFilter - ? Username extracted from JWT: new@gmail.com
2026-01-01 18:35:33 DEBUG c.e.trainerintake.security.JwtFilter - ? Loading UserDetails for: new@gmail.com
2026-01-01 18:35:34 INFO  c.e.trainerintake.security.JwtFilter - ? Loaded UserDetails: new@gmail.com | Authorities: [ROLE_USER]
2026-01-01 18:35:34 INFO  c.e.trainerintake.security.JwtFilter - ? Token validation result for new@gmail.com: true
2026-01-01 18:35:34 INFO  c.e.trainerintake.security.JwtFilter - ? Authentication set in SecurityContext for user: new@gmail.com
2026-01-01 18:35:34 INFO  c.e.trainerintake.security.JwtFilter - ?? Incoming request path: /survey/questions
2026-01-01 18:35:34 DEBUG c.e.trainerintake.security.JwtFilter - ? Found Authorization header, token extracted
2026-01-01 18:35:34 INFO  c.e.trainerintake.security.JwtFilter - ? Username extracted from JWT: new@gmail.com
2026-01-01 18:35:34 DEBUG c.e.trainerintake.security.JwtFilter - ? Loading UserDetails for: new@gmail.com
2026-01-01 18:35:34 INFO  c.e.trainerintake.security.JwtFilter - ? Loaded UserDetails: new@gmail.com | Authorities: [ROLE_USER]
2026-01-01 18:35:34 INFO  c.e.trainerintake.security.JwtFilter - ? Token validation result for new@gmail.com: true
2026-01-01 18:35:34 INFO  c.e.trainerintake.security.JwtFilter - ? Authentication set in SecurityContext for user: new@gmail.com
2026-01-01 18:37:15 INFO  c.e.trainerintake.security.JwtFilter - ?? Incoming request path: /programs/me
2026-01-01 18:37:15 DEBUG c.e.trainerintake.security.JwtFilter - ? Found Authorization header, token extracted
2026-01-01 18:37:15 INFO  c.e.trainerintake.security.JwtFilter - ? Username extracted from JWT: new@gmail.com
2026-01-01 18:37:15 DEBUG c.e.trainerintake.security.JwtFilter - ? Loading UserDetails for: new@gmail.com
2026-01-01 18:37:15 INFO  c.e.trainerintake.security.JwtFilter - ? Loaded UserDetails: new@gmail.com | Authorities: [ROLE_USER]
2026-01-01 18:37:15 INFO  c.e.trainerintake.security.JwtFilter - ? Token validation result for new@gmail.com: true
2026-01-01 18:37:15 INFO  c.e.trainerintake.security.JwtFilter - ? Authentication set in SecurityContext for user: new@gmail.com
2026-01-01 18:37:15 INFO  c.e.trainerintake.security.JwtFilter - ?? Incoming request path: /programs/me
2026-01-01 18:37:15 DEBUG c.e.trainerintake.security.JwtFilter - ? Found Authorization header, token extracted
2026-01-01 18:37:15 INFO  c.e.trainerintake.security.JwtFilter - ? Username extracted from JWT: new@gmail.com
2026-01-01 18:37:15 DEBUG c.e.trainerintake.security.JwtFilter - ? Loading UserDetails for: new@gmail.com
2026-01-01 18:37:15 INFO  c.e.trainerintake.security.JwtFilter - ? Loaded UserDetails: new@gmail.com | Authorities: [ROLE_USER]
2026-01-01 18:37:15 INFO  c.e.trainerintake.security.JwtFilter - ? Token validation result for new@gmail.com: true
2026-01-01 18:37:15 INFO  c.e.trainerintake.security.JwtFilter - ? Authentication set in SecurityContext for user: new@gmail.com
2026-01-01 18:37:22 INFO  c.e.trainerintake.security.JwtFilter - ?? Incoming request path: /survey/questions
2026-01-01 18:37:22 DEBUG c.e.trainerintake.security.JwtFilter - ? Found Authorization header, token extracted
2026-01-01 18:37:22 INFO  c.e.trainerintake.security.JwtFilter - ? Username extracted from JWT: new@gmail.com
2026-01-01 18:37:22 DEBUG c.e.trainerintake.security.JwtFilter - ? Loading UserDetails for: new@gmail.com
2026-01-01 18:37:22 INFO  c.e.trainerintake.security.JwtFilter - ? Loaded UserDetails: new@gmail.com | Authorities: [ROLE_USER]
2026-01-01 18:37:22 INFO  c.e.trainerintake.security.JwtFilter - ? Token validation result for new@gmail.com: true
2026-01-01 18:37:22 INFO  c.e.trainerintake.security.JwtFilter - ? Authentication set in SecurityContext for user: new@gmail.com
2026-01-01 18:37:22 INFO  c.e.trainerintake.security.JwtFilter - ?? Incoming request path: /survey/questions
2026-01-01 18:37:22 DEBUG c.e.trainerintake.security.JwtFilter - ? Found Authorization header, token extracted
2026-01-01 18:37:22 INFO  c.e.trainerintake.security.JwtFilter - ? Username extracted from JWT: new@gmail.com
2026-01-01 18:37:22 DEBUG c.e.trainerintake.security.JwtFilter - ? Loading UserDetails for: new@gmail.com
2026-01-01 18:37:22 INFO  c.e.trainerintake.security.JwtFilter - ? Loaded UserDetails: new@gmail.com | Authorities: [ROLE_USER]
2026-01-01 18:37:22 INFO  c.e.trainerintake.security.JwtFilter - ? Token validation result for new@gmail.com: true
2026-01-01 18:37:22 INFO  c.e.trainerintake.security.JwtFilter - ? Authentication set in SecurityContext for user: new@gmail.com
2026-01-01 18:37:37 INFO  c.e.trainerintake.security.JwtFilter - ?? Incoming request path: /survey/submit
2026-01-01 18:37:37 DEBUG c.e.trainerintake.security.JwtFilter - ? Found Authorization header, token extracted
2026-01-01 18:37:37 INFO  c.e.trainerintake.security.JwtFilter - ? Username extracted from JWT: new@gmail.com
2026-01-01 18:37:37 DEBUG c.e.trainerintake.security.JwtFilter - ? Loading UserDetails for: new@gmail.com
2026-01-01 18:37:38 INFO  c.e.trainerintake.security.JwtFilter - ? Loaded UserDetails: new@gmail.com | Authorities: [ROLE_USER]
2026-01-01 18:37:38 INFO  c.e.trainerintake.security.JwtFilter - ? Token validation result for new@gmail.com: true
2026-01-01 18:37:38 INFO  c.e.trainerintake.security.JwtFilter - ? Authentication set in SecurityContext for user: new@gmail.com
2026-01-01 18:37:45 INFO  c.e.trainerintake.security.JwtFilter - ?? Incoming request path: /programs/me
2026-01-01 18:37:45 DEBUG c.e.trainerintake.security.JwtFilter - ? Found Authorization header, token extracted
2026-01-01 18:37:45 INFO  c.e.trainerintake.security.JwtFilter - ? Username extracted from JWT: new@gmail.com
2026-01-01 18:37:45 DEBUG c.e.trainerintake.security.JwtFilter - ? Loading UserDetails for: new@gmail.com
2026-01-01 18:37:45 INFO  c.e.trainerintake.security.JwtFilter - ? Loaded UserDetails: new@gmail.com | Authorities: [ROLE_USER]
2026-01-01 18:37:45 INFO  c.e.trainerintake.security.JwtFilter - ? Token validation result for new@gmail.com: true
2026-01-01 18:37:45 INFO  c.e.trainerintake.security.JwtFilter - ? Authentication set in SecurityContext for user: new@gmail.com
2026-01-01 18:37:46 INFO  c.e.trainerintake.security.JwtFilter - ?? Incoming request path: /programs/me
2026-01-01 18:37:46 DEBUG c.e.trainerintake.security.JwtFilter - ? Found Authorization header, token extracted
2026-01-01 18:37:46 INFO  c.e.trainerintake.security.JwtFilter - ? Username extracted from JWT: new@gmail.com
2026-01-01 18:37:46 DEBUG c.e.trainerintake.security.JwtFilter - ? Loading UserDetails for: new@gmail.com
2026-01-01 18:37:46 INFO  c.e.trainerintake.security.JwtFilter - ? Loaded UserDetails: new@gmail.com | Authorities: [ROLE_USER]
2026-01-01 18:37:46 INFO  c.e.trainerintake.security.JwtFilter - ? Token validation result for new@gmail.com: true
2026-01-01 18:37:46 INFO  c.e.trainerintake.security.JwtFilter - ? Authentication set in SecurityContext for user: new@gmail.com
2026-01-01 18:41:12 DEBUG c.e.trainerintake.security.JwtFilter - Filter 'jwtFilter' configured for use
2026-01-01 18:41:26 INFO  c.e.trainerintake.security.JwtFilter - ?? Incoming request path: /survey/questions
2026-01-01 18:41:26 DEBUG c.e.trainerintake.security.JwtFilter - ? Found Authorization header, token extracted
2026-01-01 18:41:26 INFO  c.e.trainerintake.security.JwtFilter - ? Username extracted from JWT: new@gmail.com
2026-01-01 18:41:26 DEBUG c.e.trainerintake.security.JwtFilter - ? Loading UserDetails for: new@gmail.com
2026-01-01 18:41:26 INFO  c.e.trainerintake.security.JwtFilter - ? Loaded UserDetails: new@gmail.com | Authorities: [ROLE_USER]
2026-01-01 18:41:26 INFO  c.e.trainerintake.security.JwtFilter - ? Token validation result for new@gmail.com: true
2026-01-01 18:41:26 INFO  c.e.trainerintake.security.JwtFilter - ? Authentication set in SecurityContext for user: new@gmail.com
2026-01-01 18:41:26 INFO  c.e.trainerintake.security.JwtFilter - ?? Incoming request path: /survey/questions
2026-01-01 18:41:26 DEBUG c.e.trainerintake.security.JwtFilter - ? Found Authorization header, token extracted
2026-01-01 18:41:26 INFO  c.e.trainerintake.security.JwtFilter - ? Username extracted from JWT: new@gmail.com
2026-01-01 18:41:26 DEBUG c.e.trainerintake.security.JwtFilter - ? Loading UserDetails for: new@gmail.com
2026-01-01 18:41:26 INFO  c.e.trainerintake.security.JwtFilter - ? Loaded UserDetails: new@gmail.com | Authorities: [ROLE_USER]
2026-01-01 18:41:26 INFO  c.e.trainerintake.security.JwtFilter - ? Token validation result for new@gmail.com: true
2026-01-01 18:41:26 INFO  c.e.trainerintake.security.JwtFilter - ? Authentication set in SecurityContext for user: new@gmail.com
2026-01-01 18:41:42 INFO  c.e.trainerintake.security.JwtFilter - ?? Incoming request path: /survey/submit
2026-01-01 18:41:42 DEBUG c.e.trainerintake.security.JwtFilter - ? Found Authorization header, token extracted
2026-01-01 18:41:42 INFO  c.e.trainerintake.security.JwtFilter - ? Username extracted from JWT: new@gmail.com
2026-01-01 18:41:42 DEBUG c.e.trainerintake.security.JwtFilter - ? Loading UserDetails for: new@gmail.com
2026-01-01 18:41:42 INFO  c.e.trainerintake.security.JwtFilter - ? Loaded UserDetails: new@gmail.com | Authorities: [ROLE_USER]
2026-01-01 18:41:42 INFO  c.e.trainerintake.security.JwtFilter - ? Token validation result for new@gmail.com: true
2026-01-01 18:41:42 INFO  c.e.trainerintake.security.JwtFilter - ? Authentication set in SecurityContext for user: new@gmail.com
2026-01-01 18:41:54 INFO  c.e.trainerintake.security.JwtFilter - ?? Incoming request path: /programs/me
2026-01-01 18:41:54 DEBUG c.e.trainerintake.security.JwtFilter - ? Found Authorization header, token extracted
2026-01-01 18:41:54 INFO  c.e.trainerintake.security.JwtFilter - ? Username extracted from JWT: new@gmail.com
2026-01-01 18:41:54 DEBUG c.e.trainerintake.security.JwtFilter - ? Loading UserDetails for: new@gmail.com
2026-01-01 18:41:54 INFO  c.e.trainerintake.security.JwtFilter - ? Loaded UserDetails: new@gmail.com | Authorities: [ROLE_USER]
2026-01-01 18:41:54 INFO  c.e.trainerintake.security.JwtFilter - ? Token validation result for new@gmail.com: true
2026-01-01 18:41:54 INFO  c.e.trainerintake.security.JwtFilter - ? Authentication set in SecurityContext for user: new@gmail.com
2026-01-01 18:41:54 INFO  c.e.trainerintake.security.JwtFilter - ?? Incoming request path: /programs/me
2026-01-01 18:41:54 DEBUG c.e.trainerintake.security.JwtFilter - ? Found Authorization header, token extracted
2026-01-01 18:41:54 INFO  c.e.trainerintake.security.JwtFilter - ? Username extracted from JWT: new@gmail.com
2026-01-01 18:41:54 DEBUG c.e.trainerintake.security.JwtFilter - ? Loading UserDetails for: new@gmail.com
2026-01-01 18:41:54 INFO  c.e.trainerintake.security.JwtFilter - ? Loaded UserDetails: new@gmail.com | Authorities: [ROLE_USER]
2026-01-01 18:41:54 INFO  c.e.trainerintake.security.JwtFilter - ? Token validation result for new@gmail.com: true
2026-01-01 18:41:54 INFO  c.e.trainerintake.security.JwtFilter - ? Authentication set in SecurityContext for user: new@gmail.com
2026-01-01 19:29:50 DEBUG c.e.trainerintake.security.JwtFilter - Filter 'jwtFilter' configured for use
2026-01-01 19:29:57 INFO  c.e.trainerintake.security.JwtFilter - ?? Incoming request path: /auth/login
2026-01-01 19:29:57 DEBUG c.e.trainerintake.security.JwtFilter - ?? Skipping JWT filter for path: /auth/login
2026-01-01 19:30:02 INFO  c.e.trainerintake.security.JwtFilter - ?? Incoming request path: /programs/me
2026-01-01 19:30:02 DEBUG c.e.trainerintake.security.JwtFilter - ? Found Authorization header, token extracted
2026-01-01 19:30:02 INFO  c.e.trainerintake.security.JwtFilter - ? Username extracted from JWT: test@gmail.com
2026-01-01 19:30:02 DEBUG c.e.trainerintake.security.JwtFilter - ? Loading UserDetails for: test@gmail.com
2026-01-01 19:30:02 INFO  c.e.trainerintake.security.JwtFilter - ? Loaded UserDetails: test@gmail.com | Authorities: [ROLE_USER]
2026-01-01 19:30:02 INFO  c.e.trainerintake.security.JwtFilter - ? Token validation result for test@gmail.com: true
2026-01-01 19:30:02 INFO  c.e.trainerintake.security.JwtFilter - ? Authentication set in SecurityContext for user: test@gmail.com
2026-01-01 19:30:03 INFO  c.e.trainerintake.security.JwtFilter - ?? Incoming request path: /programs/me
2026-01-01 19:30:03 DEBUG c.e.trainerintake.security.JwtFilter - ? Found Authorization header, token extracted
2026-01-01 19:30:03 INFO  c.e.trainerintake.security.JwtFilter - ? Username extracted from JWT: test@gmail.com
2026-01-01 19:30:03 DEBUG c.e.trainerintake.security.JwtFilter - ? Loading UserDetails for: test@gmail.com
2026-01-01 19:30:03 INFO  c.e.trainerintake.security.JwtFilter - ? Loaded UserDetails: test@gmail.com | Authorities: [ROLE_USER]
2026-01-01 19:30:03 INFO  c.e.trainerintake.security.JwtFilter - ? Token validation result for test@gmail.com: true
2026-01-01 19:30:03 INFO  c.e.trainerintake.security.JwtFilter - ? Authentication set in SecurityContext for user: test@gmail.com
2026-01-01 19:30:11 INFO  c.e.trainerintake.security.JwtFilter - ?? Incoming request path: /survey/questions
2026-01-01 19:30:11 DEBUG c.e.trainerintake.security.JwtFilter - ? Found Authorization header, token extracted
2026-01-01 19:30:11 INFO  c.e.trainerintake.security.JwtFilter - ? Username extracted from JWT: test@gmail.com
2026-01-01 19:30:11 DEBUG c.e.trainerintake.security.JwtFilter - ? Loading UserDetails for: test@gmail.com
2026-01-01 19:30:11 INFO  c.e.trainerintake.security.JwtFilter - ? Loaded UserDetails: test@gmail.com | Authorities: [ROLE_USER]
2026-01-01 19:30:11 INFO  c.e.trainerintake.security.JwtFilter - ? Token validation result for test@gmail.com: true
2026-01-01 19:30:11 INFO  c.e.trainerintake.security.JwtFilter - ? Authentication set in SecurityContext for user: test@gmail.com
2026-01-01 19:30:11 INFO  c.e.trainerintake.security.JwtFilter - ?? Incoming request path: /survey/questions
2026-01-01 19:30:11 DEBUG c.e.trainerintake.security.JwtFilter - ? Found Authorization header, token extracted
2026-01-01 19:30:11 INFO  c.e.trainerintake.security.JwtFilter - ? Username extracted from JWT: test@gmail.com
2026-01-01 19:30:11 DEBUG c.e.trainerintake.security.JwtFilter - ? Loading UserDetails for: test@gmail.com
2026-01-01 19:30:11 INFO  c.e.trainerintake.security.JwtFilter - ? Loaded UserDetails: test@gmail.com | Authorities: [ROLE_USER]
2026-01-01 19:30:11 INFO  c.e.trainerintake.security.JwtFilter - ? Token validation result for test@gmail.com: true
2026-01-01 19:30:11 INFO  c.e.trainerintake.security.JwtFilter - ? Authentication set in SecurityContext for user: test@gmail.com
2026-01-01 19:30:28 INFO  c.e.trainerintake.security.JwtFilter - ?? Incoming request path: /survey/submit
2026-01-01 19:30:28 DEBUG c.e.trainerintake.security.JwtFilter - ? Found Authorization header, token extracted
2026-01-01 19:30:28 INFO  c.e.trainerintake.security.JwtFilter - ? Username extracted from JWT: test@gmail.com
2026-01-01 19:30:28 DEBUG c.e.trainerintake.security.JwtFilter - ? Loading UserDetails for: test@gmail.com
2026-01-01 19:30:28 INFO  c.e.trainerintake.security.JwtFilter - ? Loaded UserDetails: test@gmail.com | Authorities: [ROLE_USER]
2026-01-01 19:30:28 INFO  c.e.trainerintake.security.JwtFilter - ? Token validation result for test@gmail.com: true
2026-01-01 19:30:28 INFO  c.e.trainerintake.security.JwtFilter - ? Authentication set in SecurityContext for user: test@gmail.com
2026-01-01 19:30:58 INFO  c.e.trainerintake.security.JwtFilter - ?? Incoming request path: /programs/me
2026-01-01 19:30:58 DEBUG c.e.trainerintake.security.JwtFilter - ? Found Authorization header, token extracted
2026-01-01 19:30:58 INFO  c.e.trainerintake.security.JwtFilter - ? Username extracted from JWT: test@gmail.com
2026-01-01 19:30:58 DEBUG c.e.trainerintake.security.JwtFilter - ? Loading UserDetails for: test@gmail.com
2026-01-01 19:30:58 INFO  c.e.trainerintake.security.JwtFilter - ? Loaded UserDetails: test@gmail.com | Authorities: [ROLE_USER]
2026-01-01 19:30:58 INFO  c.e.trainerintake.security.JwtFilter - ? Token validation result for test@gmail.com: true
2026-01-01 19:30:58 INFO  c.e.trainerintake.security.JwtFilter - ? Authentication set in SecurityContext for user: test@gmail.com
2026-01-01 19:30:58 INFO  c.e.trainerintake.security.JwtFilter - ?? Incoming request path: /programs/me
2026-01-01 19:30:58 DEBUG c.e.trainerintake.security.JwtFilter - ? Found Authorization header, token extracted
2026-01-01 19:30:58 INFO  c.e.trainerintake.security.JwtFilter - ? Username extracted from JWT: test@gmail.com
2026-01-01 19:30:58 DEBUG c.e.trainerintake.security.JwtFilter - ? Loading UserDetails for: test@gmail.com
2026-01-01 19:30:58 INFO  c.e.trainerintake.security.JwtFilter - ? Loaded UserDetails: test@gmail.com | Authorities: [ROLE_USER]
2026-01-01 19:30:58 INFO  c.e.trainerintake.security.JwtFilter - ? Token validation result for test@gmail.com: true
2026-01-01 19:30:58 INFO  c.e.trainerintake.security.JwtFilter - ? Authentication set in SecurityContext for user: test@gmail.com
2026-01-01 19:30:59 INFO  c.e.trainerintake.security.JwtFilter - ?? Incoming request path: /survey/questions
2026-01-01 19:30:59 DEBUG c.e.trainerintake.security.JwtFilter - ? Found Authorization header, token extracted
2026-01-01 19:30:59 INFO  c.e.trainerintake.security.JwtFilter - ? Username extracted from JWT: test@gmail.com
2026-01-01 19:30:59 DEBUG c.e.trainerintake.security.JwtFilter - ? Loading UserDetails for: test@gmail.com
2026-01-01 19:30:59 INFO  c.e.trainerintake.security.JwtFilter - ? Loaded UserDetails: test@gmail.com | Authorities: [ROLE_USER]
2026-01-01 19:30:59 INFO  c.e.trainerintake.security.JwtFilter - ? Token validation result for test@gmail.com: true
2026-01-01 19:30:59 INFO  c.e.trainerintake.security.JwtFilter - ? Authentication set in SecurityContext for user: test@gmail.com
2026-01-01 19:30:59 INFO  c.e.trainerintake.security.JwtFilter - ?? Incoming request path: /survey/questions
2026-01-01 19:30:59 DEBUG c.e.trainerintake.security.JwtFilter - ? Found Authorization header, token extracted
2026-01-01 19:30:59 INFO  c.e.trainerintake.security.JwtFilter - ? Username extracted from JWT: test@gmail.com
2026-01-01 19:30:59 DEBUG c.e.trainerintake.security.JwtFilter - ? Loading UserDetails for: test@gmail.com
2026-01-01 19:30:59 INFO  c.e.trainerintake.security.JwtFilter - ? Loaded UserDetails: test@gmail.com | Authorities: [ROLE_USER]
2026-01-01 19:30:59 INFO  c.e.trainerintake.security.JwtFilter - ? Token validation result for test@gmail.com: true
2026-01-01 19:30:59 INFO  c.e.trainerintake.security.JwtFilter - ? Authentication set in SecurityContext for user: test@gmail.com
2026-01-01 19:30:59 INFO  c.e.trainerintake.security.JwtFilter - ?? Incoming request path: /programs/me
2026-01-01 19:30:59 DEBUG c.e.trainerintake.security.JwtFilter - ? Found Authorization header, token extracted
2026-01-01 19:30:59 INFO  c.e.trainerintake.security.JwtFilter - ? Username extracted from JWT: test@gmail.com
2026-01-01 19:30:59 DEBUG c.e.trainerintake.security.JwtFilter - ? Loading UserDetails for: test@gmail.com
2026-01-01 19:30:59 INFO  c.e.trainerintake.security.JwtFilter - ? Loaded UserDetails: test@gmail.com | Authorities: [ROLE_USER]
2026-01-01 19:30:59 INFO  c.e.trainerintake.security.JwtFilter - ? Token validation result for test@gmail.com: true
2026-01-01 19:30:59 INFO  c.e.trainerintake.security.JwtFilter - ? Authentication set in SecurityContext for user: test@gmail.com
2026-01-01 19:30:59 INFO  c.e.trainerintake.security.JwtFilter - ?? Incoming request path: /programs/me
2026-01-01 19:30:59 DEBUG c.e.trainerintake.security.JwtFilter - ? Found Authorization header, token extracted
2026-01-01 19:30:59 INFO  c.e.trainerintake.security.JwtFilter - ? Username extracted from JWT: test@gmail.com
2026-01-01 19:30:59 DEBUG c.e.trainerintake.security.JwtFilter - ? Loading UserDetails for: test@gmail.com
2026-01-01 19:30:59 INFO  c.e.trainerintake.security.JwtFilter - ? Loaded UserDetails: test@gmail.com | Authorities: [ROLE_USER]
2026-01-01 19:30:59 INFO  c.e.trainerintake.security.JwtFilter - ? Token validation result for test@gmail.com: true
2026-01-01 19:30:59 INFO  c.e.trainerintake.security.JwtFilter - ? Authentication set in SecurityContext for user: test@gmail.com
2026-01-01 19:31:15 INFO  c.e.trainerintake.security.JwtFilter - ?? Incoming request path: /survey/questions
2026-01-01 19:31:15 DEBUG c.e.trainerintake.security.JwtFilter - ? Found Authorization header, token extracted
2026-01-01 19:31:15 INFO  c.e.trainerintake.security.JwtFilter - ? Username extracted from JWT: test@gmail.com
2026-01-01 19:31:15 DEBUG c.e.trainerintake.security.JwtFilter - ? Loading UserDetails for: test@gmail.com
2026-01-01 19:31:15 INFO  c.e.trainerintake.security.JwtFilter - ? Loaded UserDetails: test@gmail.com | Authorities: [ROLE_USER]
2026-01-01 19:31:15 INFO  c.e.trainerintake.security.JwtFilter - ? Token validation result for test@gmail.com: true
2026-01-01 19:31:15 INFO  c.e.trainerintake.security.JwtFilter - ? Authentication set in SecurityContext for user: test@gmail.com
2026-01-01 19:31:15 INFO  c.e.trainerintake.security.JwtFilter - ?? Incoming request path: /survey/questions
2026-01-01 19:31:15 DEBUG c.e.trainerintake.security.JwtFilter - ? Found Authorization header, token extracted
2026-01-01 19:31:15 INFO  c.e.trainerintake.security.JwtFilter - ? Username extracted from JWT: test@gmail.com
2026-01-01 19:31:15 DEBUG c.e.trainerintake.security.JwtFilter - ? Loading UserDetails for: test@gmail.com
2026-01-01 19:31:15 INFO  c.e.trainerintake.security.JwtFilter - ? Loaded UserDetails: test@gmail.com | Authorities: [ROLE_USER]
2026-01-01 19:31:15 INFO  c.e.trainerintake.security.JwtFilter - ? Token validation result for test@gmail.com: true
2026-01-01 19:31:15 INFO  c.e.trainerintake.security.JwtFilter - ? Authentication set in SecurityContext for user: test@gmail.com
2026-01-01 19:41:52 INFO  c.e.trainerintake.security.JwtFilter - ?? Incoming request path: /auth/me
2026-01-01 19:41:52 DEBUG c.e.trainerintake.security.JwtFilter - ?? Skipping JWT filter for path: /auth/me
2026-01-01 19:41:52 INFO  c.e.trainerintake.security.JwtFilter - ?? Incoming request path: /auth/me
2026-01-01 19:41:52 DEBUG c.e.trainerintake.security.JwtFilter - ?? Skipping JWT filter for path: /auth/me
2026-01-01 19:42:02 INFO  c.e.trainerintake.security.JwtFilter - ?? Incoming request path: /auth/me
2026-01-01 19:42:02 DEBUG c.e.trainerintake.security.JwtFilter - ?? Skipping JWT filter for path: /auth/me
2026-01-01 19:42:02 INFO  c.e.trainerintake.security.JwtFilter - ?? Incoming request path: /auth/me
2026-01-01 19:42:02 DEBUG c.e.trainerintake.security.JwtFilter - ?? Skipping JWT filter for path: /auth/me
2026-01-01 19:42:04 INFO  c.e.trainerintake.security.JwtFilter - ?? Incoming request path: /auth/me
2026-01-01 19:42:04 DEBUG c.e.trainerintake.security.JwtFilter - ?? Skipping JWT filter for path: /auth/me
2026-01-01 19:42:04 INFO  c.e.trainerintake.security.JwtFilter - ?? Incoming request path: /auth/me
2026-01-01 19:42:04 DEBUG c.e.trainerintake.security.JwtFilter - ?? Skipping JWT filter for path: /auth/me
2026-01-01 19:42:46 INFO  c.e.trainerintake.security.JwtFilter - ?? Incoming request path: /auth/me
2026-01-01 19:42:46 DEBUG c.e.trainerintake.security.JwtFilter - ?? Skipping JWT filter for path: /auth/me
2026-01-01 19:42:46 INFO  c.e.trainerintake.security.JwtFilter - ?? Incoming request path: /auth/me
2026-01-01 19:42:46 DEBUG c.e.trainerintake.security.JwtFilter - ?? Skipping JWT filter for path: /auth/me
2026-01-01 19:42:49 INFO  c.e.trainerintake.security.JwtFilter - ?? Incoming request path: /auth/me
2026-01-01 19:42:49 DEBUG c.e.trainerintake.security.JwtFilter - ?? Skipping JWT filter for path: /auth/me
2026-01-01 19:42:49 INFO  c.e.trainerintake.security.JwtFilter - ?? Incoming request path: /auth/me
2026-01-01 19:42:49 DEBUG c.e.trainerintake.security.JwtFilter - ?? Skipping JWT filter for path: /auth/me
2026-01-01 19:43:44 DEBUG c.e.trainerintake.security.JwtFilter - Filter 'jwtFilter' configured for use
2026-01-01 19:43:55 INFO  c.e.trainerintake.security.JwtFilter - ?? Incoming request path: /auth/me
2026-01-01 19:43:55 DEBUG c.e.trainerintake.security.JwtFilter - ?? Skipping JWT filter for path: /auth/me
2026-01-01 19:43:55 INFO  c.e.trainerintake.security.JwtFilter - ?? Incoming request path: /auth/me
2026-01-01 19:43:55 DEBUG c.e.trainerintake.security.JwtFilter - ?? Skipping JWT filter for path: /auth/me
2026-01-01 19:46:21 DEBUG c.e.trainerintake.security.JwtFilter - Filter 'jwtFilter' configured for use
2026-01-01 19:46:48 INFO  c.e.trainerintake.security.JwtFilter - ?? Incoming request path: /auth/me
2026-01-01 19:46:48 DEBUG c.e.trainerintake.security.JwtFilter - ?? Skipping JWT filter for path: /auth/me
2026-01-01 19:46:48 INFO  c.e.trainerintake.security.JwtFilter - ?? Incoming request path: /auth/me
2026-01-01 19:46:48 DEBUG c.e.trainerintake.security.JwtFilter - ?? Skipping JWT filter for path: /auth/me
2026-01-01 19:46:49 INFO  c.e.trainerintake.security.JwtFilter - ?? Incoming request path: /auth/me
2026-01-01 19:46:49 DEBUG c.e.trainerintake.security.JwtFilter - ?? Skipping JWT filter for path: /auth/me
2026-01-01 19:46:49 INFO  c.e.trainerintake.security.JwtFilter - ?? Incoming request path: /auth/me
2026-01-01 19:46:49 DEBUG c.e.trainerintake.security.JwtFilter - ?? Skipping JWT filter for path: /auth/me
2026-01-01 19:48:46 DEBUG c.e.trainerintake.security.JwtFilter - Filter 'jwtFilter' configured for use
2026-01-01 19:48:51 INFO  c.e.trainerintake.security.JwtFilter - ?? Incoming request path: /auth/me
2026-01-01 19:48:51 DEBUG c.e.trainerintake.security.JwtFilter - ? Found Authorization header, token extracted
2026-01-01 19:48:51 INFO  c.e.trainerintake.security.JwtFilter - ? Username extracted from JWT: test@gmail.com
2026-01-01 19:48:51 DEBUG c.e.trainerintake.security.JwtFilter - ? Loading UserDetails for: test@gmail.com
2026-01-01 19:48:51 INFO  c.e.trainerintake.security.JwtFilter - ? Loaded UserDetails: test@gmail.com | Authorities: [ROLE_USER]
2026-01-01 19:48:51 INFO  c.e.trainerintake.security.JwtFilter - ? Token validation result for test@gmail.com: true
2026-01-01 19:48:51 INFO  c.e.trainerintake.security.JwtFilter - ? Authentication set in SecurityContext for user: test@gmail.com
2026-01-01 19:48:52 INFO  c.e.trainerintake.security.JwtFilter - ?? Incoming request path: /auth/me
2026-01-01 19:48:52 DEBUG c.e.trainerintake.security.JwtFilter - ? Found Authorization header, token extracted
2026-01-01 19:48:52 INFO  c.e.trainerintake.security.JwtFilter - ? Username extracted from JWT: test@gmail.com
2026-01-01 19:48:52 DEBUG c.e.trainerintake.security.JwtFilter - ? Loading UserDetails for: test@gmail.com
2026-01-01 19:48:52 INFO  c.e.trainerintake.security.JwtFilter - ? Loaded UserDetails: test@gmail.com | Authorities: [ROLE_USER]
2026-01-01 19:48:52 INFO  c.e.trainerintake.security.JwtFilter - ? Token validation result for test@gmail.com: true
2026-01-01 19:48:52 INFO  c.e.trainerintake.security.JwtFilter - ? Authentication set in SecurityContext for user: test@gmail.com
2026-01-01 19:49:00 INFO  c.e.trainerintake.security.JwtFilter - ?? Incoming request path: /auth/login
2026-01-01 19:49:00 DEBUG c.e.trainerintake.security.JwtFilter - ?? Skipping JWT filter for path: /auth/login
2026-01-01 19:49:02 INFO  c.e.trainerintake.security.JwtFilter - ?? Incoming request path: /auth/me
2026-01-01 19:49:02 DEBUG c.e.trainerintake.security.JwtFilter - ? Found Authorization header, token extracted
2026-01-01 19:49:02 INFO  c.e.trainerintake.security.JwtFilter - ? Username extracted from JWT: test@gmail.com
2026-01-01 19:49:02 DEBUG c.e.trainerintake.security.JwtFilter - ? Loading UserDetails for: test@gmail.com
2026-01-01 19:49:02 INFO  c.e.trainerintake.security.JwtFilter - ? Loaded UserDetails: test@gmail.com | Authorities: [ROLE_USER]
2026-01-01 19:49:02 INFO  c.e.trainerintake.security.JwtFilter - ? Token validation result for test@gmail.com: true
2026-01-01 19:49:02 INFO  c.e.trainerintake.security.JwtFilter - ? Authentication set in SecurityContext for user: test@gmail.com
2026-01-01 19:49:02 INFO  c.e.trainerintake.security.JwtFilter - ?? Incoming request path: /auth/me
2026-01-01 19:49:02 DEBUG c.e.trainerintake.security.JwtFilter - ? Found Authorization header, token extracted
2026-01-01 19:49:02 INFO  c.e.trainerintake.security.JwtFilter - ? Username extracted from JWT: test@gmail.com
2026-01-01 19:49:02 DEBUG c.e.trainerintake.security.JwtFilter - ? Loading UserDetails for: test@gmail.com
2026-01-01 19:49:02 INFO  c.e.trainerintake.security.JwtFilter - ? Loaded UserDetails: test@gmail.com | Authorities: [ROLE_USER]
2026-01-01 19:49:02 INFO  c.e.trainerintake.security.JwtFilter - ? Token validation result for test@gmail.com: true
2026-01-01 19:49:02 INFO  c.e.trainerintake.security.JwtFilter - ? Authentication set in SecurityContext for user: test@gmail.com
2026-01-01 19:55:00 DEBUG c.e.trainerintake.security.JwtFilter - Filter 'jwtFilter' configured for use
2026-01-01 19:55:02 INFO  c.e.trainerintake.security.JwtFilter - ?? Incoming request path: /auth/me
2026-01-01 19:55:02 DEBUG c.e.trainerintake.security.JwtFilter - ? Found Authorization header, token extracted
2026-01-01 19:55:02 INFO  c.e.trainerintake.security.JwtFilter - ? Username extracted from JWT: test@gmail.com
2026-01-01 19:55:02 DEBUG c.e.trainerintake.security.JwtFilter - ? Loading UserDetails for: test@gmail.com
2026-01-01 19:55:03 INFO  c.e.trainerintake.security.JwtFilter - ? Loaded UserDetails: test@gmail.com | Authorities: [ROLE_USER]
2026-01-01 19:55:03 INFO  c.e.trainerintake.security.JwtFilter - ? Token validation result for test@gmail.com: true
2026-01-01 19:55:03 INFO  c.e.trainerintake.security.JwtFilter - ? Authentication set in SecurityContext for user: test@gmail.com
2026-01-01 19:55:03 INFO  c.e.trainerintake.security.JwtFilter - ?? Incoming request path: /auth/me
2026-01-01 19:55:03 DEBUG c.e.trainerintake.security.JwtFilter - ? Found Authorization header, token extracted
2026-01-01 19:55:03 INFO  c.e.trainerintake.security.JwtFilter - ? Username extracted from JWT: test@gmail.com
2026-01-01 19:55:03 DEBUG c.e.trainerintake.security.JwtFilter - ? Loading UserDetails for: test@gmail.com
2026-01-01 19:55:03 INFO  c.e.trainerintake.security.JwtFilter - ? Loaded UserDetails: test@gmail.com | Authorities: [ROLE_USER]
2026-01-01 19:55:03 INFO  c.e.trainerintake.security.JwtFilter - ? Token validation result for test@gmail.com: true
2026-01-01 19:55:03 INFO  c.e.trainerintake.security.JwtFilter - ? Authentication set in SecurityContext for user: test@gmail.com
2026-01-01 19:57:44 INFO  c.e.trainerintake.security.JwtFilter - ?? Incoming request path: /auth/me
2026-01-01 19:57:44 DEBUG c.e.trainerintake.security.JwtFilter - ? Found Authorization header, token extracted
2026-01-01 19:57:44 INFO  c.e.trainerintake.security.JwtFilter - ? Username extracted from JWT: test@gmail.com
2026-01-01 19:57:44 DEBUG c.e.trainerintake.security.JwtFilter - ? Loading UserDetails for: test@gmail.com
2026-01-01 19:57:44 INFO  c.e.trainerintake.security.JwtFilter - ? Loaded UserDetails: test@gmail.com | Authorities: [ROLE_USER]
2026-01-01 19:57:44 INFO  c.e.trainerintake.security.JwtFilter - ? Token validation result for test@gmail.com: true
2026-01-01 19:57:44 INFO  c.e.trainerintake.security.JwtFilter - ? Authentication set in SecurityContext for user: test@gmail.com
2026-01-01 19:57:44 INFO  c.e.trainerintake.security.JwtFilter - ?? Incoming request path: /auth/me
2026-01-01 19:57:44 DEBUG c.e.trainerintake.security.JwtFilter - ? Found Authorization header, token extracted
2026-01-01 19:57:44 INFO  c.e.trainerintake.security.JwtFilter - ? Username extracted from JWT: test@gmail.com
2026-01-01 19:57:44 DEBUG c.e.trainerintake.security.JwtFilter - ? Loading UserDetails for: test@gmail.com
2026-01-01 19:57:44 INFO  c.e.trainerintake.security.JwtFilter - ? Loaded UserDetails: test@gmail.com | Authorities: [ROLE_USER]
2026-01-01 19:57:44 INFO  c.e.trainerintake.security.JwtFilter - ? Token validation result for test@gmail.com: true
2026-01-01 19:57:44 INFO  c.e.trainerintake.security.JwtFilter - ? Authentication set in SecurityContext for user: test@gmail.com
2026-01-01 19:57:58 INFO  c.e.trainerintake.security.JwtFilter - ?? Incoming request path: /auth/login
2026-01-01 19:57:58 DEBUG c.e.trainerintake.security.JwtFilter - ?? Skipping JWT filter for path: /auth/login
2026-01-01 19:58:00 INFO  c.e.trainerintake.security.JwtFilter - ?? Incoming request path: /auth/me
2026-01-01 19:58:00 DEBUG c.e.trainerintake.security.JwtFilter - ? Found Authorization header, token extracted
2026-01-01 19:58:00 INFO  c.e.trainerintake.security.JwtFilter - ? Username extracted from JWT: test@gmail.com
2026-01-01 19:58:00 DEBUG c.e.trainerintake.security.JwtFilter - ? Loading UserDetails for: test@gmail.com
2026-01-01 19:58:00 INFO  c.e.trainerintake.security.JwtFilter - ? Loaded UserDetails: test@gmail.com | Authorities: [ROLE_USER]
2026-01-01 19:58:00 INFO  c.e.trainerintake.security.JwtFilter - ? Token validation result for test@gmail.com: true
2026-01-01 19:58:00 INFO  c.e.trainerintake.security.JwtFilter - ? Authentication set in SecurityContext for user: test@gmail.com
2026-01-01 19:58:00 INFO  c.e.trainerintake.security.JwtFilter - ?? Incoming request path: /auth/me
2026-01-01 19:58:00 DEBUG c.e.trainerintake.security.JwtFilter - ? Found Authorization header, token extracted
2026-01-01 19:58:00 INFO  c.e.trainerintake.security.JwtFilter - ? Username extracted from JWT: test@gmail.com
2026-01-01 19:58:00 DEBUG c.e.trainerintake.security.JwtFilter - ? Loading UserDetails for: test@gmail.com
2026-01-01 19:58:00 INFO  c.e.trainerintake.security.JwtFilter - ? Loaded UserDetails: test@gmail.com | Authorities: [ROLE_USER]
2026-01-01 19:58:00 INFO  c.e.trainerintake.security.JwtFilter - ? Token validation result for test@gmail.com: true
2026-01-01 19:58:00 INFO  c.e.trainerintake.security.JwtFilter - ? Authentication set in SecurityContext for user: test@gmail.com
2026-01-01 20:02:39 DEBUG c.e.trainerintake.security.JwtFilter - Filter 'jwtFilter' configured for use
2026-01-01 20:02:44 INFO  c.e.trainerintake.security.JwtFilter - ?? Incoming request path: /auth/me
2026-01-01 20:02:44 DEBUG c.e.trainerintake.security.JwtFilter - ? Found Authorization header, token extracted
2026-01-01 20:02:44 INFO  c.e.trainerintake.security.JwtFilter - ? Username extracted from JWT: test@gmail.com
2026-01-01 20:02:44 DEBUG c.e.trainerintake.security.JwtFilter - ? Loading UserDetails for: test@gmail.com
2026-01-01 20:02:44 INFO  c.e.trainerintake.security.JwtFilter - ? Loaded UserDetails: test@gmail.com | Authorities: [ROLE_USER]
2026-01-01 20:02:44 INFO  c.e.trainerintake.security.JwtFilter - ? Token validation result for test@gmail.com: true
2026-01-01 20:02:44 INFO  c.e.trainerintake.security.JwtFilter - ? Authentication set in SecurityContext for user: test@gmail.com
2026-01-01 20:02:44 INFO  c.e.trainerintake.security.JwtFilter - ?? Incoming request path: /auth/me
2026-01-01 20:02:44 DEBUG c.e.trainerintake.security.JwtFilter - ? Found Authorization header, token extracted
2026-01-01 20:02:44 INFO  c.e.trainerintake.security.JwtFilter - ? Username extracted from JWT: test@gmail.com
2026-01-01 20:02:44 DEBUG c.e.trainerintake.security.JwtFilter - ? Loading UserDetails for: test@gmail.com
2026-01-01 20:02:44 INFO  c.e.trainerintake.security.JwtFilter - ? Loaded UserDetails: test@gmail.com | Authorities: [ROLE_USER]
2026-01-01 20:02:44 INFO  c.e.trainerintake.security.JwtFilter - ? Token validation result for test@gmail.com: true
2026-01-01 20:02:44 INFO  c.e.trainerintake.security.JwtFilter - ? Authentication set in SecurityContext for user: test@gmail.com
2026-01-01 20:02:44 INFO  c.e.trainerintake.security.JwtFilter - ?? Incoming request path: /auth/me
2026-01-01 20:02:44 DEBUG c.e.trainerintake.security.JwtFilter - ? Found Authorization header, token extracted
2026-01-01 20:02:44 INFO  c.e.trainerintake.security.JwtFilter - ? Username extracted from JWT: test@gmail.com
2026-01-01 20:02:44 DEBUG c.e.trainerintake.security.JwtFilter - ? Loading UserDetails for: test@gmail.com
2026-01-01 20:02:44 INFO  c.e.trainerintake.security.JwtFilter - ? Loaded UserDetails: test@gmail.com | Authorities: [ROLE_USER]
2026-01-01 20:02:44 INFO  c.e.trainerintake.security.JwtFilter - ? Token validation result for test@gmail.com: true
2026-01-01 20:02:44 INFO  c.e.trainerintake.security.JwtFilter - ? Authentication set in SecurityContext for user: test@gmail.com
2026-01-01 20:02:45 INFO  c.e.trainerintake.security.JwtFilter - ?? Incoming request path: /auth/me
2026-01-01 20:02:45 DEBUG c.e.trainerintake.security.JwtFilter - ? Found Authorization header, token extracted
2026-01-01 20:02:45 INFO  c.e.trainerintake.security.JwtFilter - ? Username extracted from JWT: test@gmail.com
2026-01-01 20:02:45 DEBUG c.e.trainerintake.security.JwtFilter - ? Loading UserDetails for: test@gmail.com
2026-01-01 20:02:45 INFO  c.e.trainerintake.security.JwtFilter - ? Loaded UserDetails: test@gmail.com | Authorities: [ROLE_USER]
2026-01-01 20:02:45 INFO  c.e.trainerintake.security.JwtFilter - ? Token validation result for test@gmail.com: true
2026-01-01 20:02:45 INFO  c.e.trainerintake.security.JwtFilter - ? Authentication set in SecurityContext for user: test@gmail.com
2026-01-01 20:06:49 DEBUG c.e.trainerintake.security.JwtFilter - Filter 'jwtFilter' configured for use
2026-01-01 20:07:02 INFO  c.e.trainerintake.security.JwtFilter - ?? Incoming request path: /auth/login
2026-01-01 20:07:02 DEBUG c.e.trainerintake.security.JwtFilter - ?? Skipping JWT filter for path: /auth/login
2026-01-01 20:07:04 INFO  c.e.trainerintake.security.JwtFilter - ?? Incoming request path: /auth/me
2026-01-01 20:07:04 DEBUG c.e.trainerintake.security.JwtFilter - ? Found Authorization header, token extracted
2026-01-01 20:07:04 INFO  c.e.trainerintake.security.JwtFilter - ? Username extracted from JWT: test@gmail.com
2026-01-01 20:07:04 DEBUG c.e.trainerintake.security.JwtFilter - ? Loading UserDetails for: test@gmail.com
2026-01-01 20:07:04 INFO  c.e.trainerintake.security.JwtFilter - ? Loaded UserDetails: test@gmail.com | Authorities: [ROLE_USER]
2026-01-01 20:07:04 INFO  c.e.trainerintake.security.JwtFilter - ? Token validation result for test@gmail.com: true
2026-01-01 20:07:04 INFO  c.e.trainerintake.security.JwtFilter - ? Authentication set in SecurityContext for user: test@gmail.com
2026-01-01 20:07:04 INFO  c.e.trainerintake.security.JwtFilter - ?? Incoming request path: /auth/me
2026-01-01 20:07:04 DEBUG c.e.trainerintake.security.JwtFilter - ? Found Authorization header, token extracted
2026-01-01 20:07:04 INFO  c.e.trainerintake.security.JwtFilter - ? Username extracted from JWT: test@gmail.com
2026-01-01 20:07:04 DEBUG c.e.trainerintake.security.JwtFilter - ? Loading UserDetails for: test@gmail.com
2026-01-01 20:07:04 INFO  c.e.trainerintake.security.JwtFilter - ? Loaded UserDetails: test@gmail.com | Authorities: [ROLE_USER]
2026-01-01 20:07:04 INFO  c.e.trainerintake.security.JwtFilter - ? Token validation result for test@gmail.com: true
2026-01-01 20:07:04 INFO  c.e.trainerintake.security.JwtFilter - ? Authentication set in SecurityContext for user: test@gmail.com
2026-01-01 20:10:05 INFO  c.e.trainerintake.security.JwtFilter - ?? Incoming request path: /auth/me
2026-01-01 20:10:05 DEBUG c.e.trainerintake.security.JwtFilter - ? Found Authorization header, token extracted
2026-01-01 20:10:05 INFO  c.e.trainerintake.security.JwtFilter - ? Username extracted from JWT: test@gmail.com
2026-01-01 20:10:05 DEBUG c.e.trainerintake.security.JwtFilter - ? Loading UserDetails for: test@gmail.com
2026-01-01 20:10:05 INFO  c.e.trainerintake.security.JwtFilter - ? Loaded UserDetails: test@gmail.com | Authorities: [ROLE_USER]
2026-01-01 20:10:05 INFO  c.e.trainerintake.security.JwtFilter - ? Token validation result for test@gmail.com: true
2026-01-01 20:10:05 INFO  c.e.trainerintake.security.JwtFilter - ? Authentication set in SecurityContext for user: test@gmail.com
