2026-01-02 21:02:12 DEBUG c.e.trainerintake.security.JwtFilter - Filter 'jwtFilter' configured for use
2026-01-02 21:04:22 DEBUG c.e.trainerintake.security.JwtFilter - Filter 'jwtFilter' configured for use
2026-01-02 21:04:30 INFO  c.e.trainerintake.security.JwtFilter - ?? Incoming request path: /auth/login
2026-01-02 21:04:30 DEBUG c.e.trainerintake.security.JwtFilter - ?? Skipping JWT filter for path: /auth/login
2026-01-02 21:04:33 INFO  c.e.trainerintake.security.JwtFilter - ?? Incoming request path: /auth/me
2026-01-02 21:04:33 DEBUG c.e.trainerintake.security.JwtFilter - ? Found Authorization header, token extracted
2026-01-02 21:04:33 INFO  c.e.trainerintake.security.JwtFilter - ? Username extracted from JWT: test@gmail.com
2026-01-02 21:04:33 DEBUG c.e.trainerintake.security.JwtFilter - ? Loading UserDetails for: test@gmail.com
2026-01-02 21:04:33 INFO  c.e.trainerintake.security.JwtFilter - ? Loaded UserDetails: test@gmail.com | Authorities: [ROLE_USER]
2026-01-02 21:04:33 INFO  c.e.trainerintake.security.JwtFilter - ? Token validation result for test@gmail.com: true
2026-01-02 21:04:33 INFO  c.e.trainerintake.security.JwtFilter - ? Authentication set in SecurityContext for user: test@gmail.com
2026-01-02 21:04:33 INFO  c.e.trainerintake.security.JwtFilter - ?? Incoming request path: /auth/me
2026-01-02 21:04:33 DEBUG c.e.trainerintake.security.JwtFilter - ? Found Authorization header, token extracted
2026-01-02 21:04:33 INFO  c.e.trainerintake.security.JwtFilter - ? Username extracted from JWT: test@gmail.com
2026-01-02 21:04:33 DEBUG c.e.trainerintake.security.JwtFilter - ? Loading UserDetails for: test@gmail.com
2026-01-02 21:04:33 INFO  c.e.trainerintake.security.JwtFilter - ? Loaded UserDetails: test@gmail.com | Authorities: [ROLE_USER]
2026-01-02 21:04:33 INFO  c.e.trainerintake.security.JwtFilter - ? Token validation result for test@gmail.com: true
2026-01-02 21:04:33 INFO  c.e.trainerintake.security.JwtFilter - ? Authentication set in SecurityContext for user: test@gmail.com
2026-01-02 21:05:45 INFO  c.e.trainerintake.security.JwtFilter - ?? Incoming request path: /auth/me
2026-01-02 21:05:45 DEBUG c.e.trainerintake.security.JwtFilter - ? Found Authorization header, token extracted
2026-01-02 21:05:45 INFO  c.e.trainerintake.security.JwtFilter - ? Username extracted from JWT: test@gmail.com
2026-01-02 21:05:45 DEBUG c.e.trainerintake.security.JwtFilter - ? Loading UserDetails for: test@gmail.com
2026-01-02 21:05:45 INFO  c.e.trainerintake.security.JwtFilter - ? Loaded UserDetails: test@gmail.com | Authorities: [ROLE_USER]
2026-01-02 21:05:45 INFO  c.e.trainerintake.security.JwtFilter - ? Token validation result for test@gmail.com: true
2026-01-02 21:05:45 INFO  c.e.trainerintake.security.JwtFilter - ? Authentication set in SecurityContext for user: test@gmail.com
2026-01-02 21:05:48 INFO  c.e.trainerintake.security.JwtFilter - ?? Incoming request path: /auth/me
2026-01-02 21:05:48 DEBUG c.e.trainerintake.security.JwtFilter - ? Found Authorization header, token extracted
2026-01-02 21:05:48 INFO  c.e.trainerintake.security.JwtFilter - ? Username extracted from JWT: test@gmail.com
2026-01-02 21:05:48 DEBUG c.e.trainerintake.security.JwtFilter - ? Loading UserDetails for: test@gmail.com
2026-01-02 21:05:48 INFO  c.e.trainerintake.security.JwtFilter - ? Loaded UserDetails: test@gmail.com | Authorities: [ROLE_USER]
2026-01-02 21:05:48 INFO  c.e.trainerintake.security.JwtFilter - ? Token validation result for test@gmail.com: true
2026-01-02 21:05:48 INFO  c.e.trainerintake.security.JwtFilter - ? Authentication set in SecurityContext for user: test@gmail.com
2026-01-02 21:05:48 INFO  c.e.trainerintake.security.JwtFilter - ?? Incoming request path: /auth/me
2026-01-02 21:05:48 DEBUG c.e.trainerintake.security.JwtFilter - ? Found Authorization header, token extracted
2026-01-02 21:05:48 INFO  c.e.trainerintake.security.JwtFilter - ? Username extracted from JWT: test@gmail.com
2026-01-02 21:05:48 DEBUG c.e.trainerintake.security.JwtFilter - ? Loading UserDetails for: test@gmail.com
2026-01-02 21:05:48 INFO  c.e.trainerintake.security.JwtFilter - ? Loaded UserDetails: test@gmail.com | Authorities: [ROLE_USER]
2026-01-02 21:05:48 INFO  c.e.trainerintake.security.JwtFilter - ? Token validation result for test@gmail.com: true
2026-01-02 21:05:48 INFO  c.e.trainerintake.security.JwtFilter - ? Authentication set in SecurityContext for user: test@gmail.com
2026-01-02 21:06:17 DEBUG c.e.trainerintake.security.JwtFilter - Filter 'jwtFilter' configured for use
2026-01-02 21:06:33 INFO  c.e.trainerintake.security.JwtFilter - ?? Incoming request path: /auth/me
2026-01-02 21:06:33 DEBUG c.e.trainerintake.security.JwtFilter - ? Found Authorization header, token extracted
2026-01-02 21:06:33 INFO  c.e.trainerintake.security.JwtFilter - ? Username extracted from JWT: test@gmail.com
2026-01-02 21:06:33 DEBUG c.e.trainerintake.security.JwtFilter - ? Loading UserDetails for: test@gmail.com
2026-01-02 21:06:34 INFO  c.e.trainerintake.security.JwtFilter - ? Loaded UserDetails: test@gmail.com | Authorities: [ROLE_USER]
2026-01-02 21:06:34 INFO  c.e.trainerintake.security.JwtFilter - ? Token validation result for test@gmail.com: true
2026-01-02 21:06:34 INFO  c.e.trainerintake.security.JwtFilter - ? Authentication set in SecurityContext for user: test@gmail.com
2026-01-02 21:06:34 INFO  c.e.trainerintake.security.JwtFilter - ?? Incoming request path: /auth/me
2026-01-02 21:06:34 DEBUG c.e.trainerintake.security.JwtFilter - ? Found Authorization header, token extracted
2026-01-02 21:06:34 INFO  c.e.trainerintake.security.JwtFilter - ? Username extracted from JWT: test@gmail.com
2026-01-02 21:06:34 DEBUG c.e.trainerintake.security.JwtFilter - ? Loading UserDetails for: test@gmail.com
2026-01-02 21:06:34 INFO  c.e.trainerintake.security.JwtFilter - ? Loaded UserDetails: test@gmail.com | Authorities: [ROLE_USER]
2026-01-02 21:06:34 INFO  c.e.trainerintake.security.JwtFilter - ? Token validation result for test@gmail.com: true
2026-01-02 21:06:34 INFO  c.e.trainerintake.security.JwtFilter - ? Authentication set in SecurityContext for user: test@gmail.com
2026-01-02 21:07:32 INFO  c.e.trainerintake.security.JwtFilter - ?? Incoming request path: /auth/me
2026-01-02 21:07:32 DEBUG c.e.trainerintake.security.JwtFilter - ? Found Authorization header, token extracted
2026-01-02 21:07:32 INFO  c.e.trainerintake.security.JwtFilter - ? Username extracted from JWT: test@gmail.com
2026-01-02 21:07:32 DEBUG c.e.trainerintake.security.JwtFilter - ? Loading UserDetails for: test@gmail.com
2026-01-02 21:07:32 INFO  c.e.trainerintake.security.JwtFilter - ? Loaded UserDetails: test@gmail.com | Authorities: [ROLE_USER]
2026-01-02 21:07:32 INFO  c.e.trainerintake.security.JwtFilter - ? Token validation result for test@gmail.com: true
2026-01-02 21:07:32 INFO  c.e.trainerintake.security.JwtFilter - ? Authentication set in SecurityContext for user: test@gmail.com
2026-01-02 21:07:39 INFO  c.e.trainerintake.security.JwtFilter - ?? Incoming request path: /auth/me
2026-01-02 21:07:39 DEBUG c.e.trainerintake.security.JwtFilter - ? Found Authorization header, token extracted
2026-01-02 21:07:39 INFO  c.e.trainerintake.security.JwtFilter - ? Username extracted from JWT: test@gmail.com
2026-01-02 21:07:39 DEBUG c.e.trainerintake.security.JwtFilter - ? Loading UserDetails for: test@gmail.com
2026-01-02 21:07:39 INFO  c.e.trainerintake.security.JwtFilter - ? Loaded UserDetails: test@gmail.com | Authorities: [ROLE_USER]
2026-01-02 21:07:39 INFO  c.e.trainerintake.security.JwtFilter - ? Token validation result for test@gmail.com: true
2026-01-02 21:07:39 INFO  c.e.trainerintake.security.JwtFilter - ? Authentication set in SecurityContext for user: test@gmail.com
2026-01-02 21:07:39 INFO  c.e.trainerintake.security.JwtFilter - ?? Incoming request path: /auth/me
2026-01-02 21:07:39 DEBUG c.e.trainerintake.security.JwtFilter - ? Found Authorization header, token extracted
2026-01-02 21:07:39 INFO  c.e.trainerintake.security.JwtFilter - ? Username extracted from JWT: test@gmail.com
2026-01-02 21:07:39 DEBUG c.e.trainerintake.security.JwtFilter - ? Loading UserDetails for: test@gmail.com
2026-01-02 21:07:39 INFO  c.e.trainerintake.security.JwtFilter - ? Loaded UserDetails: test@gmail.com | Authorities: [ROLE_USER]
2026-01-02 21:07:39 INFO  c.e.trainerintake.security.JwtFilter - ? Token validation result for test@gmail.com: true
2026-01-02 21:07:39 INFO  c.e.trainerintake.security.JwtFilter - ? Authentication set in SecurityContext for user: test@gmail.com
2026-01-02 21:07:45 INFO  c.e.trainerintake.security.JwtFilter - ?? Incoming request path: /auth/login
2026-01-02 21:07:45 DEBUG c.e.trainerintake.security.JwtFilter - ?? Skipping JWT filter for path: /auth/login
2026-01-02 21:07:47 INFO  c.e.trainerintake.security.JwtFilter - ?? Incoming request path: /auth/me
2026-01-02 21:07:47 DEBUG c.e.trainerintake.security.JwtFilter - ? Found Authorization header, token extracted
2026-01-02 21:07:47 INFO  c.e.trainerintake.security.JwtFilter - ? Username extracted from JWT: test@gmail.com
2026-01-02 21:07:47 DEBUG c.e.trainerintake.security.JwtFilter - ? Loading UserDetails for: test@gmail.com
2026-01-02 21:07:47 INFO  c.e.trainerintake.security.JwtFilter - ? Loaded UserDetails: test@gmail.com | Authorities: [ROLE_USER]
2026-01-02 21:07:47 INFO  c.e.trainerintake.security.JwtFilter - ? Token validation result for test@gmail.com: true
2026-01-02 21:07:47 INFO  c.e.trainerintake.security.JwtFilter - ? Authentication set in SecurityContext for user: test@gmail.com
2026-01-02 21:07:47 INFO  c.e.trainerintake.security.JwtFilter - ?? Incoming request path: /auth/me
2026-01-02 21:07:47 DEBUG c.e.trainerintake.security.JwtFilter - ? Found Authorization header, token extracted
2026-01-02 21:07:47 INFO  c.e.trainerintake.security.JwtFilter - ? Username extracted from JWT: test@gmail.com
2026-01-02 21:07:47 DEBUG c.e.trainerintake.security.JwtFilter - ? Loading UserDetails for: test@gmail.com
2026-01-02 21:07:47 INFO  c.e.trainerintake.security.JwtFilter - ? Loaded UserDetails: test@gmail.com | Authorities: [ROLE_USER]
2026-01-02 21:07:47 INFO  c.e.trainerintake.security.JwtFilter - ? Token validation result for test@gmail.com: true
2026-01-02 21:07:47 INFO  c.e.trainerintake.security.JwtFilter - ? Authentication set in SecurityContext for user: test@gmail.com
2026-01-02 21:09:03 INFO  c.e.trainerintake.security.JwtFilter - ?? Incoming request path: /auth/me
2026-01-02 21:09:03 DEBUG c.e.trainerintake.security.JwtFilter - ? Found Authorization header, token extracted
2026-01-02 21:09:03 INFO  c.e.trainerintake.security.JwtFilter - ? Username extracted from JWT: test@gmail.com
2026-01-02 21:09:03 DEBUG c.e.trainerintake.security.JwtFilter - ? Loading UserDetails for: test@gmail.com
2026-01-02 21:09:03 INFO  c.e.trainerintake.security.JwtFilter - ? Loaded UserDetails: test@gmail.com | Authorities: [ROLE_USER]
2026-01-02 21:09:03 INFO  c.e.trainerintake.security.JwtFilter - ? Token validation result for test@gmail.com: true
2026-01-02 21:09:03 INFO  c.e.trainerintake.security.JwtFilter - ? Authentication set in SecurityContext for user: test@gmail.com
2026-01-02 21:13:05 INFO  c.e.trainerintake.security.JwtFilter - ?? Incoming request path: /auth/me
2026-01-02 21:13:05 DEBUG c.e.trainerintake.security.JwtFilter - ? Found Authorization header, token extracted
2026-01-02 21:13:05 INFO  c.e.trainerintake.security.JwtFilter - ? Username extracted from JWT: test@gmail.com
2026-01-02 21:13:05 DEBUG c.e.trainerintake.security.JwtFilter - ? Loading UserDetails for: test@gmail.com
2026-01-02 21:13:05 INFO  c.e.trainerintake.security.JwtFilter - ? Loaded UserDetails: test@gmail.com | Authorities: [ROLE_USER]
2026-01-02 21:13:05 INFO  c.e.trainerintake.security.JwtFilter - ? Token validation result for test@gmail.com: true
2026-01-02 21:13:05 INFO  c.e.trainerintake.security.JwtFilter - ? Authentication set in SecurityContext for user: test@gmail.com
2026-01-02 21:13:05 INFO  c.e.trainerintake.security.JwtFilter - ?? Incoming request path: /auth/me
2026-01-02 21:13:05 DEBUG c.e.trainerintake.security.JwtFilter - ? Found Authorization header, token extracted
2026-01-02 21:13:05 INFO  c.e.trainerintake.security.JwtFilter - ? Username extracted from JWT: test@gmail.com
2026-01-02 21:13:05 DEBUG c.e.trainerintake.security.JwtFilter - ? Loading UserDetails for: test@gmail.com
2026-01-02 21:13:05 INFO  c.e.trainerintake.security.JwtFilter - ? Loaded UserDetails: test@gmail.com | Authorities: [ROLE_USER]
2026-01-02 21:13:05 INFO  c.e.trainerintake.security.JwtFilter - ? Token validation result for test@gmail.com: true
2026-01-02 21:13:05 INFO  c.e.trainerintake.security.JwtFilter - ? Authentication set in SecurityContext for user: test@gmail.com
2026-01-02 21:13:12 INFO  c.e.trainerintake.security.JwtFilter - ?? Incoming request path: /auth/login
2026-01-02 21:13:12 DEBUG c.e.trainerintake.security.JwtFilter - ?? Skipping JWT filter for path: /auth/login
2026-01-02 21:13:14 INFO  c.e.trainerintake.security.JwtFilter - ?? Incoming request path: /auth/me
2026-01-02 21:13:14 DEBUG c.e.trainerintake.security.JwtFilter - ? Found Authorization header, token extracted
2026-01-02 21:13:14 INFO  c.e.trainerintake.security.JwtFilter - ? Username extracted from JWT: test@gmail.com
2026-01-02 21:13:14 DEBUG c.e.trainerintake.security.JwtFilter - ? Loading UserDetails for: test@gmail.com
2026-01-02 21:13:14 INFO  c.e.trainerintake.security.JwtFilter - ? Loaded UserDetails: test@gmail.com | Authorities: [ROLE_USER]
2026-01-02 21:13:14 INFO  c.e.trainerintake.security.JwtFilter - ? Token validation result for test@gmail.com: true
2026-01-02 21:13:14 INFO  c.e.trainerintake.security.JwtFilter - ? Authentication set in SecurityContext for user: test@gmail.com
2026-01-02 21:13:14 INFO  c.e.trainerintake.security.JwtFilter - ?? Incoming request path: /auth/me
2026-01-02 21:13:14 DEBUG c.e.trainerintake.security.JwtFilter - ? Found Authorization header, token extracted
2026-01-02 21:13:14 INFO  c.e.trainerintake.security.JwtFilter - ? Username extracted from JWT: test@gmail.com
2026-01-02 21:13:14 DEBUG c.e.trainerintake.security.JwtFilter - ? Loading UserDetails for: test@gmail.com
2026-01-02 21:13:14 INFO  c.e.trainerintake.security.JwtFilter - ? Loaded UserDetails: test@gmail.com | Authorities: [ROLE_USER]
2026-01-02 21:13:14 INFO  c.e.trainerintake.security.JwtFilter - ? Token validation result for test@gmail.com: true
2026-01-02 21:13:14 INFO  c.e.trainerintake.security.JwtFilter - ? Authentication set in SecurityContext for user: test@gmail.com
2026-01-02 21:14:58 DEBUG c.e.trainerintake.security.JwtFilter - Filter 'jwtFilter' configured for use
2026-01-02 21:15:02 INFO  c.e.trainerintake.security.JwtFilter - ?? Incoming request path: /auth/me
2026-01-02 21:15:02 DEBUG c.e.trainerintake.security.JwtFilter - ? Found Authorization header, token extracted
2026-01-02 21:15:02 INFO  c.e.trainerintake.security.JwtFilter - ? Username extracted from JWT: test@gmail.com
2026-01-02 21:15:02 DEBUG c.e.trainerintake.security.JwtFilter - ? Loading UserDetails for: test@gmail.com
2026-01-02 21:15:03 INFO  c.e.trainerintake.security.JwtFilter - ? Loaded UserDetails: test@gmail.com | Authorities: [ROLE_USER]
2026-01-02 21:15:03 INFO  c.e.trainerintake.security.JwtFilter - ? Token validation result for test@gmail.com: true
2026-01-02 21:15:03 INFO  c.e.trainerintake.security.JwtFilter - ? Authentication set in SecurityContext for user: test@gmail.com
2026-01-02 21:15:03 INFO  c.e.trainerintake.security.JwtFilter - ?? Incoming request path: /auth/me
2026-01-02 21:15:03 DEBUG c.e.trainerintake.security.JwtFilter - ? Found Authorization header, token extracted
2026-01-02 21:15:03 INFO  c.e.trainerintake.security.JwtFilter - ? Username extracted from JWT: test@gmail.com
2026-01-02 21:15:03 DEBUG c.e.trainerintake.security.JwtFilter - ? Loading UserDetails for: test@gmail.com
2026-01-02 21:15:03 INFO  c.e.trainerintake.security.JwtFilter - ? Loaded UserDetails: test@gmail.com | Authorities: [ROLE_USER]
2026-01-02 21:15:03 INFO  c.e.trainerintake.security.JwtFilter - ? Token validation result for test@gmail.com: true
2026-01-02 21:15:03 INFO  c.e.trainerintake.security.JwtFilter - ? Authentication set in SecurityContext for user: test@gmail.com
2026-01-02 21:16:43 DEBUG c.e.trainerintake.security.JwtFilter - Filter 'jwtFilter' configured for use
2026-01-02 21:17:40 INFO  c.e.trainerintake.security.JwtFilter - ?? Incoming request path: /auth/login
2026-01-02 21:17:40 DEBUG c.e.trainerintake.security.JwtFilter - ?? Skipping JWT filter for path: /auth/login
2026-01-02 21:17:43 INFO  c.e.trainerintake.security.JwtFilter - ?? Incoming request path: /auth/me
2026-01-02 21:17:43 DEBUG c.e.trainerintake.security.JwtFilter - ? Found Authorization header, token extracted
2026-01-02 21:17:43 INFO  c.e.trainerintake.security.JwtFilter - ? Username extracted from JWT: test@gmail.com
2026-01-02 21:17:43 DEBUG c.e.trainerintake.security.JwtFilter - ? Loading UserDetails for: test@gmail.com
2026-01-02 21:17:44 INFO  c.e.trainerintake.security.JwtFilter - ? Loaded UserDetails: test@gmail.com | Authorities: [ROLE_USER]
2026-01-02 21:17:44 INFO  c.e.trainerintake.security.JwtFilter - ? Token validation result for test@gmail.com: true
2026-01-02 21:17:44 INFO  c.e.trainerintake.security.JwtFilter - ? Authentication set in SecurityContext for user: test@gmail.com
2026-01-02 21:17:44 INFO  c.e.trainerintake.security.JwtFilter - ?? Incoming request path: /auth/me
2026-01-02 21:17:44 DEBUG c.e.trainerintake.security.JwtFilter - ? Found Authorization header, token extracted
2026-01-02 21:17:44 INFO  c.e.trainerintake.security.JwtFilter - ? Username extracted from JWT: test@gmail.com
2026-01-02 21:17:44 DEBUG c.e.trainerintake.security.JwtFilter - ? Loading UserDetails for: test@gmail.com
2026-01-02 21:17:44 INFO  c.e.trainerintake.security.JwtFilter - ? Loaded UserDetails: test@gmail.com | Authorities: [ROLE_USER]
2026-01-02 21:17:44 INFO  c.e.trainerintake.security.JwtFilter - ? Token validation result for test@gmail.com: true
2026-01-02 21:17:44 INFO  c.e.trainerintake.security.JwtFilter - ? Authentication set in SecurityContext for user: test@gmail.com
2026-01-02 21:20:14 DEBUG c.e.trainerintake.security.JwtFilter - Filter 'jwtFilter' configured for use
2026-01-02 21:22:16 INFO  c.e.trainerintake.security.JwtFilter - ?? Incoming request path: /auth/me
2026-01-02 21:22:16 DEBUG c.e.trainerintake.security.JwtFilter - ? Found Authorization header, token extracted
2026-01-02 21:22:16 INFO  c.e.trainerintake.security.JwtFilter - ? Username extracted from JWT: test@gmail.com
2026-01-02 21:22:16 DEBUG c.e.trainerintake.security.JwtFilter - ? Loading UserDetails for: test@gmail.com
2026-01-02 21:22:16 INFO  c.e.trainerintake.security.JwtFilter - ? Loaded UserDetails: test@gmail.com | Authorities: [ROLE_USER]
2026-01-02 21:22:16 INFO  c.e.trainerintake.security.JwtFilter - ? Token validation result for test@gmail.com: true
2026-01-02 21:22:16 INFO  c.e.trainerintake.security.JwtFilter - ? Authentication set in SecurityContext for user: test@gmail.com
2026-01-02 21:22:16 INFO  c.e.trainerintake.security.JwtFilter - ?? Incoming request path: /auth/me
2026-01-02 21:22:16 DEBUG c.e.trainerintake.security.JwtFilter - ? Found Authorization header, token extracted
2026-01-02 21:22:16 INFO  c.e.trainerintake.security.JwtFilter - ? Username extracted from JWT: test@gmail.com
2026-01-02 21:22:16 DEBUG c.e.trainerintake.security.JwtFilter - ? Loading UserDetails for: test@gmail.com
2026-01-02 21:22:16 INFO  c.e.trainerintake.security.JwtFilter - ? Loaded UserDetails: test@gmail.com | Authorities: [ROLE_USER]
2026-01-02 21:22:16 INFO  c.e.trainerintake.security.JwtFilter - ? Token validation result for test@gmail.com: true
2026-01-02 21:22:16 INFO  c.e.trainerintake.security.JwtFilter - ? Authentication set in SecurityContext for user: test@gmail.com
2026-01-02 21:25:45 DEBUG c.e.trainerintake.security.JwtFilter - Filter 'jwtFilter' configured for use
2026-01-02 21:25:48 INFO  c.e.trainerintake.security.JwtFilter - ?? Incoming request path: /auth/me
2026-01-02 21:25:48 DEBUG c.e.trainerintake.security.JwtFilter - ? Found Authorization header, token extracted
2026-01-02 21:25:48 INFO  c.e.trainerintake.security.JwtFilter - ? Username extracted from JWT: test@gmail.com
2026-01-02 21:25:48 DEBUG c.e.trainerintake.security.JwtFilter - ? Loading UserDetails for: test@gmail.com
2026-01-02 21:25:48 INFO  c.e.trainerintake.security.JwtFilter - ? Loaded UserDetails: test@gmail.com | Authorities: [ROLE_USER]
2026-01-02 21:25:48 INFO  c.e.trainerintake.security.JwtFilter - ? Token validation result for test@gmail.com: true
2026-01-02 21:25:48 INFO  c.e.trainerintake.security.JwtFilter - ? Authentication set in SecurityContext for user: test@gmail.com
2026-01-02 21:25:49 INFO  c.e.trainerintake.security.JwtFilter - ?? Incoming request path: /auth/me
2026-01-02 21:25:49 DEBUG c.e.trainerintake.security.JwtFilter - ? Found Authorization header, token extracted
2026-01-02 21:25:49 INFO  c.e.trainerintake.security.JwtFilter - ? Username extracted from JWT: test@gmail.com
2026-01-02 21:25:49 DEBUG c.e.trainerintake.security.JwtFilter - ? Loading UserDetails for: test@gmail.com
2026-01-02 21:25:49 INFO  c.e.trainerintake.security.JwtFilter - ? Loaded UserDetails: test@gmail.com | Authorities: [ROLE_USER]
2026-01-02 21:25:49 INFO  c.e.trainerintake.security.JwtFilter - ? Token validation result for test@gmail.com: true
2026-01-02 21:25:49 INFO  c.e.trainerintake.security.JwtFilter - ? Authentication set in SecurityContext for user: test@gmail.com
2026-01-02 21:25:59 INFO  c.e.trainerintake.security.JwtFilter - ?? Incoming request path: /auth/login
2026-01-02 21:25:59 DEBUG c.e.trainerintake.security.JwtFilter - ?? Skipping JWT filter for path: /auth/login
2026-01-02 21:26:01 INFO  c.e.trainerintake.security.JwtFilter - ?? Incoming request path: /auth/me
2026-01-02 21:26:01 DEBUG c.e.trainerintake.security.JwtFilter - ? Found Authorization header, token extracted
2026-01-02 21:26:01 INFO  c.e.trainerintake.security.JwtFilter - ? Username extracted from JWT: angd@gmail.com
2026-01-02 21:26:01 DEBUG c.e.trainerintake.security.JwtFilter - ? Loading UserDetails for: angd@gmail.com
2026-01-02 21:26:01 INFO  c.e.trainerintake.security.JwtFilter - ? Loaded UserDetails: angd@gmail.com | Authorities: [ROLE_USER]
2026-01-02 21:26:01 INFO  c.e.trainerintake.security.JwtFilter - ? Token validation result for angd@gmail.com: true
2026-01-02 21:26:01 INFO  c.e.trainerintake.security.JwtFilter - ? Authentication set in SecurityContext for user: angd@gmail.com
2026-01-02 21:26:01 INFO  c.e.trainerintake.security.JwtFilter - ?? Incoming request path: /auth/me
2026-01-02 21:26:01 DEBUG c.e.trainerintake.security.JwtFilter - ? Found Authorization header, token extracted
2026-01-02 21:26:01 INFO  c.e.trainerintake.security.JwtFilter - ? Username extracted from JWT: angd@gmail.com
2026-01-02 21:26:01 DEBUG c.e.trainerintake.security.JwtFilter - ? Loading UserDetails for: angd@gmail.com
2026-01-02 21:26:01 INFO  c.e.trainerintake.security.JwtFilter - ? Loaded UserDetails: angd@gmail.com | Authorities: [ROLE_USER]
2026-01-02 21:26:01 INFO  c.e.trainerintake.security.JwtFilter - ? Token validation result for angd@gmail.com: true
2026-01-02 21:26:01 INFO  c.e.trainerintake.security.JwtFilter - ? Authentication set in SecurityContext for user: angd@gmail.com
2026-01-02 21:26:19 INFO  c.e.trainerintake.security.JwtFilter - ?? Incoming request path: /auth/login
2026-01-02 21:26:19 DEBUG c.e.trainerintake.security.JwtFilter - ?? Skipping JWT filter for path: /auth/login
2026-01-02 21:26:21 INFO  c.e.trainerintake.security.JwtFilter - ?? Incoming request path: /auth/me
2026-01-02 21:26:21 DEBUG c.e.trainerintake.security.JwtFilter - ? Found Authorization header, token extracted
2026-01-02 21:26:21 INFO  c.e.trainerintake.security.JwtFilter - ? Username extracted from JWT: test@gmail.com
2026-01-02 21:26:21 DEBUG c.e.trainerintake.security.JwtFilter - ? Loading UserDetails for: test@gmail.com
2026-01-02 21:26:21 INFO  c.e.trainerintake.security.JwtFilter - ? Loaded UserDetails: test@gmail.com | Authorities: [ROLE_USER]
2026-01-02 21:26:21 INFO  c.e.trainerintake.security.JwtFilter - ? Token validation result for test@gmail.com: true
2026-01-02 21:26:21 INFO  c.e.trainerintake.security.JwtFilter - ? Authentication set in SecurityContext for user: test@gmail.com
2026-01-02 21:26:21 INFO  c.e.trainerintake.security.JwtFilter - ?? Incoming request path: /auth/me
2026-01-02 21:26:21 DEBUG c.e.trainerintake.security.JwtFilter - ? Found Authorization header, token extracted
2026-01-02 21:26:21 INFO  c.e.trainerintake.security.JwtFilter - ? Username extracted from JWT: test@gmail.com
2026-01-02 21:26:21 DEBUG c.e.trainerintake.security.JwtFilter - ? Loading UserDetails for: test@gmail.com
2026-01-02 21:26:21 INFO  c.e.trainerintake.security.JwtFilter - ? Loaded UserDetails: test@gmail.com | Authorities: [ROLE_USER]
2026-01-02 21:26:21 INFO  c.e.trainerintake.security.JwtFilter - ? Token validation result for test@gmail.com: true
2026-01-02 21:26:21 INFO  c.e.trainerintake.security.JwtFilter - ? Authentication set in SecurityContext for user: test@gmail.com
2026-01-02 21:27:20 INFO  c.e.trainerintake.security.JwtFilter - ?? Incoming request path: /auth/me
2026-01-02 21:27:20 DEBUG c.e.trainerintake.security.JwtFilter - ? Found Authorization header, token extracted
2026-01-02 21:27:20 INFO  c.e.trainerintake.security.JwtFilter - ? Username extracted from JWT: test@gmail.com
2026-01-02 21:27:20 DEBUG c.e.trainerintake.security.JwtFilter - ? Loading UserDetails for: test@gmail.com
2026-01-02 21:27:20 INFO  c.e.trainerintake.security.JwtFilter - ? Loaded UserDetails: test@gmail.com | Authorities: [ROLE_USER]
2026-01-02 21:27:20 INFO  c.e.trainerintake.security.JwtFilter - ? Token validation result for test@gmail.com: true
2026-01-02 21:27:20 INFO  c.e.trainerintake.security.JwtFilter - ? Authentication set in SecurityContext for user: test@gmail.com
2026-01-02 21:27:32 INFO  c.e.trainerintake.security.JwtFilter - ?? Incoming request path: /auth/login
2026-01-02 21:27:32 DEBUG c.e.trainerintake.security.JwtFilter - ?? Skipping JWT filter for path: /auth/login
2026-01-02 21:27:34 INFO  c.e.trainerintake.security.JwtFilter - ?? Incoming request path: /auth/me
2026-01-02 21:27:34 DEBUG c.e.trainerintake.security.JwtFilter - ? Found Authorization header, token extracted
2026-01-02 21:27:34 INFO  c.e.trainerintake.security.JwtFilter - ? Username extracted from JWT: test@gmail.com
2026-01-02 21:27:34 DEBUG c.e.trainerintake.security.JwtFilter - ? Loading UserDetails for: test@gmail.com
2026-01-02 21:27:34 INFO  c.e.trainerintake.security.JwtFilter - ? Loaded UserDetails: test@gmail.com | Authorities: [ROLE_USER]
2026-01-02 21:27:34 INFO  c.e.trainerintake.security.JwtFilter - ? Token validation result for test@gmail.com: true
2026-01-02 21:27:34 INFO  c.e.trainerintake.security.JwtFilter - ? Authentication set in SecurityContext for user: test@gmail.com
2026-01-02 21:27:34 INFO  c.e.trainerintake.security.JwtFilter - ?? Incoming request path: /auth/me
2026-01-02 21:27:34 DEBUG c.e.trainerintake.security.JwtFilter - ? Found Authorization header, token extracted
2026-01-02 21:27:34 INFO  c.e.trainerintake.security.JwtFilter - ? Username extracted from JWT: test@gmail.com
2026-01-02 21:27:34 DEBUG c.e.trainerintake.security.JwtFilter - ? Loading UserDetails for: test@gmail.com
2026-01-02 21:27:34 INFO  c.e.trainerintake.security.JwtFilter - ? Loaded UserDetails: test@gmail.com | Authorities: [ROLE_USER]
2026-01-02 21:27:34 INFO  c.e.trainerintake.security.JwtFilter - ? Token validation result for test@gmail.com: true
2026-01-02 21:27:34 INFO  c.e.trainerintake.security.JwtFilter - ? Authentication set in SecurityContext for user: test@gmail.com
2026-01-02 21:28:12 INFO  c.e.trainerintake.security.JwtFilter - ?? Incoming request path: /auth/login
2026-01-02 21:28:12 DEBUG c.e.trainerintake.security.JwtFilter - ?? Skipping JWT filter for path: /auth/login
2026-01-02 21:28:13 INFO  c.e.trainerintake.security.JwtFilter - ?? Incoming request path: /auth/me
2026-01-02 21:28:13 DEBUG c.e.trainerintake.security.JwtFilter - ? Found Authorization header, token extracted
2026-01-02 21:28:13 INFO  c.e.trainerintake.security.JwtFilter - ? Username extracted from JWT: test@gmail.com
2026-01-02 21:28:13 DEBUG c.e.trainerintake.security.JwtFilter - ? Loading UserDetails for: test@gmail.com
2026-01-02 21:28:13 INFO  c.e.trainerintake.security.JwtFilter - ? Loaded UserDetails: test@gmail.com | Authorities: [ROLE_USER]
2026-01-02 21:28:13 INFO  c.e.trainerintake.security.JwtFilter - ? Token validation result for test@gmail.com: true
2026-01-02 21:28:13 INFO  c.e.trainerintake.security.JwtFilter - ? Authentication set in SecurityContext for user: test@gmail.com
2026-01-02 21:28:13 INFO  c.e.trainerintake.security.JwtFilter - ?? Incoming request path: /auth/me
2026-01-02 21:28:13 DEBUG c.e.trainerintake.security.JwtFilter - ? Found Authorization header, token extracted
2026-01-02 21:28:13 INFO  c.e.trainerintake.security.JwtFilter - ? Username extracted from JWT: test@gmail.com
2026-01-02 21:28:13 DEBUG c.e.trainerintake.security.JwtFilter - ? Loading UserDetails for: test@gmail.com
2026-01-02 21:28:13 INFO  c.e.trainerintake.security.JwtFilter - ? Loaded UserDetails: test@gmail.com | Authorities: [ROLE_USER]
2026-01-02 21:28:13 INFO  c.e.trainerintake.security.JwtFilter - ? Token validation result for test@gmail.com: true
2026-01-02 21:28:13 INFO  c.e.trainerintake.security.JwtFilter - ? Authentication set in SecurityContext for user: test@gmail.com
2026-01-02 21:32:03 INFO  c.e.trainerintake.security.JwtFilter - ?? Incoming request path: /survey/questions
2026-01-02 21:32:03 DEBUG c.e.trainerintake.security.JwtFilter - ? Found Authorization header, token extracted
2026-01-02 21:32:03 INFO  c.e.trainerintake.security.JwtFilter - ? Username extracted from JWT: test@gmail.com
2026-01-02 21:32:03 DEBUG c.e.trainerintake.security.JwtFilter - ? Loading UserDetails for: test@gmail.com
2026-01-02 21:32:03 INFO  c.e.trainerintake.security.JwtFilter - ? Loaded UserDetails: test@gmail.com | Authorities: [ROLE_USER]
2026-01-02 21:32:03 INFO  c.e.trainerintake.security.JwtFilter - ? Token validation result for test@gmail.com: true
2026-01-02 21:32:03 INFO  c.e.trainerintake.security.JwtFilter - ? Authentication set in SecurityContext for user: test@gmail.com
2026-01-02 21:32:03 INFO  c.e.trainerintake.security.JwtFilter - ?? Incoming request path: /survey/questions
2026-01-02 21:32:03 DEBUG c.e.trainerintake.security.JwtFilter - ? Found Authorization header, token extracted
2026-01-02 21:32:03 INFO  c.e.trainerintake.security.JwtFilter - ? Username extracted from JWT: test@gmail.com
2026-01-02 21:32:03 DEBUG c.e.trainerintake.security.JwtFilter - ? Loading UserDetails for: test@gmail.com
2026-01-02 21:32:03 INFO  c.e.trainerintake.security.JwtFilter - ? Loaded UserDetails: test@gmail.com | Authorities: [ROLE_USER]
2026-01-02 21:32:03 INFO  c.e.trainerintake.security.JwtFilter - ? Token validation result for test@gmail.com: true
2026-01-02 21:32:03 INFO  c.e.trainerintake.security.JwtFilter - ? Authentication set in SecurityContext for user: test@gmail.com
2026-01-02 21:32:37 INFO  c.e.trainerintake.security.JwtFilter - ?? Incoming request path: /auth/me
2026-01-02 21:32:37 DEBUG c.e.trainerintake.security.JwtFilter - ? Found Authorization header, token extracted
2026-01-02 21:32:37 INFO  c.e.trainerintake.security.JwtFilter - ? Username extracted from JWT: test@gmail.com
2026-01-02 21:32:37 DEBUG c.e.trainerintake.security.JwtFilter - ? Loading UserDetails for: test@gmail.com
2026-01-02 21:32:37 INFO  c.e.trainerintake.security.JwtFilter - ? Loaded UserDetails: test@gmail.com | Authorities: [ROLE_USER]
2026-01-02 21:32:37 INFO  c.e.trainerintake.security.JwtFilter - ? Token validation result for test@gmail.com: true
2026-01-02 21:32:37 INFO  c.e.trainerintake.security.JwtFilter - ? Authentication set in SecurityContext for user: test@gmail.com
2026-01-02 21:32:37 INFO  c.e.trainerintake.security.JwtFilter - ?? Incoming request path: /auth/me
2026-01-02 21:32:37 DEBUG c.e.trainerintake.security.JwtFilter - ? Found Authorization header, token extracted
2026-01-02 21:32:37 INFO  c.e.trainerintake.security.JwtFilter - ? Username extracted from JWT: test@gmail.com
2026-01-02 21:32:37 DEBUG c.e.trainerintake.security.JwtFilter - ? Loading UserDetails for: test@gmail.com
2026-01-02 21:32:37 INFO  c.e.trainerintake.security.JwtFilter - ? Loaded UserDetails: test@gmail.com | Authorities: [ROLE_USER]
2026-01-02 21:32:37 INFO  c.e.trainerintake.security.JwtFilter - ? Token validation result for test@gmail.com: true
2026-01-02 21:32:37 INFO  c.e.trainerintake.security.JwtFilter - ? Authentication set in SecurityContext for user: test@gmail.com
2026-01-02 21:34:54 INFO  c.e.trainerintake.security.JwtFilter - ?? Incoming request path: /auth/login
2026-01-02 21:34:54 DEBUG c.e.trainerintake.security.JwtFilter - ?? Skipping JWT filter for path: /auth/login
2026-01-02 21:34:56 INFO  c.e.trainerintake.security.JwtFilter - ?? Incoming request path: /auth/me
2026-01-02 21:34:56 DEBUG c.e.trainerintake.security.JwtFilter - ? Found Authorization header, token extracted
2026-01-02 21:34:56 INFO  c.e.trainerintake.security.JwtFilter - ? Username extracted from JWT: test@gmail.com
2026-01-02 21:34:56 DEBUG c.e.trainerintake.security.JwtFilter - ? Loading UserDetails for: test@gmail.com
2026-01-02 21:34:56 INFO  c.e.trainerintake.security.JwtFilter - ? Loaded UserDetails: test@gmail.com | Authorities: [ROLE_USER]
2026-01-02 21:34:56 INFO  c.e.trainerintake.security.JwtFilter - ? Token validation result for test@gmail.com: true
2026-01-02 21:34:56 INFO  c.e.trainerintake.security.JwtFilter - ? Authentication set in SecurityContext for user: test@gmail.com
2026-01-02 21:34:56 INFO  c.e.trainerintake.security.JwtFilter - ?? Incoming request path: /auth/me
2026-01-02 21:34:56 DEBUG c.e.trainerintake.security.JwtFilter - ? Found Authorization header, token extracted
2026-01-02 21:34:56 INFO  c.e.trainerintake.security.JwtFilter - ? Username extracted from JWT: test@gmail.com
2026-01-02 21:34:56 DEBUG c.e.trainerintake.security.JwtFilter - ? Loading UserDetails for: test@gmail.com
2026-01-02 21:34:56 INFO  c.e.trainerintake.security.JwtFilter - ? Loaded UserDetails: test@gmail.com | Authorities: [ROLE_USER]
2026-01-02 21:34:56 INFO  c.e.trainerintake.security.JwtFilter - ? Token validation result for test@gmail.com: true
2026-01-02 21:34:56 INFO  c.e.trainerintake.security.JwtFilter - ? Authentication set in SecurityContext for user: test@gmail.com
2026-01-02 21:34:59 INFO  c.e.trainerintake.security.JwtFilter - ?? Incoming request path: /survey/questions
2026-01-02 21:34:59 DEBUG c.e.trainerintake.security.JwtFilter - ? Found Authorization header, token extracted
2026-01-02 21:34:59 INFO  c.e.trainerintake.security.JwtFilter - ? Username extracted from JWT: test@gmail.com
2026-01-02 21:34:59 DEBUG c.e.trainerintake.security.JwtFilter - ? Loading UserDetails for: test@gmail.com
2026-01-02 21:34:59 INFO  c.e.trainerintake.security.JwtFilter - ? Loaded UserDetails: test@gmail.com | Authorities: [ROLE_USER]
2026-01-02 21:34:59 INFO  c.e.trainerintake.security.JwtFilter - ? Token validation result for test@gmail.com: true
2026-01-02 21:34:59 INFO  c.e.trainerintake.security.JwtFilter - ? Authentication set in SecurityContext for user: test@gmail.com
2026-01-02 21:34:59 INFO  c.e.trainerintake.security.JwtFilter - ?? Incoming request path: /survey/questions
2026-01-02 21:34:59 DEBUG c.e.trainerintake.security.JwtFilter - ? Found Authorization header, token extracted
2026-01-02 21:34:59 INFO  c.e.trainerintake.security.JwtFilter - ? Username extracted from JWT: test@gmail.com
2026-01-02 21:34:59 DEBUG c.e.trainerintake.security.JwtFilter - ? Loading UserDetails for: test@gmail.com
2026-01-02 21:34:59 INFO  c.e.trainerintake.security.JwtFilter - ? Loaded UserDetails: test@gmail.com | Authorities: [ROLE_USER]
2026-01-02 21:34:59 INFO  c.e.trainerintake.security.JwtFilter - ? Token validation result for test@gmail.com: true
2026-01-02 21:34:59 INFO  c.e.trainerintake.security.JwtFilter - ? Authentication set in SecurityContext for user: test@gmail.com
2026-01-02 21:36:02 INFO  c.e.trainerintake.security.JwtFilter - ?? Incoming request path: /programs/me
2026-01-02 21:36:02 DEBUG c.e.trainerintake.security.JwtFilter - ? Found Authorization header, token extracted
2026-01-02 21:36:02 INFO  c.e.trainerintake.security.JwtFilter - ? Username extracted from JWT: test@gmail.com
2026-01-02 21:36:02 DEBUG c.e.trainerintake.security.JwtFilter - ? Loading UserDetails for: test@gmail.com
2026-01-02 21:36:02 INFO  c.e.trainerintake.security.JwtFilter - ? Loaded UserDetails: test@gmail.com | Authorities: [ROLE_USER]
2026-01-02 21:36:02 INFO  c.e.trainerintake.security.JwtFilter - ? Token validation result for test@gmail.com: true
2026-01-02 21:36:02 INFO  c.e.trainerintake.security.JwtFilter - ? Authentication set in SecurityContext for user: test@gmail.com
2026-01-02 21:36:02 INFO  c.e.trainerintake.security.JwtFilter - ?? Incoming request path: /programs/me
2026-01-02 21:36:02 DEBUG c.e.trainerintake.security.JwtFilter - ? Found Authorization header, token extracted
2026-01-02 21:36:02 INFO  c.e.trainerintake.security.JwtFilter - ? Username extracted from JWT: test@gmail.com
2026-01-02 21:36:02 DEBUG c.e.trainerintake.security.JwtFilter - ? Loading UserDetails for: test@gmail.com
2026-01-02 21:36:02 INFO  c.e.trainerintake.security.JwtFilter - ? Loaded UserDetails: test@gmail.com | Authorities: [ROLE_USER]
2026-01-02 21:36:02 INFO  c.e.trainerintake.security.JwtFilter - ? Token validation result for test@gmail.com: true
2026-01-02 21:36:02 INFO  c.e.trainerintake.security.JwtFilter - ? Authentication set in SecurityContext for user: test@gmail.com
2026-01-02 21:36:32 INFO  c.e.trainerintake.security.JwtFilter - ?? Incoming request path: /survey/questions
2026-01-02 21:36:32 WARN  c.e.trainerintake.security.JwtFilter - ?? No Authorization header or not Bearer type
2026-01-02 21:36:32 DEBUG c.e.trainerintake.security.JwtFilter - ?? Username is null or authentication already set
2026-01-02 21:36:32 INFO  c.e.trainerintake.security.JwtFilter - ?? Incoming request path: /survey/questions
2026-01-02 21:36:32 WARN  c.e.trainerintake.security.JwtFilter - ?? No Authorization header or not Bearer type
2026-01-02 21:36:32 DEBUG c.e.trainerintake.security.JwtFilter - ?? Username is null or authentication already set
2026-01-02 21:37:01 INFO  c.e.trainerintake.security.JwtFilter - ?? Incoming request path: /auth/login
2026-01-02 21:37:01 DEBUG c.e.trainerintake.security.JwtFilter - ?? Skipping JWT filter for path: /auth/login
2026-01-02 21:37:03 INFO  c.e.trainerintake.security.JwtFilter - ?? Incoming request path: /auth/me
2026-01-02 21:37:03 DEBUG c.e.trainerintake.security.JwtFilter - ? Found Authorization header, token extracted
2026-01-02 21:37:03 INFO  c.e.trainerintake.security.JwtFilter - ? Username extracted from JWT: test@gmail.com
2026-01-02 21:37:03 DEBUG c.e.trainerintake.security.JwtFilter - ? Loading UserDetails for: test@gmail.com
2026-01-02 21:37:03 INFO  c.e.trainerintake.security.JwtFilter - ? Loaded UserDetails: test@gmail.com | Authorities: [ROLE_USER]
2026-01-02 21:37:03 INFO  c.e.trainerintake.security.JwtFilter - ? Token validation result for test@gmail.com: true
2026-01-02 21:37:03 INFO  c.e.trainerintake.security.JwtFilter - ? Authentication set in SecurityContext for user: test@gmail.com
2026-01-02 21:37:03 INFO  c.e.trainerintake.security.JwtFilter - ?? Incoming request path: /auth/me
2026-01-02 21:37:03 DEBUG c.e.trainerintake.security.JwtFilter - ? Found Authorization header, token extracted
2026-01-02 21:37:03 INFO  c.e.trainerintake.security.JwtFilter - ? Username extracted from JWT: test@gmail.com
2026-01-02 21:37:03 DEBUG c.e.trainerintake.security.JwtFilter - ? Loading UserDetails for: test@gmail.com
2026-01-02 21:37:03 INFO  c.e.trainerintake.security.JwtFilter - ? Loaded UserDetails: test@gmail.com | Authorities: [ROLE_USER]
2026-01-02 21:37:03 INFO  c.e.trainerintake.security.JwtFilter - ? Token validation result for test@gmail.com: true
2026-01-02 21:37:03 INFO  c.e.trainerintake.security.JwtFilter - ? Authentication set in SecurityContext for user: test@gmail.com
2026-01-02 21:37:06 INFO  c.e.trainerintake.security.JwtFilter - ?? Incoming request path: /programs/me
2026-01-02 21:37:06 DEBUG c.e.trainerintake.security.JwtFilter - ? Found Authorization header, token extracted
2026-01-02 21:37:06 INFO  c.e.trainerintake.security.JwtFilter - ? Username extracted from JWT: test@gmail.com
2026-01-02 21:37:06 DEBUG c.e.trainerintake.security.JwtFilter - ? Loading UserDetails for: test@gmail.com
2026-01-02 21:37:06 INFO  c.e.trainerintake.security.JwtFilter - ? Loaded UserDetails: test@gmail.com | Authorities: [ROLE_USER]
2026-01-02 21:37:06 INFO  c.e.trainerintake.security.JwtFilter - ? Token validation result for test@gmail.com: true
2026-01-02 21:37:06 INFO  c.e.trainerintake.security.JwtFilter - ? Authentication set in SecurityContext for user: test@gmail.com
2026-01-02 21:37:06 INFO  c.e.trainerintake.security.JwtFilter - ?? Incoming request path: /programs/me
2026-01-02 21:37:06 DEBUG c.e.trainerintake.security.JwtFilter - ? Found Authorization header, token extracted
2026-01-02 21:37:06 INFO  c.e.trainerintake.security.JwtFilter - ? Username extracted from JWT: test@gmail.com
2026-01-02 21:37:06 DEBUG c.e.trainerintake.security.JwtFilter - ? Loading UserDetails for: test@gmail.com
2026-01-02 21:37:06 INFO  c.e.trainerintake.security.JwtFilter - ? Loaded UserDetails: test@gmail.com | Authorities: [ROLE_USER]
2026-01-02 21:37:06 INFO  c.e.trainerintake.security.JwtFilter - ? Token validation result for test@gmail.com: true
2026-01-02 21:37:06 INFO  c.e.trainerintake.security.JwtFilter - ? Authentication set in SecurityContext for user: test@gmail.com
2026-01-02 21:37:09 INFO  c.e.trainerintake.security.JwtFilter - ?? Incoming request path: /survey/questions
2026-01-02 21:37:09 DEBUG c.e.trainerintake.security.JwtFilter - ? Found Authorization header, token extracted
2026-01-02 21:37:09 INFO  c.e.trainerintake.security.JwtFilter - ? Username extracted from JWT: test@gmail.com
2026-01-02 21:37:09 DEBUG c.e.trainerintake.security.JwtFilter - ? Loading UserDetails for: test@gmail.com
2026-01-02 21:37:09 INFO  c.e.trainerintake.security.JwtFilter - ? Loaded UserDetails: test@gmail.com | Authorities: [ROLE_USER]
2026-01-02 21:37:09 INFO  c.e.trainerintake.security.JwtFilter - ? Token validation result for test@gmail.com: true
2026-01-02 21:37:09 INFO  c.e.trainerintake.security.JwtFilter - ? Authentication set in SecurityContext for user: test@gmail.com
2026-01-02 21:37:09 INFO  c.e.trainerintake.security.JwtFilter - ?? Incoming request path: /survey/questions
2026-01-02 21:37:09 DEBUG c.e.trainerintake.security.JwtFilter - ? Found Authorization header, token extracted
2026-01-02 21:37:09 INFO  c.e.trainerintake.security.JwtFilter - ? Username extracted from JWT: test@gmail.com
2026-01-02 21:37:09 DEBUG c.e.trainerintake.security.JwtFilter - ? Loading UserDetails for: test@gmail.com
2026-01-02 21:37:09 INFO  c.e.trainerintake.security.JwtFilter - ? Loaded UserDetails: test@gmail.com | Authorities: [ROLE_USER]
2026-01-02 21:37:09 INFO  c.e.trainerintake.security.JwtFilter - ? Token validation result for test@gmail.com: true
2026-01-02 21:37:09 INFO  c.e.trainerintake.security.JwtFilter - ? Authentication set in SecurityContext for user: test@gmail.com
2026-01-02 21:43:18 INFO  c.e.trainerintake.security.JwtFilter - ?? Incoming request path: /survey/questions
2026-01-02 21:43:18 DEBUG c.e.trainerintake.security.JwtFilter - ? Found Authorization header, token extracted
2026-01-02 21:43:18 INFO  c.e.trainerintake.security.JwtFilter - ? Username extracted from JWT: test@gmail.com
2026-01-02 21:43:18 DEBUG c.e.trainerintake.security.JwtFilter - ? Loading UserDetails for: test@gmail.com
2026-01-02 21:43:18 INFO  c.e.trainerintake.security.JwtFilter - ? Loaded UserDetails: test@gmail.com | Authorities: [ROLE_USER]
2026-01-02 21:43:18 INFO  c.e.trainerintake.security.JwtFilter - ? Token validation result for test@gmail.com: true
2026-01-02 21:43:18 INFO  c.e.trainerintake.security.JwtFilter - ? Authentication set in SecurityContext for user: test@gmail.com
2026-01-02 21:43:25 INFO  c.e.trainerintake.security.JwtFilter - ?? Incoming request path: /auth/me
2026-01-02 21:43:25 INFO  c.e.trainerintake.security.JwtFilter - ?? Incoming request path: /survey/questions
2026-01-02 21:43:25 DEBUG c.e.trainerintake.security.JwtFilter - ? Found Authorization header, token extracted
2026-01-02 21:43:25 DEBUG c.e.trainerintake.security.JwtFilter - ? Found Authorization header, token extracted
2026-01-02 21:43:25 INFO  c.e.trainerintake.security.JwtFilter - ? Username extracted from JWT: test@gmail.com
2026-01-02 21:43:25 INFO  c.e.trainerintake.security.JwtFilter - ? Username extracted from JWT: test@gmail.com
2026-01-02 21:43:25 DEBUG c.e.trainerintake.security.JwtFilter - ? Loading UserDetails for: test@gmail.com
2026-01-02 21:43:25 DEBUG c.e.trainerintake.security.JwtFilter - ? Loading UserDetails for: test@gmail.com
2026-01-02 21:43:25 INFO  c.e.trainerintake.security.JwtFilter - ? Loaded UserDetails: test@gmail.com | Authorities: [ROLE_USER]
2026-01-02 21:43:25 INFO  c.e.trainerintake.security.JwtFilter - ? Loaded UserDetails: test@gmail.com | Authorities: [ROLE_USER]
2026-01-02 21:43:25 INFO  c.e.trainerintake.security.JwtFilter - ? Token validation result for test@gmail.com: true
2026-01-02 21:43:25 INFO  c.e.trainerintake.security.JwtFilter - ? Token validation result for test@gmail.com: true
2026-01-02 21:43:25 INFO  c.e.trainerintake.security.JwtFilter - ? Authentication set in SecurityContext for user: test@gmail.com
2026-01-02 21:43:25 INFO  c.e.trainerintake.security.JwtFilter - ? Authentication set in SecurityContext for user: test@gmail.com
2026-01-02 21:43:25 INFO  c.e.trainerintake.security.JwtFilter - ?? Incoming request path: /auth/me
2026-01-02 21:43:25 DEBUG c.e.trainerintake.security.JwtFilter - ? Found Authorization header, token extracted
2026-01-02 21:43:25 INFO  c.e.trainerintake.security.JwtFilter - ? Username extracted from JWT: test@gmail.com
2026-01-02 21:43:25 DEBUG c.e.trainerintake.security.JwtFilter - ? Loading UserDetails for: test@gmail.com
2026-01-02 21:43:25 INFO  c.e.trainerintake.security.JwtFilter - ?? Incoming request path: /survey/questions
2026-01-02 21:43:25 DEBUG c.e.trainerintake.security.JwtFilter - ? Found Authorization header, token extracted
2026-01-02 21:43:25 INFO  c.e.trainerintake.security.JwtFilter - ? Username extracted from JWT: test@gmail.com
2026-01-02 21:43:25 DEBUG c.e.trainerintake.security.JwtFilter - ? Loading UserDetails for: test@gmail.com
2026-01-02 21:43:25 INFO  c.e.trainerintake.security.JwtFilter - ? Loaded UserDetails: test@gmail.com | Authorities: [ROLE_USER]
2026-01-02 21:43:25 INFO  c.e.trainerintake.security.JwtFilter - ? Loaded UserDetails: test@gmail.com | Authorities: [ROLE_USER]
2026-01-02 21:43:25 INFO  c.e.trainerintake.security.JwtFilter - ? Token validation result for test@gmail.com: true
2026-01-02 21:43:25 INFO  c.e.trainerintake.security.JwtFilter - ? Authentication set in SecurityContext for user: test@gmail.com
2026-01-02 21:43:25 INFO  c.e.trainerintake.security.JwtFilter - ? Token validation result for test@gmail.com: true
2026-01-02 21:43:25 INFO  c.e.trainerintake.security.JwtFilter - ? Authentication set in SecurityContext for user: test@gmail.com
2026-01-02 21:43:51 INFO  c.e.trainerintake.security.JwtFilter - ?? Incoming request path: /auth/login
2026-01-02 21:43:51 DEBUG c.e.trainerintake.security.JwtFilter - ?? Skipping JWT filter for path: /auth/login
2026-01-02 21:43:53 INFO  c.e.trainerintake.security.JwtFilter - ?? Incoming request path: /auth/me
2026-01-02 21:43:53 DEBUG c.e.trainerintake.security.JwtFilter - ? Found Authorization header, token extracted
2026-01-02 21:43:53 INFO  c.e.trainerintake.security.JwtFilter - ? Username extracted from JWT: test@gmail.com
2026-01-02 21:43:53 DEBUG c.e.trainerintake.security.JwtFilter - ? Loading UserDetails for: test@gmail.com
2026-01-02 21:43:53 INFO  c.e.trainerintake.security.JwtFilter - ? Loaded UserDetails: test@gmail.com | Authorities: [ROLE_USER]
2026-01-02 21:43:53 INFO  c.e.trainerintake.security.JwtFilter - ? Token validation result for test@gmail.com: true
2026-01-02 21:43:53 INFO  c.e.trainerintake.security.JwtFilter - ? Authentication set in SecurityContext for user: test@gmail.com
2026-01-02 21:43:53 INFO  c.e.trainerintake.security.JwtFilter - ?? Incoming request path: /auth/me
2026-01-02 21:43:53 DEBUG c.e.trainerintake.security.JwtFilter - ? Found Authorization header, token extracted
2026-01-02 21:43:53 INFO  c.e.trainerintake.security.JwtFilter - ? Username extracted from JWT: test@gmail.com
2026-01-02 21:43:53 DEBUG c.e.trainerintake.security.JwtFilter - ? Loading UserDetails for: test@gmail.com
2026-01-02 21:43:53 INFO  c.e.trainerintake.security.JwtFilter - ? Loaded UserDetails: test@gmail.com | Authorities: [ROLE_USER]
2026-01-02 21:43:53 INFO  c.e.trainerintake.security.JwtFilter - ? Token validation result for test@gmail.com: true
2026-01-02 21:43:53 INFO  c.e.trainerintake.security.JwtFilter - ? Authentication set in SecurityContext for user: test@gmail.com
2026-01-02 21:43:55 INFO  c.e.trainerintake.security.JwtFilter - ?? Incoming request path: /survey/questions
2026-01-02 21:43:55 DEBUG c.e.trainerintake.security.JwtFilter - ? Found Authorization header, token extracted
2026-01-02 21:43:55 INFO  c.e.trainerintake.security.JwtFilter - ? Username extracted from JWT: test@gmail.com
2026-01-02 21:43:55 DEBUG c.e.trainerintake.security.JwtFilter - ? Loading UserDetails for: test@gmail.com
2026-01-02 21:43:55 INFO  c.e.trainerintake.security.JwtFilter - ? Loaded UserDetails: test@gmail.com | Authorities: [ROLE_USER]
2026-01-02 21:43:55 INFO  c.e.trainerintake.security.JwtFilter - ? Token validation result for test@gmail.com: true
2026-01-02 21:43:55 INFO  c.e.trainerintake.security.JwtFilter - ? Authentication set in SecurityContext for user: test@gmail.com
2026-01-02 21:43:55 INFO  c.e.trainerintake.security.JwtFilter - ?? Incoming request path: /survey/questions
2026-01-02 21:43:55 DEBUG c.e.trainerintake.security.JwtFilter - ? Found Authorization header, token extracted
2026-01-02 21:43:55 INFO  c.e.trainerintake.security.JwtFilter - ? Username extracted from JWT: test@gmail.com
2026-01-02 21:43:55 DEBUG c.e.trainerintake.security.JwtFilter - ? Loading UserDetails for: test@gmail.com
2026-01-02 21:43:55 INFO  c.e.trainerintake.security.JwtFilter - ? Loaded UserDetails: test@gmail.com | Authorities: [ROLE_USER]
2026-01-02 21:43:55 INFO  c.e.trainerintake.security.JwtFilter - ? Token validation result for test@gmail.com: true
2026-01-02 21:43:55 INFO  c.e.trainerintake.security.JwtFilter - ? Authentication set in SecurityContext for user: test@gmail.com
2026-01-02 21:45:58 INFO  c.e.trainerintake.security.JwtFilter - ?? Incoming request path: /survey/questions
2026-01-02 21:45:58 DEBUG c.e.trainerintake.security.JwtFilter - ? Found Authorization header, token extracted
2026-01-02 21:45:58 INFO  c.e.trainerintake.security.JwtFilter - ? Username extracted from JWT: test@gmail.com
2026-01-02 21:45:58 DEBUG c.e.trainerintake.security.JwtFilter - ? Loading UserDetails for: test@gmail.com
2026-01-02 21:45:58 INFO  c.e.trainerintake.security.JwtFilter - ? Loaded UserDetails: test@gmail.com | Authorities: [ROLE_USER]
2026-01-02 21:45:58 INFO  c.e.trainerintake.security.JwtFilter - ? Token validation result for test@gmail.com: true
2026-01-02 21:45:58 INFO  c.e.trainerintake.security.JwtFilter - ? Authentication set in SecurityContext for user: test@gmail.com
2026-01-02 21:46:04 INFO  c.e.trainerintake.security.JwtFilter - ?? Incoming request path: /auth/me
2026-01-02 21:46:04 DEBUG c.e.trainerintake.security.JwtFilter - ? Found Authorization header, token extracted
2026-01-02 21:46:04 INFO  c.e.trainerintake.security.JwtFilter - ?? Incoming request path: /survey/questions
2026-01-02 21:46:04 DEBUG c.e.trainerintake.security.JwtFilter - ? Found Authorization header, token extracted
2026-01-02 21:46:04 INFO  c.e.trainerintake.security.JwtFilter - ? Username extracted from JWT: test@gmail.com
2026-01-02 21:46:04 DEBUG c.e.trainerintake.security.JwtFilter - ? Loading UserDetails for: test@gmail.com
2026-01-02 21:46:04 INFO  c.e.trainerintake.security.JwtFilter - ? Username extracted from JWT: test@gmail.com
2026-01-02 21:46:04 DEBUG c.e.trainerintake.security.JwtFilter - ? Loading UserDetails for: test@gmail.com
2026-01-02 21:46:04 INFO  c.e.trainerintake.security.JwtFilter - ? Loaded UserDetails: test@gmail.com | Authorities: [ROLE_USER]
2026-01-02 21:46:04 INFO  c.e.trainerintake.security.JwtFilter - ? Loaded UserDetails: test@gmail.com | Authorities: [ROLE_USER]
2026-01-02 21:46:04 INFO  c.e.trainerintake.security.JwtFilter - ? Token validation result for test@gmail.com: true
2026-01-02 21:46:04 INFO  c.e.trainerintake.security.JwtFilter - ? Authentication set in SecurityContext for user: test@gmail.com
2026-01-02 21:46:04 INFO  c.e.trainerintake.security.JwtFilter - ? Token validation result for test@gmail.com: true
2026-01-02 21:46:04 INFO  c.e.trainerintake.security.JwtFilter - ? Authentication set in SecurityContext for user: test@gmail.com
2026-01-02 21:46:04 INFO  c.e.trainerintake.security.JwtFilter - ?? Incoming request path: /auth/me
2026-01-02 21:46:04 DEBUG c.e.trainerintake.security.JwtFilter - ? Found Authorization header, token extracted
2026-01-02 21:46:04 INFO  c.e.trainerintake.security.JwtFilter - ?? Incoming request path: /survey/questions
2026-01-02 21:46:04 DEBUG c.e.trainerintake.security.JwtFilter - ? Found Authorization header, token extracted
2026-01-02 21:46:04 INFO  c.e.trainerintake.security.JwtFilter - ? Username extracted from JWT: test@gmail.com
2026-01-02 21:46:04 DEBUG c.e.trainerintake.security.JwtFilter - ? Loading UserDetails for: test@gmail.com
2026-01-02 21:46:04 INFO  c.e.trainerintake.security.JwtFilter - ? Username extracted from JWT: test@gmail.com
2026-01-02 21:46:04 DEBUG c.e.trainerintake.security.JwtFilter - ? Loading UserDetails for: test@gmail.com
2026-01-02 21:46:04 INFO  c.e.trainerintake.security.JwtFilter - ? Loaded UserDetails: test@gmail.com | Authorities: [ROLE_USER]
2026-01-02 21:46:04 INFO  c.e.trainerintake.security.JwtFilter - ? Loaded UserDetails: test@gmail.com | Authorities: [ROLE_USER]
2026-01-02 21:46:04 INFO  c.e.trainerintake.security.JwtFilter - ? Token validation result for test@gmail.com: true
2026-01-02 21:46:04 INFO  c.e.trainerintake.security.JwtFilter - ? Authentication set in SecurityContext for user: test@gmail.com
2026-01-02 21:46:04 INFO  c.e.trainerintake.security.JwtFilter - ? Token validation result for test@gmail.com: true
2026-01-02 21:46:04 INFO  c.e.trainerintake.security.JwtFilter - ? Authentication set in SecurityContext for user: test@gmail.com
2026-01-02 21:52:39 DEBUG c.e.trainerintake.security.JwtFilter - Filter 'jwtFilter' configured for use
2026-01-02 21:52:51 INFO  c.e.trainerintake.security.JwtFilter - ?? Incoming request path: /auth/login
2026-01-02 21:52:51 DEBUG c.e.trainerintake.security.JwtFilter - ?? Skipping JWT filter for path: /auth/login
2026-01-02 21:52:53 INFO  c.e.trainerintake.security.JwtFilter - ?? Incoming request path: /auth/me
2026-01-02 21:52:53 DEBUG c.e.trainerintake.security.JwtFilter - ? Found Authorization header, token extracted
2026-01-02 21:52:53 INFO  c.e.trainerintake.security.JwtFilter - ? Username extracted from JWT: test@gmail.com
2026-01-02 21:52:53 DEBUG c.e.trainerintake.security.JwtFilter - ? Loading UserDetails for: test@gmail.com
2026-01-02 21:52:53 INFO  c.e.trainerintake.security.JwtFilter - ? Loaded UserDetails: test@gmail.com | Authorities: [ROLE_USER]
2026-01-02 21:52:53 INFO  c.e.trainerintake.security.JwtFilter - ? Token validation result for test@gmail.com: true
2026-01-02 21:52:53 INFO  c.e.trainerintake.security.JwtFilter - ? Authentication set in SecurityContext for user: test@gmail.com
2026-01-02 21:52:53 INFO  c.e.trainerintake.security.JwtFilter - ?? Incoming request path: /auth/me
2026-01-02 21:52:53 DEBUG c.e.trainerintake.security.JwtFilter - ? Found Authorization header, token extracted
2026-01-02 21:52:53 INFO  c.e.trainerintake.security.JwtFilter - ? Username extracted from JWT: test@gmail.com
2026-01-02 21:52:53 DEBUG c.e.trainerintake.security.JwtFilter - ? Loading UserDetails for: test@gmail.com
2026-01-02 21:52:53 INFO  c.e.trainerintake.security.JwtFilter - ? Loaded UserDetails: test@gmail.com | Authorities: [ROLE_USER]
2026-01-02 21:52:53 INFO  c.e.trainerintake.security.JwtFilter - ? Token validation result for test@gmail.com: true
2026-01-02 21:52:53 INFO  c.e.trainerintake.security.JwtFilter - ? Authentication set in SecurityContext for user: test@gmail.com
2026-01-02 21:52:56 INFO  c.e.trainerintake.security.JwtFilter - ?? Incoming request path: /survey/questions
2026-01-02 21:52:56 DEBUG c.e.trainerintake.security.JwtFilter - ? Found Authorization header, token extracted
2026-01-02 21:52:56 INFO  c.e.trainerintake.security.JwtFilter - ? Username extracted from JWT: test@gmail.com
2026-01-02 21:52:56 DEBUG c.e.trainerintake.security.JwtFilter - ? Loading UserDetails for: test@gmail.com
2026-01-02 21:52:56 INFO  c.e.trainerintake.security.JwtFilter - ? Loaded UserDetails: test@gmail.com | Authorities: [ROLE_USER]
2026-01-02 21:52:56 INFO  c.e.trainerintake.security.JwtFilter - ? Token validation result for test@gmail.com: true
2026-01-02 21:52:56 INFO  c.e.trainerintake.security.JwtFilter - ? Authentication set in SecurityContext for user: test@gmail.com
2026-01-02 21:52:56 INFO  c.e.trainerintake.security.JwtFilter - ?? Incoming request path: /survey/questions
2026-01-02 21:52:56 DEBUG c.e.trainerintake.security.JwtFilter - ? Found Authorization header, token extracted
2026-01-02 21:52:56 INFO  c.e.trainerintake.security.JwtFilter - ? Username extracted from JWT: test@gmail.com
2026-01-02 21:52:56 DEBUG c.e.trainerintake.security.JwtFilter - ? Loading UserDetails for: test@gmail.com
2026-01-02 21:52:56 INFO  c.e.trainerintake.security.JwtFilter - ? Loaded UserDetails: test@gmail.com | Authorities: [ROLE_USER]
2026-01-02 21:52:56 INFO  c.e.trainerintake.security.JwtFilter - ? Token validation result for test@gmail.com: true
2026-01-02 21:52:56 INFO  c.e.trainerintake.security.JwtFilter - ? Authentication set in SecurityContext for user: test@gmail.com
2026-01-02 21:55:14 INFO  c.e.trainerintake.security.JwtFilter - ?? Incoming request path: /survey/questions
2026-01-02 21:55:14 DEBUG c.e.trainerintake.security.JwtFilter - ? Found Authorization header, token extracted
2026-01-02 21:55:14 INFO  c.e.trainerintake.security.JwtFilter - ? Username extracted from JWT: test@gmail.com
2026-01-02 21:55:14 DEBUG c.e.trainerintake.security.JwtFilter - ? Loading UserDetails for: test@gmail.com
2026-01-02 21:55:14 INFO  c.e.trainerintake.security.JwtFilter - ? Loaded UserDetails: test@gmail.com | Authorities: [ROLE_USER]
2026-01-02 21:55:14 INFO  c.e.trainerintake.security.JwtFilter - ? Token validation result for test@gmail.com: true
2026-01-02 21:55:14 INFO  c.e.trainerintake.security.JwtFilter - ? Authentication set in SecurityContext for user: test@gmail.com
2026-01-02 21:55:19 INFO  c.e.trainerintake.security.JwtFilter - ?? Incoming request path: /survey/questions
2026-01-02 21:55:19 DEBUG c.e.trainerintake.security.JwtFilter - ? Found Authorization header, token extracted
2026-01-02 21:55:19 INFO  c.e.trainerintake.security.JwtFilter - ?? Incoming request path: /auth/me
2026-01-02 21:55:19 DEBUG c.e.trainerintake.security.JwtFilter - ? Found Authorization header, token extracted
2026-01-02 21:55:19 INFO  c.e.trainerintake.security.JwtFilter - ? Username extracted from JWT: test@gmail.com
2026-01-02 21:55:19 DEBUG c.e.trainerintake.security.JwtFilter - ? Loading UserDetails for: test@gmail.com
2026-01-02 21:55:19 INFO  c.e.trainerintake.security.JwtFilter - ? Username extracted from JWT: test@gmail.com
2026-01-02 21:55:19 DEBUG c.e.trainerintake.security.JwtFilter - ? Loading UserDetails for: test@gmail.com
2026-01-02 21:55:19 INFO  c.e.trainerintake.security.JwtFilter - ? Loaded UserDetails: test@gmail.com | Authorities: [ROLE_USER]
2026-01-02 21:55:19 INFO  c.e.trainerintake.security.JwtFilter - ? Token validation result for test@gmail.com: true
2026-01-02 21:55:19 INFO  c.e.trainerintake.security.JwtFilter - ? Authentication set in SecurityContext for user: test@gmail.com
2026-01-02 21:55:19 INFO  c.e.trainerintake.security.JwtFilter - ? Loaded UserDetails: test@gmail.com | Authorities: [ROLE_USER]
2026-01-02 21:55:19 INFO  c.e.trainerintake.security.JwtFilter - ? Token validation result for test@gmail.com: true
2026-01-02 21:55:19 INFO  c.e.trainerintake.security.JwtFilter - ? Authentication set in SecurityContext for user: test@gmail.com
2026-01-02 21:55:19 INFO  c.e.trainerintake.security.JwtFilter - ?? Incoming request path: /auth/me
2026-01-02 21:55:19 DEBUG c.e.trainerintake.security.JwtFilter - ? Found Authorization header, token extracted
2026-01-02 21:55:19 INFO  c.e.trainerintake.security.JwtFilter - ?? Incoming request path: /survey/questions
2026-01-02 21:55:19 DEBUG c.e.trainerintake.security.JwtFilter - ? Found Authorization header, token extracted
2026-01-02 21:55:19 INFO  c.e.trainerintake.security.JwtFilter - ? Username extracted from JWT: test@gmail.com
2026-01-02 21:55:19 INFO  c.e.trainerintake.security.JwtFilter - ? Username extracted from JWT: test@gmail.com
2026-01-02 21:55:19 DEBUG c.e.trainerintake.security.JwtFilter - ? Loading UserDetails for: test@gmail.com
2026-01-02 21:55:19 DEBUG c.e.trainerintake.security.JwtFilter - ? Loading UserDetails for: test@gmail.com
2026-01-02 21:55:19 INFO  c.e.trainerintake.security.JwtFilter - ? Loaded UserDetails: test@gmail.com | Authorities: [ROLE_USER]
2026-01-02 21:55:19 INFO  c.e.trainerintake.security.JwtFilter - ? Loaded UserDetails: test@gmail.com | Authorities: [ROLE_USER]
2026-01-02 21:55:19 INFO  c.e.trainerintake.security.JwtFilter - ? Token validation result for test@gmail.com: true
2026-01-02 21:55:19 INFO  c.e.trainerintake.security.JwtFilter - ? Token validation result for test@gmail.com: true
2026-01-02 21:55:19 INFO  c.e.trainerintake.security.JwtFilter - ? Authentication set in SecurityContext for user: test@gmail.com
2026-01-02 21:55:19 INFO  c.e.trainerintake.security.JwtFilter - ? Authentication set in SecurityContext for user: test@gmail.com
2026-01-02 21:56:07 INFO  c.e.trainerintake.security.JwtFilter - ?? Incoming request path: /survey/submit
2026-01-02 21:56:07 DEBUG c.e.trainerintake.security.JwtFilter - ? Found Authorization header, token extracted
2026-01-02 21:56:07 INFO  c.e.trainerintake.security.JwtFilter - ? Username extracted from JWT: test@gmail.com
2026-01-02 21:56:07 DEBUG c.e.trainerintake.security.JwtFilter - ? Loading UserDetails for: test@gmail.com
2026-01-02 21:56:07 INFO  c.e.trainerintake.security.JwtFilter - ? Loaded UserDetails: test@gmail.com | Authorities: [ROLE_USER]
2026-01-02 21:56:07 INFO  c.e.trainerintake.security.JwtFilter - ? Token validation result for test@gmail.com: true
2026-01-02 21:56:07 INFO  c.e.trainerintake.security.JwtFilter - ? Authentication set in SecurityContext for user: test@gmail.com
2026-01-02 21:56:25 INFO  c.e.trainerintake.security.JwtFilter - ?? Incoming request path: /programs/me
2026-01-02 21:56:25 DEBUG c.e.trainerintake.security.JwtFilter - ? Found Authorization header, token extracted
2026-01-02 21:56:25 INFO  c.e.trainerintake.security.JwtFilter - ? Username extracted from JWT: test@gmail.com
2026-01-02 21:56:25 DEBUG c.e.trainerintake.security.JwtFilter - ? Loading UserDetails for: test@gmail.com
2026-01-02 21:56:25 INFO  c.e.trainerintake.security.JwtFilter - ? Loaded UserDetails: test@gmail.com | Authorities: [ROLE_USER]
2026-01-02 21:56:25 INFO  c.e.trainerintake.security.JwtFilter - ? Token validation result for test@gmail.com: true
2026-01-02 21:56:25 INFO  c.e.trainerintake.security.JwtFilter - ? Authentication set in SecurityContext for user: test@gmail.com
2026-01-02 21:56:25 INFO  c.e.trainerintake.security.JwtFilter - ?? Incoming request path: /programs/me
2026-01-02 21:56:25 DEBUG c.e.trainerintake.security.JwtFilter - ? Found Authorization header, token extracted
2026-01-02 21:56:25 INFO  c.e.trainerintake.security.JwtFilter - ? Username extracted from JWT: test@gmail.com
2026-01-02 21:56:25 DEBUG c.e.trainerintake.security.JwtFilter - ? Loading UserDetails for: test@gmail.com
2026-01-02 21:56:25 INFO  c.e.trainerintake.security.JwtFilter - ? Loaded UserDetails: test@gmail.com | Authorities: [ROLE_USER]
2026-01-02 21:56:25 INFO  c.e.trainerintake.security.JwtFilter - ? Token validation result for test@gmail.com: true
2026-01-02 21:56:25 INFO  c.e.trainerintake.security.JwtFilter - ? Authentication set in SecurityContext for user: test@gmail.com
2026-01-02 21:57:28 INFO  c.e.trainerintake.security.JwtFilter - ?? Incoming request path: /survey/questions
2026-01-02 21:57:28 DEBUG c.e.trainerintake.security.JwtFilter - ? Found Authorization header, token extracted
2026-01-02 21:57:28 INFO  c.e.trainerintake.security.JwtFilter - ? Username extracted from JWT: test@gmail.com
2026-01-02 21:57:28 DEBUG c.e.trainerintake.security.JwtFilter - ? Loading UserDetails for: test@gmail.com
2026-01-02 21:57:28 INFO  c.e.trainerintake.security.JwtFilter - ? Loaded UserDetails: test@gmail.com | Authorities: [ROLE_USER]
2026-01-02 21:57:28 INFO  c.e.trainerintake.security.JwtFilter - ? Token validation result for test@gmail.com: true
2026-01-02 21:57:28 INFO  c.e.trainerintake.security.JwtFilter - ? Authentication set in SecurityContext for user: test@gmail.com
2026-01-02 21:57:28 INFO  c.e.trainerintake.security.JwtFilter - ?? Incoming request path: /survey/questions
2026-01-02 21:57:28 DEBUG c.e.trainerintake.security.JwtFilter - ? Found Authorization header, token extracted
2026-01-02 21:57:28 INFO  c.e.trainerintake.security.JwtFilter - ? Username extracted from JWT: test@gmail.com
2026-01-02 21:57:28 DEBUG c.e.trainerintake.security.JwtFilter - ? Loading UserDetails for: test@gmail.com
2026-01-02 21:57:28 INFO  c.e.trainerintake.security.JwtFilter - ? Loaded UserDetails: test@gmail.com | Authorities: [ROLE_USER]
2026-01-02 21:57:28 INFO  c.e.trainerintake.security.JwtFilter - ? Token validation result for test@gmail.com: true
2026-01-02 21:57:28 INFO  c.e.trainerintake.security.JwtFilter - ? Authentication set in SecurityContext for user: test@gmail.com
2026-01-02 21:57:47 INFO  c.e.trainerintake.security.JwtFilter - ?? Incoming request path: /survey/submit
2026-01-02 21:57:47 DEBUG c.e.trainerintake.security.JwtFilter - ? Found Authorization header, token extracted
2026-01-02 21:57:47 INFO  c.e.trainerintake.security.JwtFilter - ? Username extracted from JWT: test@gmail.com
2026-01-02 21:57:47 DEBUG c.e.trainerintake.security.JwtFilter - ? Loading UserDetails for: test@gmail.com
2026-01-02 21:57:47 INFO  c.e.trainerintake.security.JwtFilter - ? Loaded UserDetails: test@gmail.com | Authorities: [ROLE_USER]
2026-01-02 21:57:47 INFO  c.e.trainerintake.security.JwtFilter - ? Token validation result for test@gmail.com: true
2026-01-02 21:57:47 INFO  c.e.trainerintake.security.JwtFilter - ? Authentication set in SecurityContext for user: test@gmail.com
2026-01-02 21:58:00 INFO  c.e.trainerintake.security.JwtFilter - ?? Incoming request path: /programs/me
2026-01-02 21:58:00 DEBUG c.e.trainerintake.security.JwtFilter - ? Found Authorization header, token extracted
2026-01-02 21:58:00 INFO  c.e.trainerintake.security.JwtFilter - ? Username extracted from JWT: test@gmail.com
2026-01-02 21:58:00 DEBUG c.e.trainerintake.security.JwtFilter - ? Loading UserDetails for: test@gmail.com
2026-01-02 21:58:00 INFO  c.e.trainerintake.security.JwtFilter - ? Loaded UserDetails: test@gmail.com | Authorities: [ROLE_USER]
2026-01-02 21:58:00 INFO  c.e.trainerintake.security.JwtFilter - ? Token validation result for test@gmail.com: true
2026-01-02 21:58:00 INFO  c.e.trainerintake.security.JwtFilter - ? Authentication set in SecurityContext for user: test@gmail.com
2026-01-02 21:58:00 INFO  c.e.trainerintake.security.JwtFilter - ?? Incoming request path: /programs/me
2026-01-02 21:58:00 DEBUG c.e.trainerintake.security.JwtFilter - ? Found Authorization header, token extracted
2026-01-02 21:58:00 INFO  c.e.trainerintake.security.JwtFilter - ? Username extracted from JWT: test@gmail.com
2026-01-02 21:58:00 DEBUG c.e.trainerintake.security.JwtFilter - ? Loading UserDetails for: test@gmail.com
2026-01-02 21:58:00 INFO  c.e.trainerintake.security.JwtFilter - ? Loaded UserDetails: test@gmail.com | Authorities: [ROLE_USER]
2026-01-02 21:58:00 INFO  c.e.trainerintake.security.JwtFilter - ? Token validation result for test@gmail.com: true
2026-01-02 21:58:00 INFO  c.e.trainerintake.security.JwtFilter - ? Authentication set in SecurityContext for user: test@gmail.com
2026-01-02 22:05:18 INFO  c.e.trainerintake.security.JwtFilter - ?? Incoming request path: /programs/me
2026-01-02 22:05:18 DEBUG c.e.trainerintake.security.JwtFilter - ? Found Authorization header, token extracted
2026-01-02 22:05:18 INFO  c.e.trainerintake.security.JwtFilter - ? Username extracted from JWT: test@gmail.com
2026-01-02 22:05:18 DEBUG c.e.trainerintake.security.JwtFilter - ? Loading UserDetails for: test@gmail.com
2026-01-02 22:05:18 INFO  c.e.trainerintake.security.JwtFilter - ? Loaded UserDetails: test@gmail.com | Authorities: [ROLE_USER]
2026-01-02 22:05:18 INFO  c.e.trainerintake.security.JwtFilter - ? Token validation result for test@gmail.com: true
2026-01-02 22:05:18 INFO  c.e.trainerintake.security.JwtFilter - ? Authentication set in SecurityContext for user: test@gmail.com
2026-01-02 22:33:27 DEBUG c.e.trainerintake.security.JwtFilter - Filter 'jwtFilter' configured for use
2026-01-02 22:34:44 INFO  c.e.trainerintake.security.JwtFilter - ?? Incoming request path: /programs/me
2026-01-02 22:34:44 INFO  c.e.trainerintake.security.JwtFilter - ?? Incoming request path: /auth/me
2026-01-02 22:34:44 DEBUG c.e.trainerintake.security.JwtFilter - ? Found Authorization header, token extracted
2026-01-02 22:34:44 DEBUG c.e.trainerintake.security.JwtFilter - ? Found Authorization header, token extracted
2026-01-02 22:34:44 INFO  c.e.trainerintake.security.JwtFilter - ? Username extracted from JWT: test@gmail.com
2026-01-02 22:34:44 INFO  c.e.trainerintake.security.JwtFilter - ? Username extracted from JWT: test@gmail.com
2026-01-02 22:34:44 DEBUG c.e.trainerintake.security.JwtFilter - ? Loading UserDetails for: test@gmail.com
2026-01-02 22:34:44 DEBUG c.e.trainerintake.security.JwtFilter - ? Loading UserDetails for: test@gmail.com
2026-01-02 22:34:44 INFO  c.e.trainerintake.security.JwtFilter - ? Loaded UserDetails: test@gmail.com | Authorities: [ROLE_USER]
2026-01-02 22:34:44 INFO  c.e.trainerintake.security.JwtFilter - ? Loaded UserDetails: test@gmail.com | Authorities: [ROLE_USER]
2026-01-02 22:34:44 INFO  c.e.trainerintake.security.JwtFilter - ? Token validation result for test@gmail.com: true
2026-01-02 22:34:44 INFO  c.e.trainerintake.security.JwtFilter - ? Token validation result for test@gmail.com: true
2026-01-02 22:34:44 INFO  c.e.trainerintake.security.JwtFilter - ? Authentication set in SecurityContext for user: test@gmail.com
2026-01-02 22:34:44 INFO  c.e.trainerintake.security.JwtFilter - ? Authentication set in SecurityContext for user: test@gmail.com
2026-01-02 22:34:45 INFO  c.e.trainerintake.security.JwtFilter - ?? Incoming request path: /auth/me
2026-01-02 22:34:45 DEBUG c.e.trainerintake.security.JwtFilter - ? Found Authorization header, token extracted
2026-01-02 22:34:45 INFO  c.e.trainerintake.security.JwtFilter - ?? Incoming request path: /programs/me
2026-01-02 22:34:45 DEBUG c.e.trainerintake.security.JwtFilter - ? Found Authorization header, token extracted
2026-01-02 22:34:45 INFO  c.e.trainerintake.security.JwtFilter - ? Username extracted from JWT: test@gmail.com
2026-01-02 22:34:45 DEBUG c.e.trainerintake.security.JwtFilter - ? Loading UserDetails for: test@gmail.com
2026-01-02 22:34:45 INFO  c.e.trainerintake.security.JwtFilter - ? Username extracted from JWT: test@gmail.com
2026-01-02 22:34:45 DEBUG c.e.trainerintake.security.JwtFilter - ? Loading UserDetails for: test@gmail.com
2026-01-02 22:34:45 INFO  c.e.trainerintake.security.JwtFilter - ? Loaded UserDetails: test@gmail.com | Authorities: [ROLE_USER]
2026-01-02 22:34:45 INFO  c.e.trainerintake.security.JwtFilter - ? Loaded UserDetails: test@gmail.com | Authorities: [ROLE_USER]
2026-01-02 22:34:45 INFO  c.e.trainerintake.security.JwtFilter - ? Token validation result for test@gmail.com: true
2026-01-02 22:34:45 INFO  c.e.trainerintake.security.JwtFilter - ? Authentication set in SecurityContext for user: test@gmail.com
2026-01-02 22:34:45 INFO  c.e.trainerintake.security.JwtFilter - ? Token validation result for test@gmail.com: true
2026-01-02 22:34:45 INFO  c.e.trainerintake.security.JwtFilter - ? Authentication set in SecurityContext for user: test@gmail.com
2026-01-02 22:34:49 INFO  c.e.trainerintake.security.JwtFilter - ?? Incoming request path: /programs/1
2026-01-02 22:34:49 DEBUG c.e.trainerintake.security.JwtFilter - ? Found Authorization header, token extracted
2026-01-02 22:34:49 INFO  c.e.trainerintake.security.JwtFilter - ? Username extracted from JWT: test@gmail.com
2026-01-02 22:34:49 DEBUG c.e.trainerintake.security.JwtFilter - ? Loading UserDetails for: test@gmail.com
2026-01-02 22:34:49 INFO  c.e.trainerintake.security.JwtFilter - ? Loaded UserDetails: test@gmail.com | Authorities: [ROLE_USER]
2026-01-02 22:34:49 INFO  c.e.trainerintake.security.JwtFilter - ? Token validation result for test@gmail.com: true
2026-01-02 22:34:49 INFO  c.e.trainerintake.security.JwtFilter - ? Authentication set in SecurityContext for user: test@gmail.com
2026-01-02 22:34:52 INFO  c.e.trainerintake.security.JwtFilter - ?? Incoming request path: /programs/2
2026-01-02 22:34:52 DEBUG c.e.trainerintake.security.JwtFilter - ? Found Authorization header, token extracted
2026-01-02 22:34:52 INFO  c.e.trainerintake.security.JwtFilter - ? Username extracted from JWT: test@gmail.com
2026-01-02 22:34:52 DEBUG c.e.trainerintake.security.JwtFilter - ? Loading UserDetails for: test@gmail.com
2026-01-02 22:34:52 INFO  c.e.trainerintake.security.JwtFilter - ? Loaded UserDetails: test@gmail.com | Authorities: [ROLE_USER]
2026-01-02 22:34:52 INFO  c.e.trainerintake.security.JwtFilter - ? Token validation result for test@gmail.com: true
2026-01-02 22:34:52 INFO  c.e.trainerintake.security.JwtFilter - ? Authentication set in SecurityContext for user: test@gmail.com
2026-01-02 22:35:06 INFO  c.e.trainerintake.security.JwtFilter - ?? Incoming request path: /programs/3
2026-01-02 22:35:06 DEBUG c.e.trainerintake.security.JwtFilter - ? Found Authorization header, token extracted
2026-01-02 22:35:06 INFO  c.e.trainerintake.security.JwtFilter - ? Username extracted from JWT: test@gmail.com
2026-01-02 22:35:06 DEBUG c.e.trainerintake.security.JwtFilter - ? Loading UserDetails for: test@gmail.com
2026-01-02 22:35:06 INFO  c.e.trainerintake.security.JwtFilter - ? Loaded UserDetails: test@gmail.com | Authorities: [ROLE_USER]
2026-01-02 22:35:06 INFO  c.e.trainerintake.security.JwtFilter - ? Token validation result for test@gmail.com: true
2026-01-02 22:35:06 INFO  c.e.trainerintake.security.JwtFilter - ? Authentication set in SecurityContext for user: test@gmail.com
2026-01-02 22:35:07 INFO  c.e.trainerintake.security.JwtFilter - ?? Incoming request path: /programs/7
2026-01-02 22:35:07 DEBUG c.e.trainerintake.security.JwtFilter - ? Found Authorization header, token extracted
2026-01-02 22:35:07 INFO  c.e.trainerintake.security.JwtFilter - ? Username extracted from JWT: test@gmail.com
2026-01-02 22:35:07 DEBUG c.e.trainerintake.security.JwtFilter - ? Loading UserDetails for: test@gmail.com
2026-01-02 22:35:07 INFO  c.e.trainerintake.security.JwtFilter - ? Loaded UserDetails: test@gmail.com | Authorities: [ROLE_USER]
2026-01-02 22:35:07 INFO  c.e.trainerintake.security.JwtFilter - ? Token validation result for test@gmail.com: true
2026-01-02 22:35:07 INFO  c.e.trainerintake.security.JwtFilter - ? Authentication set in SecurityContext for user: test@gmail.com
2026-01-02 22:35:28 INFO  c.e.trainerintake.security.JwtFilter - ?? Incoming request path: /programs/17
2026-01-02 22:35:28 DEBUG c.e.trainerintake.security.JwtFilter - ? Found Authorization header, token extracted
2026-01-02 22:35:28 INFO  c.e.trainerintake.security.JwtFilter - ? Username extracted from JWT: test@gmail.com
2026-01-02 22:35:28 DEBUG c.e.trainerintake.security.JwtFilter - ? Loading UserDetails for: test@gmail.com
2026-01-02 22:35:28 INFO  c.e.trainerintake.security.JwtFilter - ? Loaded UserDetails: test@gmail.com | Authorities: [ROLE_USER]
2026-01-02 22:35:28 INFO  c.e.trainerintake.security.JwtFilter - ? Token validation result for test@gmail.com: true
2026-01-02 22:35:28 INFO  c.e.trainerintake.security.JwtFilter - ? Authentication set in SecurityContext for user: test@gmail.com
2026-01-02 22:36:35 INFO  c.e.trainerintake.security.JwtFilter - ?? Incoming request path: /programs/18
2026-01-02 22:36:35 DEBUG c.e.trainerintake.security.JwtFilter - ? Found Authorization header, token extracted
2026-01-02 22:36:35 INFO  c.e.trainerintake.security.JwtFilter - ? Username extracted from JWT: test@gmail.com
2026-01-02 22:36:35 DEBUG c.e.trainerintake.security.JwtFilter - ? Loading UserDetails for: test@gmail.com
2026-01-02 22:36:35 INFO  c.e.trainerintake.security.JwtFilter - ? Loaded UserDetails: test@gmail.com | Authorities: [ROLE_USER]
2026-01-02 22:36:35 INFO  c.e.trainerintake.security.JwtFilter - ? Token validation result for test@gmail.com: true
2026-01-02 22:36:35 INFO  c.e.trainerintake.security.JwtFilter - ? Authentication set in SecurityContext for user: test@gmail.com
2026-01-02 22:36:53 INFO  c.e.trainerintake.security.JwtFilter - ?? Incoming request path: /survey/questions
2026-01-02 22:36:53 DEBUG c.e.trainerintake.security.JwtFilter - ? Found Authorization header, token extracted
2026-01-02 22:36:53 INFO  c.e.trainerintake.security.JwtFilter - ? Username extracted from JWT: test@gmail.com
2026-01-02 22:36:53 DEBUG c.e.trainerintake.security.JwtFilter - ? Loading UserDetails for: test@gmail.com
2026-01-02 22:36:54 INFO  c.e.trainerintake.security.JwtFilter - ? Loaded UserDetails: test@gmail.com | Authorities: [ROLE_USER]
2026-01-02 22:36:54 INFO  c.e.trainerintake.security.JwtFilter - ? Token validation result for test@gmail.com: true
2026-01-02 22:36:54 INFO  c.e.trainerintake.security.JwtFilter - ? Authentication set in SecurityContext for user: test@gmail.com
2026-01-02 22:36:54 INFO  c.e.trainerintake.security.JwtFilter - ?? Incoming request path: /survey/questions
2026-01-02 22:36:54 DEBUG c.e.trainerintake.security.JwtFilter - ? Found Authorization header, token extracted
2026-01-02 22:36:54 INFO  c.e.trainerintake.security.JwtFilter - ? Username extracted from JWT: test@gmail.com
2026-01-02 22:36:54 DEBUG c.e.trainerintake.security.JwtFilter - ? Loading UserDetails for: test@gmail.com
2026-01-02 22:36:54 INFO  c.e.trainerintake.security.JwtFilter - ? Loaded UserDetails: test@gmail.com | Authorities: [ROLE_USER]
2026-01-02 22:36:54 INFO  c.e.trainerintake.security.JwtFilter - ? Token validation result for test@gmail.com: true
2026-01-02 22:36:54 INFO  c.e.trainerintake.security.JwtFilter - ? Authentication set in SecurityContext for user: test@gmail.com
2026-01-02 22:37:07 INFO  c.e.trainerintake.security.JwtFilter - ?? Incoming request path: /survey/submit
2026-01-02 22:37:07 DEBUG c.e.trainerintake.security.JwtFilter - ? Found Authorization header, token extracted
2026-01-02 22:37:07 INFO  c.e.trainerintake.security.JwtFilter - ? Username extracted from JWT: test@gmail.com
2026-01-02 22:37:07 DEBUG c.e.trainerintake.security.JwtFilter - ? Loading UserDetails for: test@gmail.com
2026-01-02 22:37:07 INFO  c.e.trainerintake.security.JwtFilter - ? Loaded UserDetails: test@gmail.com | Authorities: [ROLE_USER]
2026-01-02 22:37:07 INFO  c.e.trainerintake.security.JwtFilter - ? Token validation result for test@gmail.com: true
2026-01-02 22:37:07 INFO  c.e.trainerintake.security.JwtFilter - ? Authentication set in SecurityContext for user: test@gmail.com
2026-01-02 22:37:53 INFO  c.e.trainerintake.security.JwtFilter - ?? Incoming request path: /programs/me
2026-01-02 22:37:53 DEBUG c.e.trainerintake.security.JwtFilter - ? Found Authorization header, token extracted
2026-01-02 22:37:53 INFO  c.e.trainerintake.security.JwtFilter - ? Username extracted from JWT: test@gmail.com
2026-01-02 22:37:53 DEBUG c.e.trainerintake.security.JwtFilter - ? Loading UserDetails for: test@gmail.com
2026-01-02 22:37:53 INFO  c.e.trainerintake.security.JwtFilter - ? Loaded UserDetails: test@gmail.com | Authorities: [ROLE_USER]
2026-01-02 22:37:53 INFO  c.e.trainerintake.security.JwtFilter - ? Token validation result for test@gmail.com: true
2026-01-02 22:37:53 INFO  c.e.trainerintake.security.JwtFilter - ? Authentication set in SecurityContext for user: test@gmail.com
2026-01-02 22:37:53 INFO  c.e.trainerintake.security.JwtFilter - ?? Incoming request path: /programs/me
2026-01-02 22:37:53 DEBUG c.e.trainerintake.security.JwtFilter - ? Found Authorization header, token extracted
2026-01-02 22:37:53 INFO  c.e.trainerintake.security.JwtFilter - ? Username extracted from JWT: test@gmail.com
2026-01-02 22:37:53 DEBUG c.e.trainerintake.security.JwtFilter - ? Loading UserDetails for: test@gmail.com
2026-01-02 22:37:53 INFO  c.e.trainerintake.security.JwtFilter - ? Loaded UserDetails: test@gmail.com | Authorities: [ROLE_USER]
2026-01-02 22:37:53 INFO  c.e.trainerintake.security.JwtFilter - ? Token validation result for test@gmail.com: true
2026-01-02 22:37:53 INFO  c.e.trainerintake.security.JwtFilter - ? Authentication set in SecurityContext for user: test@gmail.com
2026-01-02 22:38:08 INFO  c.e.trainerintake.security.JwtFilter - ?? Incoming request path: /programs/1
2026-01-02 22:38:08 DEBUG c.e.trainerintake.security.JwtFilter - ? Found Authorization header, token extracted
2026-01-02 22:38:08 INFO  c.e.trainerintake.security.JwtFilter - ? Username extracted from JWT: test@gmail.com
2026-01-02 22:38:08 DEBUG c.e.trainerintake.security.JwtFilter - ? Loading UserDetails for: test@gmail.com
2026-01-02 22:38:08 INFO  c.e.trainerintake.security.JwtFilter - ? Loaded UserDetails: test@gmail.com | Authorities: [ROLE_USER]
2026-01-02 22:38:08 INFO  c.e.trainerintake.security.JwtFilter - ? Token validation result for test@gmail.com: true
2026-01-02 22:38:08 INFO  c.e.trainerintake.security.JwtFilter - ? Authentication set in SecurityContext for user: test@gmail.com
2026-01-02 22:38:09 INFO  c.e.trainerintake.security.JwtFilter - ?? Incoming request path: /programs/2
2026-01-02 22:38:09 DEBUG c.e.trainerintake.security.JwtFilter - ? Found Authorization header, token extracted
2026-01-02 22:38:09 INFO  c.e.trainerintake.security.JwtFilter - ? Username extracted from JWT: test@gmail.com
2026-01-02 22:38:09 DEBUG c.e.trainerintake.security.JwtFilter - ? Loading UserDetails for: test@gmail.com
2026-01-02 22:38:09 INFO  c.e.trainerintake.security.JwtFilter - ? Loaded UserDetails: test@gmail.com | Authorities: [ROLE_USER]
2026-01-02 22:38:09 INFO  c.e.trainerintake.security.JwtFilter - ? Token validation result for test@gmail.com: true
2026-01-02 22:38:09 INFO  c.e.trainerintake.security.JwtFilter - ? Authentication set in SecurityContext for user: test@gmail.com
2026-01-02 22:38:09 INFO  c.e.trainerintake.security.JwtFilter - ?? Incoming request path: /programs/3
2026-01-02 22:38:09 DEBUG c.e.trainerintake.security.JwtFilter - ? Found Authorization header, token extracted
2026-01-02 22:38:09 INFO  c.e.trainerintake.security.JwtFilter - ? Username extracted from JWT: test@gmail.com
2026-01-02 22:38:09 DEBUG c.e.trainerintake.security.JwtFilter - ? Loading UserDetails for: test@gmail.com
2026-01-02 22:38:09 INFO  c.e.trainerintake.security.JwtFilter - ? Loaded UserDetails: test@gmail.com | Authorities: [ROLE_USER]
2026-01-02 22:38:10 INFO  c.e.trainerintake.security.JwtFilter - ? Token validation result for test@gmail.com: true
2026-01-02 22:38:10 INFO  c.e.trainerintake.security.JwtFilter - ? Authentication set in SecurityContext for user: test@gmail.com
2026-01-02 22:38:10 INFO  c.e.trainerintake.security.JwtFilter - ?? Incoming request path: /programs/7
2026-01-02 22:38:10 DEBUG c.e.trainerintake.security.JwtFilter - ? Found Authorization header, token extracted
2026-01-02 22:38:10 INFO  c.e.trainerintake.security.JwtFilter - ? Username extracted from JWT: test@gmail.com
2026-01-02 22:38:10 DEBUG c.e.trainerintake.security.JwtFilter - ? Loading UserDetails for: test@gmail.com
2026-01-02 22:38:10 INFO  c.e.trainerintake.security.JwtFilter - ? Loaded UserDetails: test@gmail.com | Authorities: [ROLE_USER]
2026-01-02 22:38:10 INFO  c.e.trainerintake.security.JwtFilter - ? Token validation result for test@gmail.com: true
2026-01-02 22:38:10 INFO  c.e.trainerintake.security.JwtFilter - ? Authentication set in SecurityContext for user: test@gmail.com
2026-01-02 22:38:17 INFO  c.e.trainerintake.security.JwtFilter - ?? Incoming request path: /programs/19
2026-01-02 22:38:17 DEBUG c.e.trainerintake.security.JwtFilter - ? Found Authorization header, token extracted
2026-01-02 22:38:17 INFO  c.e.trainerintake.security.JwtFilter - ? Username extracted from JWT: test@gmail.com
2026-01-02 22:38:17 DEBUG c.e.trainerintake.security.JwtFilter - ? Loading UserDetails for: test@gmail.com
2026-01-02 22:38:17 INFO  c.e.trainerintake.security.JwtFilter - ? Loaded UserDetails: test@gmail.com | Authorities: [ROLE_USER]
2026-01-02 22:38:17 INFO  c.e.trainerintake.security.JwtFilter - ? Token validation result for test@gmail.com: true
2026-01-02 22:38:17 INFO  c.e.trainerintake.security.JwtFilter - ? Authentication set in SecurityContext for user: test@gmail.com
