2026-01-08 10:33:33 DEBUG c.e.trainerintake.security.JwtFilter - Filter 'jwtFilter' configured for use
2026-01-08 10:34:23 INFO  c.e.trainerintake.security.JwtFilter - ?? Incoming request path: /auth/register
2026-01-08 10:34:23 DEBUG c.e.trainerintake.security.JwtFilter - ?? Skipping JWT filter for path: /auth/register
2026-01-08 10:34:31 INFO  c.e.trainerintake.security.JwtFilter - ?? Incoming request path: /auth/login
2026-01-08 10:34:31 DEBUG c.e.trainerintake.security.JwtFilter - ?? Skipping JWT filter for path: /auth/login
2026-01-08 10:34:32 INFO  c.e.trainerintake.security.JwtFilter - ?? Incoming request path: /auth/me
2026-01-08 10:34:32 DEBUG c.e.trainerintake.security.JwtFilter - ? Found Authorization header, token extracted
2026-01-08 10:34:32 INFO  c.e.trainerintake.security.JwtFilter - ? Username extracted from JWT: deysh@gmail.com
2026-01-08 10:34:32 DEBUG c.e.trainerintake.security.JwtFilter - ? Loading UserDetails for: deysh@gmail.com
2026-01-08 10:34:33 INFO  c.e.trainerintake.security.JwtFilter - ? Loaded UserDetails: deysh@gmail.com | Authorities: [ROLE_USER]
2026-01-08 10:34:33 INFO  c.e.trainerintake.security.JwtFilter - ? Token validation result for deysh@gmail.com: true
2026-01-08 10:34:33 INFO  c.e.trainerintake.security.JwtFilter - ? Authentication set in SecurityContext for user: deysh@gmail.com
2026-01-08 10:34:33 INFO  c.e.trainerintake.security.JwtFilter - ?? Incoming request path: /auth/me
2026-01-08 10:34:33 DEBUG c.e.trainerintake.security.JwtFilter - ? Found Authorization header, token extracted
2026-01-08 10:34:33 INFO  c.e.trainerintake.security.JwtFilter - ? Username extracted from JWT: deysh@gmail.com
2026-01-08 10:34:33 DEBUG c.e.trainerintake.security.JwtFilter - ? Loading UserDetails for: deysh@gmail.com
2026-01-08 10:34:33 INFO  c.e.trainerintake.security.JwtFilter - ? Loaded UserDetails: deysh@gmail.com | Authorities: [ROLE_USER]
2026-01-08 10:34:33 INFO  c.e.trainerintake.security.JwtFilter - ? Token validation result for deysh@gmail.com: true
2026-01-08 10:34:33 INFO  c.e.trainerintake.security.JwtFilter - ? Authentication set in SecurityContext for user: deysh@gmail.com
2026-01-08 10:34:35 INFO  c.e.trainerintake.security.JwtFilter - ?? Incoming request path: /survey/questions
2026-01-08 10:34:35 DEBUG c.e.trainerintake.security.JwtFilter - ? Found Authorization header, token extracted
2026-01-08 10:34:35 INFO  c.e.trainerintake.security.JwtFilter - ? Username extracted from JWT: deysh@gmail.com
2026-01-08 10:34:35 DEBUG c.e.trainerintake.security.JwtFilter - ? Loading UserDetails for: deysh@gmail.com
2026-01-08 10:34:35 INFO  c.e.trainerintake.security.JwtFilter - ? Loaded UserDetails: deysh@gmail.com | Authorities: [ROLE_USER]
2026-01-08 10:34:35 INFO  c.e.trainerintake.security.JwtFilter - ? Token validation result for deysh@gmail.com: true
2026-01-08 10:34:35 INFO  c.e.trainerintake.security.JwtFilter - ? Authentication set in SecurityContext for user: deysh@gmail.com
2026-01-08 10:34:35 INFO  c.e.trainerintake.security.JwtFilter - ?? Incoming request path: /survey/questions
2026-01-08 10:34:35 DEBUG c.e.trainerintake.security.JwtFilter - ? Found Authorization header, token extracted
2026-01-08 10:34:35 INFO  c.e.trainerintake.security.JwtFilter - ? Username extracted from JWT: deysh@gmail.com
2026-01-08 10:34:35 DEBUG c.e.trainerintake.security.JwtFilter - ? Loading UserDetails for: deysh@gmail.com
2026-01-08 10:34:35 INFO  c.e.trainerintake.security.JwtFilter - ? Loaded UserDetails: deysh@gmail.com | Authorities: [ROLE_USER]
2026-01-08 10:34:35 INFO  c.e.trainerintake.security.JwtFilter - ? Token validation result for deysh@gmail.com: true
2026-01-08 10:34:35 INFO  c.e.trainerintake.security.JwtFilter - ? Authentication set in SecurityContext for user: deysh@gmail.com
2026-01-08 10:37:09 INFO  c.e.trainerintake.security.JwtFilter - ?? Incoming request path: /survey/submit
2026-01-08 10:37:09 DEBUG c.e.trainerintake.security.JwtFilter - ? Found Authorization header, token extracted
2026-01-08 10:37:09 INFO  c.e.trainerintake.security.JwtFilter - ? Username extracted from JWT: deysh@gmail.com
2026-01-08 10:37:09 DEBUG c.e.trainerintake.security.JwtFilter - ? Loading UserDetails for: deysh@gmail.com
2026-01-08 10:37:09 INFO  c.e.trainerintake.security.JwtFilter - ? Loaded UserDetails: deysh@gmail.com | Authorities: [ROLE_USER]
2026-01-08 10:37:09 INFO  c.e.trainerintake.security.JwtFilter - ? Token validation result for deysh@gmail.com: true
2026-01-08 10:37:09 INFO  c.e.trainerintake.security.JwtFilter - ? Authentication set in SecurityContext for user: deysh@gmail.com
2026-01-08 10:39:34 INFO  c.e.trainerintake.security.JwtFilter - ?? Incoming request path: /programs/me
2026-01-08 10:39:34 DEBUG c.e.trainerintake.security.JwtFilter - ? Found Authorization header, token extracted
2026-01-08 10:39:34 INFO  c.e.trainerintake.security.JwtFilter - ? Username extracted from JWT: deysh@gmail.com
2026-01-08 10:39:34 DEBUG c.e.trainerintake.security.JwtFilter - ? Loading UserDetails for: deysh@gmail.com
2026-01-08 10:39:34 INFO  c.e.trainerintake.security.JwtFilter - ? Loaded UserDetails: deysh@gmail.com | Authorities: [ROLE_USER]
2026-01-08 10:39:34 INFO  c.e.trainerintake.security.JwtFilter - ? Token validation result for deysh@gmail.com: true
2026-01-08 10:39:34 INFO  c.e.trainerintake.security.JwtFilter - ? Authentication set in SecurityContext for user: deysh@gmail.com
2026-01-08 10:39:34 INFO  c.e.trainerintake.security.JwtFilter - ?? Incoming request path: /programs/me
2026-01-08 10:39:34 DEBUG c.e.trainerintake.security.JwtFilter - ? Found Authorization header, token extracted
2026-01-08 10:39:34 INFO  c.e.trainerintake.security.JwtFilter - ? Username extracted from JWT: deysh@gmail.com
2026-01-08 10:39:34 DEBUG c.e.trainerintake.security.JwtFilter - ? Loading UserDetails for: deysh@gmail.com
2026-01-08 10:39:34 INFO  c.e.trainerintake.security.JwtFilter - ? Loaded UserDetails: deysh@gmail.com | Authorities: [ROLE_USER]
2026-01-08 10:39:34 INFO  c.e.trainerintake.security.JwtFilter - ? Token validation result for deysh@gmail.com: true
2026-01-08 10:39:34 INFO  c.e.trainerintake.security.JwtFilter - ? Authentication set in SecurityContext for user: deysh@gmail.com
2026-01-08 10:46:23 INFO  c.e.trainerintake.security.JwtFilter - ?? Incoming request path: /auth/me
2026-01-08 10:46:23 DEBUG c.e.trainerintake.security.JwtFilter - ? Found Authorization header, token extracted
2026-01-08 10:46:23 INFO  c.e.trainerintake.security.JwtFilter - ? Username extracted from JWT: deysh@gmail.com
2026-01-08 10:46:23 DEBUG c.e.trainerintake.security.JwtFilter - ? Loading UserDetails for: deysh@gmail.com
2026-01-08 10:46:23 INFO  c.e.trainerintake.security.JwtFilter - ? Loaded UserDetails: deysh@gmail.com | Authorities: [ROLE_USER]
2026-01-08 10:46:23 INFO  c.e.trainerintake.security.JwtFilter - ? Token validation result for deysh@gmail.com: true
2026-01-08 10:46:23 INFO  c.e.trainerintake.security.JwtFilter - ? Authentication set in SecurityContext for user: deysh@gmail.com
2026-01-08 10:46:23 INFO  c.e.trainerintake.security.JwtFilter - ?? Incoming request path: /auth/me
2026-01-08 10:46:23 DEBUG c.e.trainerintake.security.JwtFilter - ? Found Authorization header, token extracted
2026-01-08 10:46:23 INFO  c.e.trainerintake.security.JwtFilter - ? Username extracted from JWT: deysh@gmail.com
2026-01-08 10:46:23 DEBUG c.e.trainerintake.security.JwtFilter - ? Loading UserDetails for: deysh@gmail.com
2026-01-08 10:46:23 INFO  c.e.trainerintake.security.JwtFilter - ? Loaded UserDetails: deysh@gmail.com | Authorities: [ROLE_USER]
2026-01-08 10:46:23 INFO  c.e.trainerintake.security.JwtFilter - ? Token validation result for deysh@gmail.com: true
2026-01-08 10:46:23 INFO  c.e.trainerintake.security.JwtFilter - ? Authentication set in SecurityContext for user: deysh@gmail.com
2026-01-08 10:46:27 INFO  c.e.trainerintake.security.JwtFilter - ?? Incoming request path: /programs/me
2026-01-08 10:46:27 DEBUG c.e.trainerintake.security.JwtFilter - ? Found Authorization header, token extracted
2026-01-08 10:46:27 INFO  c.e.trainerintake.security.JwtFilter - ? Username extracted from JWT: deysh@gmail.com
2026-01-08 10:46:27 DEBUG c.e.trainerintake.security.JwtFilter - ? Loading UserDetails for: deysh@gmail.com
2026-01-08 10:46:27 INFO  c.e.trainerintake.security.JwtFilter - ? Loaded UserDetails: deysh@gmail.com | Authorities: [ROLE_USER]
2026-01-08 10:46:27 INFO  c.e.trainerintake.security.JwtFilter - ? Token validation result for deysh@gmail.com: true
2026-01-08 10:46:27 INFO  c.e.trainerintake.security.JwtFilter - ? Authentication set in SecurityContext for user: deysh@gmail.com
2026-01-08 10:46:28 INFO  c.e.trainerintake.security.JwtFilter - ?? Incoming request path: /programs/me
2026-01-08 10:46:28 DEBUG c.e.trainerintake.security.JwtFilter - ? Found Authorization header, token extracted
2026-01-08 10:46:28 INFO  c.e.trainerintake.security.JwtFilter - ? Username extracted from JWT: deysh@gmail.com
2026-01-08 10:46:28 DEBUG c.e.trainerintake.security.JwtFilter - ? Loading UserDetails for: deysh@gmail.com
2026-01-08 10:46:28 INFO  c.e.trainerintake.security.JwtFilter - ? Loaded UserDetails: deysh@gmail.com | Authorities: [ROLE_USER]
2026-01-08 10:46:28 INFO  c.e.trainerintake.security.JwtFilter - ? Token validation result for deysh@gmail.com: true
2026-01-08 10:46:28 INFO  c.e.trainerintake.security.JwtFilter - ? Authentication set in SecurityContext for user: deysh@gmail.com
2026-01-08 10:48:11 INFO  c.e.trainerintake.security.JwtFilter - ?? Incoming request path: /programs/me
2026-01-08 10:48:11 DEBUG c.e.trainerintake.security.JwtFilter - ? Found Authorization header, token extracted
2026-01-08 10:48:11 INFO  c.e.trainerintake.security.JwtFilter - ? Username extracted from JWT: deysh@gmail.com
2026-01-08 10:48:11 DEBUG c.e.trainerintake.security.JwtFilter - ? Loading UserDetails for: deysh@gmail.com
2026-01-08 10:48:11 INFO  c.e.trainerintake.security.JwtFilter - ? Loaded UserDetails: deysh@gmail.com | Authorities: [ROLE_USER]
2026-01-08 10:48:11 INFO  c.e.trainerintake.security.JwtFilter - ? Token validation result for deysh@gmail.com: true
2026-01-08 10:48:11 INFO  c.e.trainerintake.security.JwtFilter - ? Authentication set in SecurityContext for user: deysh@gmail.com
2026-01-08 10:48:17 INFO  c.e.trainerintake.security.JwtFilter - ?? Incoming request path: /auth/me
2026-01-08 10:48:17 INFO  c.e.trainerintake.security.JwtFilter - ?? Incoming request path: /programs/me
2026-01-08 10:48:17 DEBUG c.e.trainerintake.security.JwtFilter - ? Found Authorization header, token extracted
2026-01-08 10:48:17 DEBUG c.e.trainerintake.security.JwtFilter - ? Found Authorization header, token extracted
2026-01-08 10:48:17 INFO  c.e.trainerintake.security.JwtFilter - ? Username extracted from JWT: deysh@gmail.com
2026-01-08 10:48:17 INFO  c.e.trainerintake.security.JwtFilter - ? Username extracted from JWT: deysh@gmail.com
2026-01-08 10:48:17 DEBUG c.e.trainerintake.security.JwtFilter - ? Loading UserDetails for: deysh@gmail.com
2026-01-08 10:48:17 DEBUG c.e.trainerintake.security.JwtFilter - ? Loading UserDetails for: deysh@gmail.com
2026-01-08 10:48:17 INFO  c.e.trainerintake.security.JwtFilter - ? Loaded UserDetails: deysh@gmail.com | Authorities: [ROLE_USER]
2026-01-08 10:48:17 INFO  c.e.trainerintake.security.JwtFilter - ? Loaded UserDetails: deysh@gmail.com | Authorities: [ROLE_USER]
2026-01-08 10:48:17 INFO  c.e.trainerintake.security.JwtFilter - ? Token validation result for deysh@gmail.com: true
2026-01-08 10:48:17 INFO  c.e.trainerintake.security.JwtFilter - ? Authentication set in SecurityContext for user: deysh@gmail.com
2026-01-08 10:48:17 INFO  c.e.trainerintake.security.JwtFilter - ? Token validation result for deysh@gmail.com: true
2026-01-08 10:48:17 INFO  c.e.trainerintake.security.JwtFilter - ? Authentication set in SecurityContext for user: deysh@gmail.com
2026-01-08 10:48:17 INFO  c.e.trainerintake.security.JwtFilter - ?? Incoming request path: /auth/me
2026-01-08 10:48:17 DEBUG c.e.trainerintake.security.JwtFilter - ? Found Authorization header, token extracted
2026-01-08 10:48:17 INFO  c.e.trainerintake.security.JwtFilter - ? Username extracted from JWT: deysh@gmail.com
2026-01-08 10:48:17 DEBUG c.e.trainerintake.security.JwtFilter - ? Loading UserDetails for: deysh@gmail.com
2026-01-08 10:48:17 INFO  c.e.trainerintake.security.JwtFilter - ?? Incoming request path: /programs/me
2026-01-08 10:48:17 INFO  c.e.trainerintake.security.JwtFilter - ? Loaded UserDetails: deysh@gmail.com | Authorities: [ROLE_USER]
2026-01-08 10:48:17 DEBUG c.e.trainerintake.security.JwtFilter - ? Found Authorization header, token extracted
2026-01-08 10:48:17 INFO  c.e.trainerintake.security.JwtFilter - ? Username extracted from JWT: deysh@gmail.com
2026-01-08 10:48:17 DEBUG c.e.trainerintake.security.JwtFilter - ? Loading UserDetails for: deysh@gmail.com
2026-01-08 10:48:17 INFO  c.e.trainerintake.security.JwtFilter - ? Token validation result for deysh@gmail.com: true
2026-01-08 10:48:17 INFO  c.e.trainerintake.security.JwtFilter - ? Authentication set in SecurityContext for user: deysh@gmail.com
2026-01-08 10:48:17 INFO  c.e.trainerintake.security.JwtFilter - ? Loaded UserDetails: deysh@gmail.com | Authorities: [ROLE_USER]
2026-01-08 10:48:17 INFO  c.e.trainerintake.security.JwtFilter - ? Token validation result for deysh@gmail.com: true
2026-01-08 10:48:17 INFO  c.e.trainerintake.security.JwtFilter - ? Authentication set in SecurityContext for user: deysh@gmail.com
