2025-12-27 13:22:39 DEBUG c.e.trainerintake.security.JwtFilter - Filter 'jwtFilter' configured for use
2025-12-27 13:25:21 DEBUG c.e.trainerintake.security.JwtFilter - Filter 'jwtFilter' configured for use
2025-12-27 13:26:17 DEBUG c.e.trainerintake.security.JwtFilter - Filter 'jwtFilter' configured for use
2025-12-27 13:26:47 INFO  c.e.trainerintake.security.JwtFilter - ?? Incoming request path: /auth/login
2025-12-27 13:26:47 DEBUG c.e.trainerintake.security.JwtFilter - ?? Skipping JWT filter for path: /auth/login
2025-12-27 13:26:52 INFO  c.e.trainerintake.security.JwtFilter - ?? Incoming request path: /survey/questions
2025-12-27 13:26:52 DEBUG c.e.trainerintake.security.JwtFilter - ? Found Authorization header, token extracted
2025-12-27 13:26:52 INFO  c.e.trainerintake.security.JwtFilter - ? Username extracted from JWT: test@gmail.com
2025-12-27 13:26:52 DEBUG c.e.trainerintake.security.JwtFilter - ? Loading UserDetails for: test@gmail.com
2025-12-27 13:26:52 INFO  c.e.trainerintake.security.JwtFilter - ? Loaded UserDetails: test@gmail.com | Authorities: [USER]
2025-12-27 13:26:52 INFO  c.e.trainerintake.security.JwtFilter - ? Token validation result for test@gmail.com: true
2025-12-27 13:26:52 INFO  c.e.trainerintake.security.JwtFilter - ? Authentication set in SecurityContext for user: test@gmail.com
2025-12-27 13:26:52 INFO  c.e.trainerintake.security.JwtFilter - ?? Incoming request path: /survey/questions
2025-12-27 13:26:52 DEBUG c.e.trainerintake.security.JwtFilter - ? Found Authorization header, token extracted
2025-12-27 13:26:52 INFO  c.e.trainerintake.security.JwtFilter - ? Username extracted from JWT: test@gmail.com
2025-12-27 13:26:52 DEBUG c.e.trainerintake.security.JwtFilter - ? Loading UserDetails for: test@gmail.com
2025-12-27 13:26:52 INFO  c.e.trainerintake.security.JwtFilter - ? Loaded UserDetails: test@gmail.com | Authorities: [USER]
2025-12-27 13:26:52 INFO  c.e.trainerintake.security.JwtFilter - ? Token validation result for test@gmail.com: true
2025-12-27 13:26:52 INFO  c.e.trainerintake.security.JwtFilter - ? Authentication set in SecurityContext for user: test@gmail.com
2025-12-27 13:27:20 INFO  c.e.trainerintake.security.JwtFilter - ?? Incoming request path: /auth/register
2025-12-27 13:27:20 DEBUG c.e.trainerintake.security.JwtFilter - ?? Skipping JWT filter for path: /auth/register
2025-12-27 13:27:29 INFO  c.e.trainerintake.security.JwtFilter - ?? Incoming request path: /auth/login
2025-12-27 13:27:29 DEBUG c.e.trainerintake.security.JwtFilter - ?? Skipping JWT filter for path: /auth/login
2025-12-27 13:29:02 INFO  c.e.trainerintake.security.JwtFilter - ?? Incoming request path: /survey/questions
2025-12-27 13:29:02 DEBUG c.e.trainerintake.security.JwtFilter - ? Found Authorization header, token extracted
2025-12-27 13:29:02 INFO  c.e.trainerintake.security.JwtFilter - ? Username extracted from JWT: angd@gmail.com
2025-12-27 13:29:02 DEBUG c.e.trainerintake.security.JwtFilter - ? Loading UserDetails for: angd@gmail.com
2025-12-27 13:29:02 INFO  c.e.trainerintake.security.JwtFilter - ? Loaded UserDetails: angd@gmail.com | Authorities: [USER]
2025-12-27 13:29:02 INFO  c.e.trainerintake.security.JwtFilter - ? Token validation result for angd@gmail.com: true
2025-12-27 13:29:02 INFO  c.e.trainerintake.security.JwtFilter - ? Authentication set in SecurityContext for user: angd@gmail.com
2025-12-27 13:29:02 INFO  c.e.trainerintake.security.JwtFilter - ?? Incoming request path: /survey/questions
2025-12-27 13:29:02 DEBUG c.e.trainerintake.security.JwtFilter - ? Found Authorization header, token extracted
2025-12-27 13:29:02 INFO  c.e.trainerintake.security.JwtFilter - ? Username extracted from JWT: angd@gmail.com
2025-12-27 13:29:02 DEBUG c.e.trainerintake.security.JwtFilter - ? Loading UserDetails for: angd@gmail.com
2025-12-27 13:29:02 INFO  c.e.trainerintake.security.JwtFilter - ? Loaded UserDetails: angd@gmail.com | Authorities: [USER]
2025-12-27 13:29:02 INFO  c.e.trainerintake.security.JwtFilter - ? Token validation result for angd@gmail.com: true
2025-12-27 13:29:02 INFO  c.e.trainerintake.security.JwtFilter - ? Authentication set in SecurityContext for user: angd@gmail.com
2025-12-27 13:29:38 INFO  c.e.trainerintake.security.JwtFilter - ?? Incoming request path: /survey/submit
2025-12-27 13:29:38 DEBUG c.e.trainerintake.security.JwtFilter - ? Found Authorization header, token extracted
2025-12-27 13:29:38 INFO  c.e.trainerintake.security.JwtFilter - ? Username extracted from JWT: angd@gmail.com
2025-12-27 13:29:38 DEBUG c.e.trainerintake.security.JwtFilter - ? Loading UserDetails for: angd@gmail.com
2025-12-27 13:29:38 INFO  c.e.trainerintake.security.JwtFilter - ? Loaded UserDetails: angd@gmail.com | Authorities: [USER]
2025-12-27 13:29:38 INFO  c.e.trainerintake.security.JwtFilter - ? Token validation result for angd@gmail.com: true
2025-12-27 13:29:38 INFO  c.e.trainerintake.security.JwtFilter - ? Authentication set in SecurityContext for user: angd@gmail.com
2025-12-27 13:30:12 INFO  c.e.trainerintake.security.JwtFilter - ?? Incoming request path: /auth/login
2025-12-27 13:30:12 DEBUG c.e.trainerintake.security.JwtFilter - ?? Skipping JWT filter for path: /auth/login
2025-12-27 13:30:14 INFO  c.e.trainerintake.security.JwtFilter - ?? Incoming request path: /survey/questions
2025-12-27 13:30:14 DEBUG c.e.trainerintake.security.JwtFilter - ? Found Authorization header, token extracted
2025-12-27 13:30:14 INFO  c.e.trainerintake.security.JwtFilter - ? Username extracted from JWT: angd@gmail.com
2025-12-27 13:30:14 DEBUG c.e.trainerintake.security.JwtFilter - ? Loading UserDetails for: angd@gmail.com
2025-12-27 13:30:15 INFO  c.e.trainerintake.security.JwtFilter - ? Loaded UserDetails: angd@gmail.com | Authorities: [USER]
2025-12-27 13:30:15 INFO  c.e.trainerintake.security.JwtFilter - ? Token validation result for angd@gmail.com: true
2025-12-27 13:30:15 INFO  c.e.trainerintake.security.JwtFilter - ? Authentication set in SecurityContext for user: angd@gmail.com
2025-12-27 13:30:15 INFO  c.e.trainerintake.security.JwtFilter - ?? Incoming request path: /survey/questions
2025-12-27 13:30:15 DEBUG c.e.trainerintake.security.JwtFilter - ? Found Authorization header, token extracted
2025-12-27 13:30:15 INFO  c.e.trainerintake.security.JwtFilter - ? Username extracted from JWT: angd@gmail.com
2025-12-27 13:30:15 DEBUG c.e.trainerintake.security.JwtFilter - ? Loading UserDetails for: angd@gmail.com
2025-12-27 13:30:15 INFO  c.e.trainerintake.security.JwtFilter - ? Loaded UserDetails: angd@gmail.com | Authorities: [USER]
2025-12-27 13:30:15 INFO  c.e.trainerintake.security.JwtFilter - ? Token validation result for angd@gmail.com: true
2025-12-27 13:30:15 INFO  c.e.trainerintake.security.JwtFilter - ? Authentication set in SecurityContext for user: angd@gmail.com
2025-12-27 13:30:46 INFO  c.e.trainerintake.security.JwtFilter - ?? Incoming request path: /survey/submit
2025-12-27 13:30:46 DEBUG c.e.trainerintake.security.JwtFilter - ? Found Authorization header, token extracted
2025-12-27 13:30:46 INFO  c.e.trainerintake.security.JwtFilter - ? Username extracted from JWT: angd@gmail.com
2025-12-27 13:30:46 DEBUG c.e.trainerintake.security.JwtFilter - ? Loading UserDetails for: angd@gmail.com
2025-12-27 13:30:46 INFO  c.e.trainerintake.security.JwtFilter - ? Loaded UserDetails: angd@gmail.com | Authorities: [USER]
2025-12-27 13:30:46 INFO  c.e.trainerintake.security.JwtFilter - ? Token validation result for angd@gmail.com: true
2025-12-27 13:30:46 INFO  c.e.trainerintake.security.JwtFilter - ? Authentication set in SecurityContext for user: angd@gmail.com
2025-12-27 13:31:17 INFO  c.e.trainerintake.security.JwtFilter - ?? Incoming request path: /auth/login
2025-12-27 13:31:17 DEBUG c.e.trainerintake.security.JwtFilter - ?? Skipping JWT filter for path: /auth/login
2025-12-27 13:31:20 INFO  c.e.trainerintake.security.JwtFilter - ?? Incoming request path: /survey/questions
2025-12-27 13:31:20 DEBUG c.e.trainerintake.security.JwtFilter - ? Found Authorization header, token extracted
2025-12-27 13:31:20 INFO  c.e.trainerintake.security.JwtFilter - ? Username extracted from JWT: test@gmail.com
2025-12-27 13:31:20 DEBUG c.e.trainerintake.security.JwtFilter - ? Loading UserDetails for: test@gmail.com
2025-12-27 13:31:20 INFO  c.e.trainerintake.security.JwtFilter - ? Loaded UserDetails: test@gmail.com | Authorities: [USER]
2025-12-27 13:31:20 INFO  c.e.trainerintake.security.JwtFilter - ? Token validation result for test@gmail.com: true
2025-12-27 13:31:20 INFO  c.e.trainerintake.security.JwtFilter - ? Authentication set in SecurityContext for user: test@gmail.com
2025-12-27 13:31:20 INFO  c.e.trainerintake.security.JwtFilter - ?? Incoming request path: /survey/questions
2025-12-27 13:31:20 DEBUG c.e.trainerintake.security.JwtFilter - ? Found Authorization header, token extracted
2025-12-27 13:31:20 INFO  c.e.trainerintake.security.JwtFilter - ? Username extracted from JWT: test@gmail.com
2025-12-27 13:31:20 DEBUG c.e.trainerintake.security.JwtFilter - ? Loading UserDetails for: test@gmail.com
2025-12-27 13:31:20 INFO  c.e.trainerintake.security.JwtFilter - ? Loaded UserDetails: test@gmail.com | Authorities: [USER]
2025-12-27 13:31:20 INFO  c.e.trainerintake.security.JwtFilter - ? Token validation result for test@gmail.com: true
2025-12-27 13:31:20 INFO  c.e.trainerintake.security.JwtFilter - ? Authentication set in SecurityContext for user: test@gmail.com
2025-12-27 13:31:40 INFO  c.e.trainerintake.security.JwtFilter - ?? Incoming request path: /survey/submit
2025-12-27 13:31:40 DEBUG c.e.trainerintake.security.JwtFilter - ? Found Authorization header, token extracted
2025-12-27 13:31:40 INFO  c.e.trainerintake.security.JwtFilter - ? Username extracted from JWT: test@gmail.com
2025-12-27 13:31:40 DEBUG c.e.trainerintake.security.JwtFilter - ? Loading UserDetails for: test@gmail.com
2025-12-27 13:31:40 INFO  c.e.trainerintake.security.JwtFilter - ? Loaded UserDetails: test@gmail.com | Authorities: [USER]
2025-12-27 13:31:40 INFO  c.e.trainerintake.security.JwtFilter - ? Token validation result for test@gmail.com: true
2025-12-27 13:31:40 INFO  c.e.trainerintake.security.JwtFilter - ? Authentication set in SecurityContext for user: test@gmail.com
2025-12-27 13:39:31 DEBUG c.e.trainerintake.security.JwtFilter - Filter 'jwtFilter' configured for use
2025-12-27 13:39:34 INFO  c.e.trainerintake.security.JwtFilter - ?? Incoming request path: /auth/login
2025-12-27 13:39:34 DEBUG c.e.trainerintake.security.JwtFilter - ?? Skipping JWT filter for path: /auth/login
2025-12-27 13:39:37 INFO  c.e.trainerintake.security.JwtFilter - ?? Incoming request path: /survey/questions
2025-12-27 13:39:37 DEBUG c.e.trainerintake.security.JwtFilter - ? Found Authorization header, token extracted
2025-12-27 13:39:37 INFO  c.e.trainerintake.security.JwtFilter - ? Username extracted from JWT: test@gmail.com
2025-12-27 13:39:37 DEBUG c.e.trainerintake.security.JwtFilter - ? Loading UserDetails for: test@gmail.com
2025-12-27 13:39:37 INFO  c.e.trainerintake.security.JwtFilter - ? Loaded UserDetails: test@gmail.com | Authorities: [USER]
2025-12-27 13:39:37 INFO  c.e.trainerintake.security.JwtFilter - ? Token validation result for test@gmail.com: true
2025-12-27 13:39:37 INFO  c.e.trainerintake.security.JwtFilter - ? Authentication set in SecurityContext for user: test@gmail.com
2025-12-27 13:39:37 INFO  c.e.trainerintake.security.JwtFilter - ?? Incoming request path: /survey/questions
2025-12-27 13:39:37 DEBUG c.e.trainerintake.security.JwtFilter - ? Found Authorization header, token extracted
2025-12-27 13:39:37 INFO  c.e.trainerintake.security.JwtFilter - ? Username extracted from JWT: test@gmail.com
2025-12-27 13:39:37 DEBUG c.e.trainerintake.security.JwtFilter - ? Loading UserDetails for: test@gmail.com
2025-12-27 13:39:37 INFO  c.e.trainerintake.security.JwtFilter - ? Loaded UserDetails: test@gmail.com | Authorities: [USER]
2025-12-27 13:39:37 INFO  c.e.trainerintake.security.JwtFilter - ? Token validation result for test@gmail.com: true
2025-12-27 13:39:37 INFO  c.e.trainerintake.security.JwtFilter - ? Authentication set in SecurityContext for user: test@gmail.com
2025-12-27 13:39:55 INFO  c.e.trainerintake.security.JwtFilter - ?? Incoming request path: /survey/submit
2025-12-27 13:39:55 DEBUG c.e.trainerintake.security.JwtFilter - ? Found Authorization header, token extracted
2025-12-27 13:39:55 INFO  c.e.trainerintake.security.JwtFilter - ? Username extracted from JWT: test@gmail.com
2025-12-27 13:39:55 DEBUG c.e.trainerintake.security.JwtFilter - ? Loading UserDetails for: test@gmail.com
2025-12-27 13:39:55 INFO  c.e.trainerintake.security.JwtFilter - ? Loaded UserDetails: test@gmail.com | Authorities: [USER]
2025-12-27 13:39:55 INFO  c.e.trainerintake.security.JwtFilter - ? Token validation result for test@gmail.com: true
2025-12-27 13:39:55 INFO  c.e.trainerintake.security.JwtFilter - ? Authentication set in SecurityContext for user: test@gmail.com
2025-12-27 13:42:59 DEBUG c.e.trainerintake.security.JwtFilter - Filter 'jwtFilter' configured for use
2025-12-27 13:43:15 INFO  c.e.trainerintake.security.JwtFilter - ?? Incoming request path: /auth/login
2025-12-27 13:43:15 DEBUG c.e.trainerintake.security.JwtFilter - ?? Skipping JWT filter for path: /auth/login
2025-12-27 13:43:21 INFO  c.e.trainerintake.security.JwtFilter - ?? Incoming request path: /survey/questions
2025-12-27 13:43:21 DEBUG c.e.trainerintake.security.JwtFilter - ? Found Authorization header, token extracted
2025-12-27 13:43:21 INFO  c.e.trainerintake.security.JwtFilter - ? Username extracted from JWT: test@gmail.com
2025-12-27 13:43:21 DEBUG c.e.trainerintake.security.JwtFilter - ? Loading UserDetails for: test@gmail.com
2025-12-27 13:43:21 INFO  c.e.trainerintake.security.JwtFilter - ? Loaded UserDetails: test@gmail.com | Authorities: [USER]
2025-12-27 13:43:21 INFO  c.e.trainerintake.security.JwtFilter - ? Token validation result for test@gmail.com: true
2025-12-27 13:43:21 INFO  c.e.trainerintake.security.JwtFilter - ? Authentication set in SecurityContext for user: test@gmail.com
2025-12-27 13:43:21 INFO  c.e.trainerintake.security.JwtFilter - ?? Incoming request path: /survey/questions
2025-12-27 13:43:21 DEBUG c.e.trainerintake.security.JwtFilter - ? Found Authorization header, token extracted
2025-12-27 13:43:21 INFO  c.e.trainerintake.security.JwtFilter - ? Username extracted from JWT: test@gmail.com
2025-12-27 13:43:21 DEBUG c.e.trainerintake.security.JwtFilter - ? Loading UserDetails for: test@gmail.com
2025-12-27 13:43:21 INFO  c.e.trainerintake.security.JwtFilter - ? Loaded UserDetails: test@gmail.com | Authorities: [USER]
2025-12-27 13:43:21 INFO  c.e.trainerintake.security.JwtFilter - ? Token validation result for test@gmail.com: true
2025-12-27 13:43:21 INFO  c.e.trainerintake.security.JwtFilter - ? Authentication set in SecurityContext for user: test@gmail.com
2025-12-27 13:43:44 INFO  c.e.trainerintake.security.JwtFilter - ?? Incoming request path: /survey/submit
2025-12-27 13:43:44 DEBUG c.e.trainerintake.security.JwtFilter - ? Found Authorization header, token extracted
2025-12-27 13:43:44 INFO  c.e.trainerintake.security.JwtFilter - ? Username extracted from JWT: test@gmail.com
2025-12-27 13:43:44 DEBUG c.e.trainerintake.security.JwtFilter - ? Loading UserDetails for: test@gmail.com
2025-12-27 13:43:44 INFO  c.e.trainerintake.security.JwtFilter - ? Loaded UserDetails: test@gmail.com | Authorities: [USER]
2025-12-27 13:43:44 INFO  c.e.trainerintake.security.JwtFilter - ? Token validation result for test@gmail.com: true
2025-12-27 13:43:44 INFO  c.e.trainerintake.security.JwtFilter - ? Authentication set in SecurityContext for user: test@gmail.com
2025-12-27 13:44:05 INFO  c.e.trainerintake.security.JwtFilter - ?? Incoming request path: /auth/login
2025-12-27 13:44:05 DEBUG c.e.trainerintake.security.JwtFilter - ?? Skipping JWT filter for path: /auth/login
2025-12-27 13:44:07 INFO  c.e.trainerintake.security.JwtFilter - ?? Incoming request path: /survey/questions
2025-12-27 13:44:07 DEBUG c.e.trainerintake.security.JwtFilter - ? Found Authorization header, token extracted
2025-12-27 13:44:07 INFO  c.e.trainerintake.security.JwtFilter - ? Username extracted from JWT: angd@gmail.com
2025-12-27 13:44:07 DEBUG c.e.trainerintake.security.JwtFilter - ? Loading UserDetails for: angd@gmail.com
2025-12-27 13:44:07 INFO  c.e.trainerintake.security.JwtFilter - ? Loaded UserDetails: angd@gmail.com | Authorities: [USER]
2025-12-27 13:44:07 INFO  c.e.trainerintake.security.JwtFilter - ? Token validation result for angd@gmail.com: true
2025-12-27 13:44:07 INFO  c.e.trainerintake.security.JwtFilter - ? Authentication set in SecurityContext for user: angd@gmail.com
2025-12-27 13:44:07 INFO  c.e.trainerintake.security.JwtFilter - ?? Incoming request path: /survey/questions
2025-12-27 13:44:07 DEBUG c.e.trainerintake.security.JwtFilter - ? Found Authorization header, token extracted
2025-12-27 13:44:07 INFO  c.e.trainerintake.security.JwtFilter - ? Username extracted from JWT: angd@gmail.com
2025-12-27 13:44:07 DEBUG c.e.trainerintake.security.JwtFilter - ? Loading UserDetails for: angd@gmail.com
2025-12-27 13:44:07 INFO  c.e.trainerintake.security.JwtFilter - ? Loaded UserDetails: angd@gmail.com | Authorities: [USER]
2025-12-27 13:44:07 INFO  c.e.trainerintake.security.JwtFilter - ? Token validation result for angd@gmail.com: true
2025-12-27 13:44:07 INFO  c.e.trainerintake.security.JwtFilter - ? Authentication set in SecurityContext for user: angd@gmail.com
2025-12-27 13:44:25 INFO  c.e.trainerintake.security.JwtFilter - ?? Incoming request path: /survey/submit
2025-12-27 13:44:25 DEBUG c.e.trainerintake.security.JwtFilter - ? Found Authorization header, token extracted
2025-12-27 13:44:25 INFO  c.e.trainerintake.security.JwtFilter - ? Username extracted from JWT: angd@gmail.com
2025-12-27 13:44:25 DEBUG c.e.trainerintake.security.JwtFilter - ? Loading UserDetails for: angd@gmail.com
2025-12-27 13:44:25 INFO  c.e.trainerintake.security.JwtFilter - ? Loaded UserDetails: angd@gmail.com | Authorities: [USER]
2025-12-27 13:44:25 INFO  c.e.trainerintake.security.JwtFilter - ? Token validation result for angd@gmail.com: true
2025-12-27 13:44:25 INFO  c.e.trainerintake.security.JwtFilter - ? Authentication set in SecurityContext for user: angd@gmail.com
2025-12-27 13:44:46 INFO  c.e.trainerintake.security.JwtFilter - ?? Incoming request path: /survey/questions
2025-12-27 13:44:46 DEBUG c.e.trainerintake.security.JwtFilter - ? Found Authorization header, token extracted
2025-12-27 13:44:46 INFO  c.e.trainerintake.security.JwtFilter - ? Username extracted from JWT: angd@gmail.com
2025-12-27 13:44:46 DEBUG c.e.trainerintake.security.JwtFilter - ? Loading UserDetails for: angd@gmail.com
2025-12-27 13:44:46 INFO  c.e.trainerintake.security.JwtFilter - ? Loaded UserDetails: angd@gmail.com | Authorities: [USER]
2025-12-27 13:44:46 INFO  c.e.trainerintake.security.JwtFilter - ? Token validation result for angd@gmail.com: true
2025-12-27 13:44:46 INFO  c.e.trainerintake.security.JwtFilter - ? Authentication set in SecurityContext for user: angd@gmail.com
2025-12-27 13:44:46 INFO  c.e.trainerintake.security.JwtFilter - ?? Incoming request path: /survey/questions
2025-12-27 13:44:46 DEBUG c.e.trainerintake.security.JwtFilter - ? Found Authorization header, token extracted
2025-12-27 13:44:46 INFO  c.e.trainerintake.security.JwtFilter - ? Username extracted from JWT: angd@gmail.com
2025-12-27 13:44:46 DEBUG c.e.trainerintake.security.JwtFilter - ? Loading UserDetails for: angd@gmail.com
2025-12-27 13:44:46 INFO  c.e.trainerintake.security.JwtFilter - ? Loaded UserDetails: angd@gmail.com | Authorities: [USER]
2025-12-27 13:44:46 INFO  c.e.trainerintake.security.JwtFilter - ? Token validation result for angd@gmail.com: true
2025-12-27 13:44:46 INFO  c.e.trainerintake.security.JwtFilter - ? Authentication set in SecurityContext for user: angd@gmail.com
2025-12-27 13:45:03 INFO  c.e.trainerintake.security.JwtFilter - ?? Incoming request path: /survey/submit
2025-12-27 13:45:03 DEBUG c.e.trainerintake.security.JwtFilter - ? Found Authorization header, token extracted
2025-12-27 13:45:03 INFO  c.e.trainerintake.security.JwtFilter - ? Username extracted from JWT: angd@gmail.com
2025-12-27 13:45:03 DEBUG c.e.trainerintake.security.JwtFilter - ? Loading UserDetails for: angd@gmail.com
2025-12-27 13:45:03 INFO  c.e.trainerintake.security.JwtFilter - ? Loaded UserDetails: angd@gmail.com | Authorities: [USER]
2025-12-27 13:45:03 INFO  c.e.trainerintake.security.JwtFilter - ? Token validation result for angd@gmail.com: true
2025-12-27 13:45:03 INFO  c.e.trainerintake.security.JwtFilter - ? Authentication set in SecurityContext for user: angd@gmail.com
2025-12-27 13:46:05 INFO  c.e.trainerintake.security.JwtFilter - ?? Incoming request path: /programs/me
2025-12-27 13:46:05 DEBUG c.e.trainerintake.security.JwtFilter - ? Found Authorization header, token extracted
2025-12-27 13:46:05 INFO  c.e.trainerintake.security.JwtFilter - ? Username extracted from JWT: angd@gmail.com
2025-12-27 13:46:05 DEBUG c.e.trainerintake.security.JwtFilter - ? Loading UserDetails for: angd@gmail.com
2025-12-27 13:46:05 INFO  c.e.trainerintake.security.JwtFilter - ? Loaded UserDetails: angd@gmail.com | Authorities: [USER]
2025-12-27 13:46:05 INFO  c.e.trainerintake.security.JwtFilter - ? Token validation result for angd@gmail.com: true
2025-12-27 13:46:05 INFO  c.e.trainerintake.security.JwtFilter - ? Authentication set in SecurityContext for user: angd@gmail.com
2025-12-27 13:46:05 INFO  c.e.trainerintake.security.JwtFilter - ?? Incoming request path: /programs/me
2025-12-27 13:46:06 DEBUG c.e.trainerintake.security.JwtFilter - ? Found Authorization header, token extracted
2025-12-27 13:46:06 INFO  c.e.trainerintake.security.JwtFilter - ? Username extracted from JWT: angd@gmail.com
2025-12-27 13:46:06 DEBUG c.e.trainerintake.security.JwtFilter - ? Loading UserDetails for: angd@gmail.com
2025-12-27 13:46:06 INFO  c.e.trainerintake.security.JwtFilter - ? Loaded UserDetails: angd@gmail.com | Authorities: [USER]
2025-12-27 13:46:06 INFO  c.e.trainerintake.security.JwtFilter - ? Token validation result for angd@gmail.com: true
2025-12-27 13:46:06 INFO  c.e.trainerintake.security.JwtFilter - ? Authentication set in SecurityContext for user: angd@gmail.com
